ARM GAS  C:\Users\chascha\AppData\Local\Temp\ccEJ5bWd.s 			page 1


   1              		.syntax unified
   2              		.cpu cortex-m3
   3              		.fpu softvfp
   4              		.eabi_attribute 20, 1
   5              		.eabi_attribute 21, 1
   6              		.eabi_attribute 23, 3
   7              		.eabi_attribute 24, 1
   8              		.eabi_attribute 25, 1
   9              		.eabi_attribute 26, 1
  10              		.eabi_attribute 30, 1
  11              		.eabi_attribute 34, 1
  12              		.eabi_attribute 18, 4
  13              		.thumb
  14              		.syntax unified
  15              		.file	"cymetadata.c"
  16              		.text
  17              	.Ltext0:
  18              		.cfi_sections	.debug_frame
  19              		.global	cy_metadata
  20              		.global	cy_meta_flashprotect
  21              		.global	cy_meta_wonvl
  22              		.global	cy_meta_custnvl
  23              		.global	cy_meta_configecc
  24              		.section	.cyconfigecc,"a",%progbits
  25              		.align	2
  26              		.type	cy_meta_configecc, %object
  27              		.size	cy_meta_configecc, 1444
  28              	cy_meta_configecc:
  29 0000 02       		.byte	2
  30 0001 45       		.byte	69
  31 0002 00       		.byte	0
  32 0003 40       		.byte	64
  33 0004 02       		.byte	2
  34 0005 4F       		.byte	79
  35 0006 00       		.byte	0
  36 0007 40       		.byte	64
  37 0008 01       		.byte	1
  38 0009 64       		.byte	100
  39 000a 00       		.byte	0
  40 000b 40       		.byte	64
  41 000c 02       		.byte	2
  42 000d 65       		.byte	101
  43 000e 00       		.byte	0
  44 000f 40       		.byte	64
  45 0010 01       		.byte	1
  46 0011 03       		.byte	3
  47 0012 01       		.byte	1
  48 0013 40       		.byte	64
  49 0014 05       		.byte	5
  50 0015 05       		.byte	5
  51 0016 01       		.byte	1
  52 0017 40       		.byte	64
  53 0018 29       		.byte	41
  54 0019 06       		.byte	6
  55 001a 01       		.byte	1
  56 001b 40       		.byte	64
  57 001c 21       		.byte	33
ARM GAS  C:\Users\chascha\AppData\Local\Temp\ccEJ5bWd.s 			page 2


  58 001d 07       		.byte	7
  59 001e 01       		.byte	1
  60 001f 40       		.byte	64
  61 0020 56       		.byte	86
  62 0021 08       		.byte	8
  63 0022 01       		.byte	1
  64 0023 40       		.byte	64
  65 0024 36       		.byte	54
  66 0025 09       		.byte	9
  67 0026 01       		.byte	1
  68 0027 40       		.byte	64
  69 0028 04       		.byte	4
  70 0029 0A       		.byte	10
  71 002a 01       		.byte	1
  72 002b 40       		.byte	64
  73 002c 03       		.byte	3
  74 002d 0B       		.byte	11
  75 002e 01       		.byte	1
  76 002f 40       		.byte	64
  77 0030 04       		.byte	4
  78 0031 15       		.byte	21
  79 0032 01       		.byte	1
  80 0033 40       		.byte	64
  81 0034 0B       		.byte	11
  82 0035 17       		.byte	23
  83 0036 01       		.byte	1
  84 0037 40       		.byte	64
  85 0038 48       		.byte	72
  86 0039 18       		.byte	24
  87 003a 01       		.byte	1
  88 003b 40       		.byte	64
  89 003c 42       		.byte	66
  90 003d 19       		.byte	25
  91 003e 01       		.byte	1
  92 003f 40       		.byte	64
  93 0040 09       		.byte	9
  94 0041 1A       		.byte	26
  95 0042 01       		.byte	1
  96 0043 40       		.byte	64
  97 0044 44       		.byte	68
  98 0045 1B       		.byte	27
  99 0046 01       		.byte	1
 100 0047 40       		.byte	64
 101 0048 06       		.byte	6
 102 0049 40       		.byte	64
 103 004a 01       		.byte	1
 104 004b 40       		.byte	64
 105 004c 0B       		.byte	11
 106 004d 41       		.byte	65
 107 004e 01       		.byte	1
 108 004f 40       		.byte	64
 109 0050 0D       		.byte	13
 110 0051 42       		.byte	66
 111 0052 01       		.byte	1
 112 0053 40       		.byte	64
 113 0054 08       		.byte	8
 114 0055 43       		.byte	67
ARM GAS  C:\Users\chascha\AppData\Local\Temp\ccEJ5bWd.s 			page 3


 115 0056 01       		.byte	1
 116 0057 40       		.byte	64
 117 0058 02       		.byte	2
 118 0059 45       		.byte	69
 119 005a 01       		.byte	1
 120 005b 40       		.byte	64
 121 005c 02       		.byte	2
 122 005d 46       		.byte	70
 123 005e 01       		.byte	1
 124 005f 40       		.byte	64
 125 0060 0C       		.byte	12
 126 0061 48       		.byte	72
 127 0062 01       		.byte	1
 128 0063 40       		.byte	64
 129 0064 17       		.byte	23
 130 0065 49       		.byte	73
 131 0066 01       		.byte	1
 132 0067 40       		.byte	64
 133 0068 09       		.byte	9
 134 0069 4C       		.byte	76
 135 006a 01       		.byte	1
 136 006b 40       		.byte	64
 137 006c 0E       		.byte	14
 138 006d 4D       		.byte	77
 139 006e 01       		.byte	1
 140 006f 40       		.byte	64
 141 0070 05       		.byte	5
 142 0071 50       		.byte	80
 143 0072 01       		.byte	1
 144 0073 40       		.byte	64
 145 0074 03       		.byte	3
 146 0075 51       		.byte	81
 147 0076 01       		.byte	1
 148 0077 40       		.byte	64
 149 0078 0D       		.byte	13
 150 0079 01       		.byte	1
 151 007a 0E       		.byte	14
 152 007b 01       		.byte	1
 153 007c 01       		.byte	1
 154 007d 20       		.byte	32
 155 007e 0A       		.byte	10
 156 007f 4B       		.byte	75
 157 0080 88       		.byte	-120
 158 0081 0F       		.byte	15
 159 0082 89       		.byte	-119
 160 0083 38       		.byte	56
 161 0084 8A       		.byte	-118
 162 0085 72       		.byte	114
 163 0086 85       		.byte	-123
 164 0087 80       		.byte	-128
 165 0088 89       		.byte	-119
 166 0089 40       		.byte	64
 167 008a 91       		.byte	-111
 168 008b 11       		.byte	17
 169 008c 9D       		.byte	-99
 170 008d 80       		.byte	-128
 171 008e AD       		.byte	-83
ARM GAS  C:\Users\chascha\AppData\Local\Temp\ccEJ5bWd.s 			page 4


 172 008f 11       		.byte	17
 173 0090 E2       		.byte	-30
 174 0091 80       		.byte	-128
 175 0092 02       		.byte	2
 176 0093 08       		.byte	8
 177 0094 0A       		.byte	10
 178 0095 04       		.byte	4
 179 0096 0E       		.byte	14
 180 0097 02       		.byte	2
 181 0098 16       		.byte	22
 182 0099 01       		.byte	1
 183 009a 24       		.byte	36
 184 009b 08       		.byte	8
 185 009c 28       		.byte	40
 186 009d 01       		.byte	1
 187 009e 2B       		.byte	43
 188 009f 01       		.byte	1
 189 00a0 2F       		.byte	47
 190 00a1 02       		.byte	2
 191 00a2 30       		.byte	48
 192 00a3 02       		.byte	2
 193 00a4 32       		.byte	50
 194 00a5 04       		.byte	4
 195 00a6 33       		.byte	51
 196 00a7 01       		.byte	1
 197 00a8 34       		.byte	52
 198 00a9 01       		.byte	1
 199 00aa 35       		.byte	53
 200 00ab 02       		.byte	2
 201 00ac 36       		.byte	54
 202 00ad 08       		.byte	8
 203 00ae 58       		.byte	88
 204 00af 04       		.byte	4
 205 00b0 59       		.byte	89
 206 00b1 04       		.byte	4
 207 00b2 5C       		.byte	92
 208 00b3 11       		.byte	17
 209 00b4 5F       		.byte	95
 210 00b5 01       		.byte	1
 211 00b6 82       		.byte	-126
 212 00b7 04       		.byte	4
 213 00b8 83       		.byte	-125
 214 00b9 08       		.byte	8
 215 00ba 8A       		.byte	-118
 216 00bb 01       		.byte	1
 217 00bc 8B       		.byte	-117
 218 00bd 01       		.byte	1
 219 00be 92       		.byte	-110
 220 00bf 08       		.byte	8
 221 00c0 9C       		.byte	-100
 222 00c1 01       		.byte	1
 223 00c2 A3       		.byte	-93
 224 00c3 02       		.byte	2
 225 00c4 A4       		.byte	-92
 226 00c5 08       		.byte	8
 227 00c6 A9       		.byte	-87
 228 00c7 02       		.byte	2
ARM GAS  C:\Users\chascha\AppData\Local\Temp\ccEJ5bWd.s 			page 5


 229 00c8 AA       		.byte	-86
 230 00c9 02       		.byte	2
 231 00ca AF       		.byte	-81
 232 00cb 04       		.byte	4
 233 00cc B0       		.byte	-80
 234 00cd 02       		.byte	2
 235 00ce B1       		.byte	-79
 236 00cf 02       		.byte	2
 237 00d0 B2       		.byte	-78
 238 00d1 08       		.byte	8
 239 00d2 B3       		.byte	-77
 240 00d3 08       		.byte	8
 241 00d4 B4       		.byte	-76
 242 00d5 04       		.byte	4
 243 00d6 B5       		.byte	-75
 244 00d7 04       		.byte	4
 245 00d8 B6       		.byte	-74
 246 00d9 01       		.byte	1
 247 00da B7       		.byte	-73
 248 00db 01       		.byte	1
 249 00dc D8       		.byte	-40
 250 00dd 04       		.byte	4
 251 00de D9       		.byte	-39
 252 00df 04       		.byte	4
 253 00e0 DC       		.byte	-36
 254 00e1 11       		.byte	17
 255 00e2 DF       		.byte	-33
 256 00e3 01       		.byte	1
 257 00e4 00       		.byte	0
 258 00e5 10       		.byte	16
 259 00e6 01       		.byte	1
 260 00e7 02       		.byte	2
 261 00e8 06       		.byte	6
 262 00e9 82       		.byte	-126
 263 00ea 07       		.byte	7
 264 00eb 08       		.byte	8
 265 00ec 08       		.byte	8
 266 00ed 01       		.byte	1
 267 00ee 09       		.byte	9
 268 00ef 80       		.byte	-128
 269 00f0 0D       		.byte	13
 270 00f1 08       		.byte	8
 271 00f2 11       		.byte	17
 272 00f3 10       		.byte	16
 273 00f4 12       		.byte	18
 274 00f5 20       		.byte	32
 275 00f6 17       		.byte	23
 276 00f7 14       		.byte	20
 277 00f8 19       		.byte	25
 278 00f9 A2       		.byte	-94
 279 00fa 1B       		.byte	27
 280 00fb 04       		.byte	4
 281 00fc 1D       		.byte	29
 282 00fd 48       		.byte	72
 283 00fe 1F       		.byte	31
 284 00ff 26       		.byte	38
 285 0100 20       		.byte	32
ARM GAS  C:\Users\chascha\AppData\Local\Temp\ccEJ5bWd.s 			page 6


 286 0101 50       		.byte	80
 287 0102 21       		.byte	33
 288 0103 80       		.byte	-128
 289 0104 22       		.byte	34
 290 0105 20       		.byte	32
 291 0106 27       		.byte	39
 292 0107 14       		.byte	20
 293 0108 28       		.byte	40
 294 0109 01       		.byte	1
 295 010a 29       		.byte	41
 296 010b 22       		.byte	34
 297 010c 2E       		.byte	46
 298 010d 80       		.byte	-128
 299 010e 2F       		.byte	47
 300 010f 06       		.byte	6
 301 0110 38       		.byte	56
 302 0111 10       		.byte	16
 303 0112 39       		.byte	57
 304 0113 01       		.byte	1
 305 0114 83       		.byte	-125
 306 0115 04       		.byte	4
 307 0116 91       		.byte	-111
 308 0117 11       		.byte	17
 309 0118 9D       		.byte	-99
 310 0119 C0       		.byte	-64
 311 011a C0       		.byte	-64
 312 011b DA       		.byte	-38
 313 011c C2       		.byte	-62
 314 011d 29       		.byte	41
 315 011e C4       		.byte	-60
 316 011f 66       		.byte	102
 317 0120 CA       		.byte	-54
 318 0121 3D       		.byte	61
 319 0122 CE       		.byte	-50
 320 0123 05       		.byte	5
 321 0124 EE       		.byte	-18
 322 0125 08       		.byte	8
 323 0126 00       		.byte	0
 324 0127 20       		.byte	32
 325 0128 04       		.byte	4
 326 0129 0C       		.byte	12
 327 012a 06       		.byte	6
 328 012b 11       		.byte	17
 329 012c 08       		.byte	8
 330 012d 09       		.byte	9
 331 012e 0A       		.byte	10
 332 012f 10       		.byte	16
 333 0130 0F       		.byte	15
 334 0131 01       		.byte	1
 335 0132 12       		.byte	18
 336 0133 03       		.byte	3
 337 0134 13       		.byte	19
 338 0135 02       		.byte	2
 339 0136 14       		.byte	20
 340 0137 10       		.byte	16
 341 0138 19       		.byte	25
 342 0139 01       		.byte	1
ARM GAS  C:\Users\chascha\AppData\Local\Temp\ccEJ5bWd.s 			page 7


 343 013a 1C       		.byte	28
 344 013b 10       		.byte	16
 345 013c 1E       		.byte	30
 346 013d 0C       		.byte	12
 347 013e 20       		.byte	32
 348 013f 1C       		.byte	28
 349 0140 21       		.byte	33
 350 0141 01       		.byte	1
 351 0142 22       		.byte	34
 352 0143 02       		.byte	2
 353 0144 28       		.byte	40
 354 0145 14       		.byte	20
 355 0146 2B       		.byte	43
 356 0147 01       		.byte	1
 357 0148 2F       		.byte	47
 358 0149 01       		.byte	1
 359 014a 30       		.byte	48
 360 014b 1F       		.byte	31
 361 014c 31       		.byte	49
 362 014d 01       		.byte	1
 363 014e 32       		.byte	50
 364 014f 1F       		.byte	31
 365 0150 33       		.byte	51
 366 0151 02       		.byte	2
 367 0152 34       		.byte	52
 368 0153 20       		.byte	32
 369 0154 3E       		.byte	62
 370 0155 10       		.byte	16
 371 0156 3F       		.byte	63
 372 0157 01       		.byte	1
 373 0158 40       		.byte	64
 374 0159 56       		.byte	86
 375 015a 41       		.byte	65
 376 015b 03       		.byte	3
 377 015c 45       		.byte	69
 378 015d E0       		.byte	-32
 379 015e 46       		.byte	70
 380 015f 0C       		.byte	12
 381 0160 47       		.byte	71
 382 0161 0B       		.byte	11
 383 0162 48       		.byte	72
 384 0163 16       		.byte	22
 385 0164 49       		.byte	73
 386 0165 FF       		.byte	-1
 387 0166 4A       		.byte	74
 388 0167 FF       		.byte	-1
 389 0168 4B       		.byte	75
 390 0169 FF       		.byte	-1
 391 016a 4E       		.byte	78
 392 016b F0       		.byte	-16
 393 016c 4F       		.byte	79
 394 016d 44       		.byte	68
 395 016e 50       		.byte	80
 396 016f 0C       		.byte	12
 397 0170 54       		.byte	84
 398 0171 01       		.byte	1
 399 0172 58       		.byte	88
ARM GAS  C:\Users\chascha\AppData\Local\Temp\ccEJ5bWd.s 			page 8


 400 0173 04       		.byte	4
 401 0174 59       		.byte	89
 402 0175 04       		.byte	4
 403 0176 5A       		.byte	90
 404 0177 04       		.byte	4
 405 0178 5B       		.byte	91
 406 0179 04       		.byte	4
 407 017a 5C       		.byte	92
 408 017b 10       		.byte	16
 409 017c 5F       		.byte	95
 410 017d 01       		.byte	1
 411 017e 66       		.byte	102
 412 017f C0       		.byte	-64
 413 0180 6A       		.byte	106
 414 0181 40       		.byte	64
 415 0182 6B       		.byte	107
 416 0183 02       		.byte	2
 417 0184 81       		.byte	-127
 418 0185 01       		.byte	1
 419 0186 83       		.byte	-125
 420 0187 02       		.byte	2
 421 0188 84       		.byte	-124
 422 0189 03       		.byte	3
 423 018a 89       		.byte	-119
 424 018b 03       		.byte	3
 425 018c 8D       		.byte	-115
 426 018d 02       		.byte	2
 427 018e 8F       		.byte	-113
 428 018f 01       		.byte	1
 429 0190 90       		.byte	-112
 430 0191 03       		.byte	3
 431 0192 95       		.byte	-107
 432 0193 08       		.byte	8
 433 0194 99       		.byte	-103
 434 0195 03       		.byte	3
 435 0196 9C       		.byte	-100
 436 0197 02       		.byte	2
 437 0198 9D       		.byte	-99
 438 0199 04       		.byte	4
 439 019a A9       		.byte	-87
 440 019b 04       		.byte	4
 441 019c AA       		.byte	-86
 442 019d 01       		.byte	1
 443 019e AF       		.byte	-81
 444 019f 04       		.byte	4
 445 01a0 B1       		.byte	-79
 446 01a1 03       		.byte	3
 447 01a2 B4       		.byte	-76
 448 01a3 03       		.byte	3
 449 01a4 B5       		.byte	-75
 450 01a5 0C       		.byte	12
 451 01a6 B8       		.byte	-72
 452 01a7 20       		.byte	32
 453 01a8 B9       		.byte	-71
 454 01a9 20       		.byte	32
 455 01aa BB       		.byte	-69
 456 01ab 08       		.byte	8
ARM GAS  C:\Users\chascha\AppData\Local\Temp\ccEJ5bWd.s 			page 9


 457 01ac BE       		.byte	-66
 458 01ad 10       		.byte	16
 459 01ae C0       		.byte	-64
 460 01af 02       		.byte	2
 461 01b0 C5       		.byte	-59
 462 01b1 04       		.byte	4
 463 01b2 C9       		.byte	-55
 464 01b3 FF       		.byte	-1
 465 01b4 CA       		.byte	-54
 466 01b5 07       		.byte	7
 467 01b6 CB       		.byte	-53
 468 01b7 FF       		.byte	-1
 469 01b8 CC       		.byte	-52
 470 01b9 40       		.byte	64
 471 01ba CD       		.byte	-51
 472 01bb 20       		.byte	32
 473 01bc CE       		.byte	-50
 474 01bd F0       		.byte	-16
 475 01be CF       		.byte	-49
 476 01bf 05       		.byte	5
 477 01c0 D0       		.byte	-48
 478 01c1 08       		.byte	8
 479 01c2 D8       		.byte	-40
 480 01c3 04       		.byte	4
 481 01c4 D9       		.byte	-39
 482 01c5 04       		.byte	4
 483 01c6 DA       		.byte	-38
 484 01c7 04       		.byte	4
 485 01c8 DF       		.byte	-33
 486 01c9 01       		.byte	1
 487 01ca E0       		.byte	-32
 488 01cb 40       		.byte	64
 489 01cc E1       		.byte	-31
 490 01cd A8       		.byte	-88
 491 01ce E2       		.byte	-30
 492 01cf 40       		.byte	64
 493 01d0 E3       		.byte	-29
 494 01d1 20       		.byte	32
 495 01d2 02       		.byte	2
 496 01d3 20       		.byte	32
 497 01d4 05       		.byte	5
 498 01d5 02       		.byte	2
 499 01d6 06       		.byte	6
 500 01d7 20       		.byte	32
 501 01d8 07       		.byte	7
 502 01d9 08       		.byte	8
 503 01da 08       		.byte	8
 504 01db 80       		.byte	-128
 505 01dc 0A       		.byte	10
 506 01dd 01       		.byte	1
 507 01de 0B       		.byte	11
 508 01df C2       		.byte	-62
 509 01e0 0C       		.byte	12
 510 01e1 80       		.byte	-128
 511 01e2 0E       		.byte	14
 512 01e3 A0       		.byte	-96
 513 01e4 10       		.byte	16
ARM GAS  C:\Users\chascha\AppData\Local\Temp\ccEJ5bWd.s 			page 10


 514 01e5 08       		.byte	8
 515 01e6 14       		.byte	20
 516 01e7 80       		.byte	-128
 517 01e8 16       		.byte	22
 518 01e9 08       		.byte	8
 519 01ea 18       		.byte	24
 520 01eb 04       		.byte	4
 521 01ec 1E       		.byte	30
 522 01ed 98       		.byte	-104
 523 01ee 20       		.byte	32
 524 01ef 40       		.byte	64
 525 01f0 21       		.byte	33
 526 01f1 08       		.byte	8
 527 01f2 23       		.byte	35
 528 01f3 0C       		.byte	12
 529 01f4 27       		.byte	39
 530 01f5 A0       		.byte	-96
 531 01f6 28       		.byte	40
 532 01f7 01       		.byte	1
 533 01f8 29       		.byte	41
 534 01f9 10       		.byte	16
 535 01fa 2C       		.byte	44
 536 01fb 89       		.byte	-119
 537 01fc 2F       		.byte	47
 538 01fd 41       		.byte	65
 539 01fe 30       		.byte	48
 540 01ff 88       		.byte	-120
 541 0200 33       		.byte	51
 542 0201 10       		.byte	16
 543 0202 35       		.byte	53
 544 0203 10       		.byte	16
 545 0204 36       		.byte	54
 546 0205 21       		.byte	33
 547 0206 38       		.byte	56
 548 0207 42       		.byte	66
 549 0208 39       		.byte	57
 550 0209 10       		.byte	16
 551 020a 3F       		.byte	63
 552 020b 80       		.byte	-128
 553 020c 40       		.byte	64
 554 020d 04       		.byte	4
 555 020e 46       		.byte	70
 556 020f 20       		.byte	32
 557 0210 47       		.byte	71
 558 0211 04       		.byte	4
 559 0212 49       		.byte	73
 560 0213 08       		.byte	8
 561 0214 4A       		.byte	74
 562 0215 10       		.byte	16
 563 0216 4C       		.byte	76
 564 0217 08       		.byte	8
 565 0218 4D       		.byte	77
 566 0219 02       		.byte	2
 567 021a 4F       		.byte	79
 568 021b 40       		.byte	64
 569 021c 50       		.byte	80
 570 021d 08       		.byte	8
ARM GAS  C:\Users\chascha\AppData\Local\Temp\ccEJ5bWd.s 			page 11


 571 021e 56       		.byte	86
 572 021f 48       		.byte	72
 573 0220 57       		.byte	87
 574 0221 40       		.byte	64
 575 0222 5D       		.byte	93
 576 0223 02       		.byte	2
 577 0224 5E       		.byte	94
 578 0225 08       		.byte	8
 579 0226 5F       		.byte	95
 580 0227 90       		.byte	-112
 581 0228 A2       		.byte	-94
 582 0229 01       		.byte	1
 583 022a AF       		.byte	-81
 584 022b 01       		.byte	1
 585 022c C0       		.byte	-64
 586 022d 74       		.byte	116
 587 022e C2       		.byte	-62
 588 022f B9       		.byte	-71
 589 0230 C4       		.byte	-60
 590 0231 52       		.byte	82
 591 0232 CA       		.byte	-54
 592 0233 BC       		.byte	-68
 593 0234 CC       		.byte	-52
 594 0235 AE       		.byte	-82
 595 0236 CE       		.byte	-50
 596 0237 1D       		.byte	29
 597 0238 D0       		.byte	-48
 598 0239 44       		.byte	68
 599 023a D2       		.byte	-46
 600 023b 30       		.byte	48
 601 023c D6       		.byte	-42
 602 023d F0       		.byte	-16
 603 023e 38       		.byte	56
 604 023f 02       		.byte	2
 605 0240 3E       		.byte	62
 606 0241 01       		.byte	1
 607 0242 58       		.byte	88
 608 0243 04       		.byte	4
 609 0244 5F       		.byte	95
 610 0245 01       		.byte	1
 611 0246 1B       		.byte	27
 612 0247 01       		.byte	1
 613 0248 A2       		.byte	-94
 614 0249 01       		.byte	1
 615 024a B6       		.byte	-74
 616 024b 01       		.byte	1
 617 024c E0       		.byte	-32
 618 024d 09       		.byte	9
 619 024e E4       		.byte	-28
 620 024f 01       		.byte	1
 621 0250 E6       		.byte	-26
 622 0251 08       		.byte	8
 623 0252 EA       		.byte	-22
 624 0253 01       		.byte	1
 625 0254 8B       		.byte	-117
 626 0255 08       		.byte	8
 627 0256 9F       		.byte	-97
ARM GAS  C:\Users\chascha\AppData\Local\Temp\ccEJ5bWd.s 			page 12


 628 0257 08       		.byte	8
 629 0258 A8       		.byte	-88
 630 0259 40       		.byte	64
 631 025a AC       		.byte	-84
 632 025b 01       		.byte	1
 633 025c AF       		.byte	-81
 634 025d 20       		.byte	32
 635 025e B2       		.byte	-78
 636 025f 02       		.byte	2
 637 0260 E2       		.byte	-30
 638 0261 08       		.byte	8
 639 0262 E4       		.byte	-28
 640 0263 80       		.byte	-128
 641 0264 E6       		.byte	-26
 642 0265 01       		.byte	1
 643 0266 E8       		.byte	-24
 644 0267 80       		.byte	-128
 645 0268 EA       		.byte	-22
 646 0269 02       		.byte	2
 647 026a 00       		.byte	0
 648 026b 03       		.byte	3
 649 026c 02       		.byte	2
 650 026d 04       		.byte	4
 651 026e 03       		.byte	3
 652 026f 02       		.byte	2
 653 0270 07       		.byte	7
 654 0271 0C       		.byte	12
 655 0272 09       		.byte	9
 656 0273 01       		.byte	1
 657 0274 10       		.byte	16
 658 0275 03       		.byte	3
 659 0276 12       		.byte	18
 660 0277 0C       		.byte	12
 661 0278 16       		.byte	22
 662 0279 05       		.byte	5
 663 027a 1A       		.byte	26
 664 027b 08       		.byte	8
 665 027c 1B       		.byte	27
 666 027d 06       		.byte	6
 667 027e 1C       		.byte	28
 668 027f 0A       		.byte	10
 669 0280 1E       		.byte	30
 670 0281 04       		.byte	4
 671 0282 23       		.byte	35
 672 0283 0A       		.byte	10
 673 0284 24       		.byte	36
 674 0285 03       		.byte	3
 675 0286 26       		.byte	38
 676 0287 04       		.byte	4
 677 0288 27       		.byte	39
 678 0289 04       		.byte	4
 679 028a 2D       		.byte	45
 680 028b 0C       		.byte	12
 681 028c 2F       		.byte	47
 682 028d 02       		.byte	2
 683 028e 33       		.byte	51
 684 028f 01       		.byte	1
ARM GAS  C:\Users\chascha\AppData\Local\Temp\ccEJ5bWd.s 			page 13


 685 0290 35       		.byte	53
 686 0291 0E       		.byte	14
 687 0292 36       		.byte	54
 688 0293 0F       		.byte	15
 689 0294 3A       		.byte	58
 690 0295 80       		.byte	-128
 691 0296 3B       		.byte	59
 692 0297 20       		.byte	32
 693 0298 3F       		.byte	63
 694 0299 04       		.byte	4
 695 029a 58       		.byte	88
 696 029b 04       		.byte	4
 697 029c 59       		.byte	89
 698 029d 04       		.byte	4
 699 029e 5F       		.byte	95
 700 029f 01       		.byte	1
 701 02a0 81       		.byte	-127
 702 02a1 11       		.byte	17
 703 02a2 82       		.byte	-126
 704 02a3 20       		.byte	32
 705 02a4 85       		.byte	-123
 706 02a5 70       		.byte	112
 707 02a6 86       		.byte	-122
 708 02a7 10       		.byte	16
 709 02a8 87       		.byte	-121
 710 02a9 8B       		.byte	-117
 711 02aa 88       		.byte	-120
 712 02ab 01       		.byte	1
 713 02ac 89       		.byte	-119
 714 02ad 70       		.byte	112
 715 02ae 8B       		.byte	-117
 716 02af 87       		.byte	-121
 717 02b0 8C       		.byte	-116
 718 02b1 18       		.byte	24
 719 02b2 8D       		.byte	-115
 720 02b3 02       		.byte	2
 721 02b4 8E       		.byte	-114
 722 02b5 06       		.byte	6
 723 02b6 90       		.byte	-112
 724 02b7 01       		.byte	1
 725 02b8 91       		.byte	-111
 726 02b9 03       		.byte	3
 727 02ba 95       		.byte	-107
 728 02bb FF       		.byte	-1
 729 02bc 96       		.byte	-106
 730 02bd 01       		.byte	1
 731 02be 99       		.byte	-103
 732 02bf 20       		.byte	32
 733 02c0 9A       		.byte	-102
 734 02c1 18       		.byte	24
 735 02c2 9C       		.byte	-100
 736 02c3 02       		.byte	2
 737 02c4 9D       		.byte	-99
 738 02c5 40       		.byte	64
 739 02c6 9E       		.byte	-98
 740 02c7 0C       		.byte	12
 741 02c8 A2       		.byte	-94
ARM GAS  C:\Users\chascha\AppData\Local\Temp\ccEJ5bWd.s 			page 14


 742 02c9 06       		.byte	6
 743 02ca A3       		.byte	-93
 744 02cb 10       		.byte	16
 745 02cc A4       		.byte	-92
 746 02cd 02       		.byte	2
 747 02ce A6       		.byte	-90
 748 02cf 1C       		.byte	28
 749 02d0 A7       		.byte	-89
 750 02d1 8F       		.byte	-113
 751 02d2 A9       		.byte	-87
 752 02d3 60       		.byte	96
 753 02d4 AA       		.byte	-86
 754 02d5 01       		.byte	1
 755 02d6 AD       		.byte	-83
 756 02d7 9F       		.byte	-97
 757 02d8 AE       		.byte	-82
 758 02d9 20       		.byte	32
 759 02da AF       		.byte	-81
 760 02db 60       		.byte	96
 761 02dc B0       		.byte	-80
 762 02dd 01       		.byte	1
 763 02de B3       		.byte	-77
 764 02df 7C       		.byte	124
 765 02e0 B4       		.byte	-76
 766 02e1 20       		.byte	32
 767 02e2 B5       		.byte	-75
 768 02e3 E0       		.byte	-32
 769 02e4 B6       		.byte	-74
 770 02e5 1E       		.byte	30
 771 02e6 B7       		.byte	-73
 772 02e7 03       		.byte	3
 773 02e8 B8       		.byte	-72
 774 02e9 02       		.byte	2
 775 02ea BA       		.byte	-70
 776 02eb 80       		.byte	-128
 777 02ec BB       		.byte	-69
 778 02ed 28       		.byte	40
 779 02ee BE       		.byte	-66
 780 02ef 10       		.byte	16
 781 02f0 D4       		.byte	-44
 782 02f1 18       		.byte	24
 783 02f2 D8       		.byte	-40
 784 02f3 04       		.byte	4
 785 02f4 D9       		.byte	-39
 786 02f5 04       		.byte	4
 787 02f6 DB       		.byte	-37
 788 02f7 04       		.byte	4
 789 02f8 DF       		.byte	-33
 790 02f9 01       		.byte	1
 791 02fa 01       		.byte	1
 792 02fb 8A       		.byte	-118
 793 02fc 02       		.byte	2
 794 02fd 08       		.byte	8
 795 02fe 06       		.byte	6
 796 02ff 40       		.byte	64
 797 0300 08       		.byte	8
 798 0301 01       		.byte	1
ARM GAS  C:\Users\chascha\AppData\Local\Temp\ccEJ5bWd.s 			page 15


 799 0302 09       		.byte	9
 800 0303 80       		.byte	-128
 801 0304 0A       		.byte	10
 802 0305 20       		.byte	32
 803 0306 0B       		.byte	11
 804 0307 04       		.byte	4
 805 0308 0C       		.byte	12
 806 0309 08       		.byte	8
 807 030a 0E       		.byte	14
 808 030b 01       		.byte	1
 809 030c 0F       		.byte	15
 810 030d 44       		.byte	68
 811 030e 12       		.byte	18
 812 030f 21       		.byte	33
 813 0310 13       		.byte	19
 814 0311 11       		.byte	17
 815 0312 17       		.byte	23
 816 0313 04       		.byte	4
 817 0314 18       		.byte	24
 818 0315 04       		.byte	4
 819 0316 19       		.byte	25
 820 0317 82       		.byte	-126
 821 0318 1A       		.byte	26
 822 0319 01       		.byte	1
 823 031a 1D       		.byte	29
 824 031b 80       		.byte	-128
 825 031c 1F       		.byte	31
 826 031d 40       		.byte	64
 827 031e 21       		.byte	33
 828 031f 14       		.byte	20
 829 0320 22       		.byte	34
 830 0321 10       		.byte	16
 831 0322 23       		.byte	35
 832 0323 12       		.byte	18
 833 0324 24       		.byte	36
 834 0325 20       		.byte	32
 835 0326 26       		.byte	38
 836 0327 20       		.byte	32
 837 0328 27       		.byte	39
 838 0329 04       		.byte	4
 839 032a 28       		.byte	40
 840 032b 01       		.byte	1
 841 032c 29       		.byte	41
 842 032d 04       		.byte	4
 843 032e 2A       		.byte	42
 844 032f 20       		.byte	32
 845 0330 2B       		.byte	43
 846 0331 40       		.byte	64
 847 0332 2D       		.byte	45
 848 0333 88       		.byte	-120
 849 0334 2F       		.byte	47
 850 0335 40       		.byte	64
 851 0336 30       		.byte	48
 852 0337 A0       		.byte	-96
 853 0338 31       		.byte	49
 854 0339 09       		.byte	9
 855 033a 36       		.byte	54
ARM GAS  C:\Users\chascha\AppData\Local\Temp\ccEJ5bWd.s 			page 16


 856 033b 20       		.byte	32
 857 033c 38       		.byte	56
 858 033d 42       		.byte	66
 859 033e 39       		.byte	57
 860 033f 28       		.byte	40
 861 0340 3E       		.byte	62
 862 0341 10       		.byte	16
 863 0342 3F       		.byte	63
 864 0343 05       		.byte	5
 865 0344 5B       		.byte	91
 866 0345 02       		.byte	2
 867 0346 60       		.byte	96
 868 0347 04       		.byte	4
 869 0348 62       		.byte	98
 870 0349 80       		.byte	-128
 871 034a 90       		.byte	-112
 872 034b 40       		.byte	64
 873 034c 92       		.byte	-110
 874 034d 10       		.byte	16
 875 034e 93       		.byte	-109
 876 034f 44       		.byte	68
 877 0350 94       		.byte	-108
 878 0351 02       		.byte	2
 879 0352 95       		.byte	-107
 880 0353 10       		.byte	16
 881 0354 96       		.byte	-106
 882 0355 01       		.byte	1
 883 0356 97       		.byte	-105
 884 0357 80       		.byte	-128
 885 0358 99       		.byte	-103
 886 0359 08       		.byte	8
 887 035a 9A       		.byte	-102
 888 035b 40       		.byte	64
 889 035c 9F       		.byte	-97
 890 035d 14       		.byte	20
 891 035e A0       		.byte	-96
 892 035f 08       		.byte	8
 893 0360 A1       		.byte	-95
 894 0361 08       		.byte	8
 895 0362 A6       		.byte	-90
 896 0363 20       		.byte	32
 897 0364 AF       		.byte	-81
 898 0365 20       		.byte	32
 899 0366 B2       		.byte	-78
 900 0367 40       		.byte	64
 901 0368 B3       		.byte	-77
 902 0369 10       		.byte	16
 903 036a C0       		.byte	-64
 904 036b 1F       		.byte	31
 905 036c C2       		.byte	-62
 906 036d FF       		.byte	-1
 907 036e C4       		.byte	-60
 908 036f 2F       		.byte	47
 909 0370 CA       		.byte	-54
 910 0371 DF       		.byte	-33
 911 0372 CC       		.byte	-52
 912 0373 2F       		.byte	47
ARM GAS  C:\Users\chascha\AppData\Local\Temp\ccEJ5bWd.s 			page 17


 913 0374 CE       		.byte	-50
 914 0375 EF       		.byte	-17
 915 0376 D6       		.byte	-42
 916 0377 01       		.byte	1
 917 0378 D8       		.byte	-40
 918 0379 0C       		.byte	12
 919 037a E2       		.byte	-30
 920 037b 08       		.byte	8
 921 037c E6       		.byte	-26
 922 037d 01       		.byte	1
 923 037e 96       		.byte	-106
 924 037f 03       		.byte	3
 925 0380 9C       		.byte	-100
 926 0381 01       		.byte	1
 927 0382 AE       		.byte	-82
 928 0383 04       		.byte	4
 929 0384 B2       		.byte	-78
 930 0385 04       		.byte	4
 931 0386 B4       		.byte	-76
 932 0387 01       		.byte	1
 933 0388 B6       		.byte	-74
 934 0389 02       		.byte	2
 935 038a D8       		.byte	-40
 936 038b 04       		.byte	4
 937 038c DC       		.byte	-36
 938 038d 01       		.byte	1
 939 038e DF       		.byte	-33
 940 038f 01       		.byte	1
 941 0390 00       		.byte	0
 942 0391 26       		.byte	38
 943 0392 01       		.byte	1
 944 0393 40       		.byte	64
 945 0394 0A       		.byte	10
 946 0395 40       		.byte	64
 947 0396 0E       		.byte	14
 948 0397 11       		.byte	17
 949 0398 11       		.byte	17
 950 0399 14       		.byte	20
 951 039a 12       		.byte	18
 952 039b 40       		.byte	64
 953 039c 17       		.byte	23
 954 039d 80       		.byte	-128
 955 039e 18       		.byte	24
 956 039f 10       		.byte	16
 957 03a0 19       		.byte	25
 958 03a1 15       		.byte	21
 959 03a2 1A       		.byte	26
 960 03a3 40       		.byte	64
 961 03a4 1B       		.byte	27
 962 03a5 40       		.byte	64
 963 03a6 1E       		.byte	30
 964 03a7 11       		.byte	17
 965 03a8 1F       		.byte	31
 966 03a9 20       		.byte	32
 967 03aa 20       		.byte	32
 968 03ab 05       		.byte	5
 969 03ac 21       		.byte	33
ARM GAS  C:\Users\chascha\AppData\Local\Temp\ccEJ5bWd.s 			page 18


 970 03ad 02       		.byte	2
 971 03ae 22       		.byte	34
 972 03af 04       		.byte	4
 973 03b0 29       		.byte	41
 974 03b1 05       		.byte	5
 975 03b2 2A       		.byte	42
 976 03b3 20       		.byte	32
 977 03b4 30       		.byte	48
 978 03b5 81       		.byte	-127
 979 03b6 31       		.byte	49
 980 03b7 0A       		.byte	10
 981 03b8 32       		.byte	50
 982 03b9 18       		.byte	24
 983 03ba 38       		.byte	56
 984 03bb 62       		.byte	98
 985 03bc 39       		.byte	57
 986 03bd 08       		.byte	8
 987 03be 3A       		.byte	58
 988 03bf 40       		.byte	64
 989 03c0 40       		.byte	64
 990 03c1 15       		.byte	21
 991 03c2 41       		.byte	65
 992 03c3 02       		.byte	2
 993 03c4 48       		.byte	72
 994 03c5 10       		.byte	16
 995 03c6 4A       		.byte	74
 996 03c7 08       		.byte	8
 997 03c8 52       		.byte	82
 998 03c9 01       		.byte	1
 999 03ca 5A       		.byte	90
 1000 03cb 08       		.byte	8
 1001 03cc 68       		.byte	104
 1002 03cd 01       		.byte	1
 1003 03ce 69       		.byte	105
 1004 03cf 14       		.byte	20
 1005 03d0 6B       		.byte	107
 1006 03d1 10       		.byte	16
 1007 03d2 70       		.byte	112
 1008 03d3 B0       		.byte	-80
 1009 03d4 72       		.byte	114
 1010 03d5 20       		.byte	32
 1011 03d6 81       		.byte	-127
 1012 03d7 10       		.byte	16
 1013 03d8 82       		.byte	-126
 1014 03d9 80       		.byte	-128
 1015 03da 83       		.byte	-125
 1016 03db 80       		.byte	-128
 1017 03dc 87       		.byte	-121
 1018 03dd 20       		.byte	32
 1019 03de 8C       		.byte	-116
 1020 03df 01       		.byte	1
 1021 03e0 8D       		.byte	-115
 1022 03e1 40       		.byte	64
 1023 03e2 90       		.byte	-112
 1024 03e3 40       		.byte	64
 1025 03e4 91       		.byte	-111
 1026 03e5 08       		.byte	8
ARM GAS  C:\Users\chascha\AppData\Local\Temp\ccEJ5bWd.s 			page 19


 1027 03e6 92       		.byte	-110
 1028 03e7 20       		.byte	32
 1029 03e8 94       		.byte	-108
 1030 03e9 02       		.byte	2
 1031 03ea 95       		.byte	-107
 1032 03eb 10       		.byte	16
 1033 03ec 9C       		.byte	-100
 1034 03ed 01       		.byte	1
 1035 03ee 9D       		.byte	-99
 1036 03ef 05       		.byte	5
 1037 03f0 9E       		.byte	-98
 1038 03f1 21       		.byte	33
 1039 03f2 9F       		.byte	-97
 1040 03f3 10       		.byte	16
 1041 03f4 A1       		.byte	-95
 1042 03f5 08       		.byte	8
 1043 03f6 A4       		.byte	-92
 1044 03f7 A0       		.byte	-96
 1045 03f8 A6       		.byte	-90
 1046 03f9 88       		.byte	-120
 1047 03fa A7       		.byte	-89
 1048 03fb 40       		.byte	64
 1049 03fc B4       		.byte	-76
 1050 03fd 18       		.byte	24
 1051 03fe B7       		.byte	-73
 1052 03ff 01       		.byte	1
 1053 0400 C0       		.byte	-64
 1054 0401 0F       		.byte	15
 1055 0402 C2       		.byte	-62
 1056 0403 A8       		.byte	-88
 1057 0404 C4       		.byte	-60
 1058 0405 8E       		.byte	-114
 1059 0406 CA       		.byte	-54
 1060 0407 07       		.byte	7
 1061 0408 CC       		.byte	-52
 1062 0409 0F       		.byte	15
 1063 040a CE       		.byte	-50
 1064 040b 0F       		.byte	15
 1065 040c D0       		.byte	-48
 1066 040d 0F       		.byte	15
 1067 040e D2       		.byte	-46
 1068 040f 04       		.byte	4
 1069 0410 D6       		.byte	-42
 1070 0411 02       		.byte	2
 1071 0412 E0       		.byte	-32
 1072 0413 08       		.byte	8
 1073 0414 E4       		.byte	-28
 1074 0415 01       		.byte	1
 1075 0416 EA       		.byte	-22
 1076 0417 01       		.byte	1
 1077 0418 32       		.byte	50
 1078 0419 04       		.byte	4
 1079 041a 33       		.byte	51
 1080 041b 80       		.byte	-128
 1081 041c 36       		.byte	54
 1082 041d 18       		.byte	24
 1083 041e 38       		.byte	56
ARM GAS  C:\Users\chascha\AppData\Local\Temp\ccEJ5bWd.s 			page 20


 1084 041f 40       		.byte	64
 1085 0420 CC       		.byte	-52
 1086 0421 F0       		.byte	-16
 1087 0422 CE       		.byte	-50
 1088 0423 10       		.byte	16
 1089 0424 0B       		.byte	11
 1090 0425 08       		.byte	8
 1091 0426 0E       		.byte	14
 1092 0427 01       		.byte	1
 1093 0428 36       		.byte	54
 1094 0429 80       		.byte	-128
 1095 042a 86       		.byte	-122
 1096 042b 08       		.byte	8
 1097 042c 94       		.byte	-108
 1098 042d 40       		.byte	64
 1099 042e 96       		.byte	-106
 1100 042f 08       		.byte	8
 1101 0430 A6       		.byte	-90
 1102 0431 18       		.byte	24
 1103 0432 A7       		.byte	-89
 1104 0433 80       		.byte	-128
 1105 0434 C2       		.byte	-62
 1106 0435 C0       		.byte	-64
 1107 0436 CC       		.byte	-52
 1108 0437 20       		.byte	32
 1109 0438 E2       		.byte	-30
 1110 0439 10       		.byte	16
 1111 043a 3E       		.byte	62
 1112 043b 10       		.byte	16
 1113 043c 63       		.byte	99
 1114 043d 02       		.byte	2
 1115 043e 8A       		.byte	-118
 1116 043f 04       		.byte	4
 1117 0440 94       		.byte	-108
 1118 0441 40       		.byte	64
 1119 0442 96       		.byte	-106
 1120 0443 08       		.byte	8
 1121 0444 A6       		.byte	-90
 1122 0445 90       		.byte	-112
 1123 0446 A7       		.byte	-89
 1124 0447 80       		.byte	-128
 1125 0448 AE       		.byte	-82
 1126 0449 01       		.byte	1
 1127 044a AF       		.byte	-81
 1128 044b 04       		.byte	4
 1129 044c CE       		.byte	-50
 1130 044d 20       		.byte	32
 1131 044e D6       		.byte	-42
 1132 044f 40       		.byte	64
 1133 0450 E8       		.byte	-24
 1134 0451 10       		.byte	16
 1135 0452 EC       		.byte	-20
 1136 0453 10       		.byte	16
 1137 0454 80       		.byte	-128
 1138 0455 40       		.byte	64
 1139 0456 94       		.byte	-108
 1140 0457 40       		.byte	64
ARM GAS  C:\Users\chascha\AppData\Local\Temp\ccEJ5bWd.s 			page 21


 1141 0458 96       		.byte	-106
 1142 0459 10       		.byte	16
 1143 045a A6       		.byte	-90
 1144 045b 90       		.byte	-112
 1145 045c A7       		.byte	-89
 1146 045d 80       		.byte	-128
 1147 045e AF       		.byte	-81
 1148 045f 01       		.byte	1
 1149 0460 E6       		.byte	-26
 1150 0461 20       		.byte	32
 1151 0462 EE       		.byte	-18
 1152 0463 10       		.byte	16
 1153 0464 01       		.byte	1
 1154 0465 20       		.byte	32
 1155 0466 C0       		.byte	-64
 1156 0467 02       		.byte	2
 1157 0468 B5       		.byte	-75
 1158 0469 20       		.byte	32
 1159 046a EA       		.byte	-22
 1160 046b 08       		.byte	8
 1161 046c 80       		.byte	-128
 1162 046d 04       		.byte	4
 1163 046e 86       		.byte	-122
 1164 046f 20       		.byte	32
 1165 0470 88       		.byte	-120
 1166 0471 80       		.byte	-128
 1167 0472 96       		.byte	-106
 1168 0473 10       		.byte	16
 1169 0474 9C       		.byte	-100
 1170 0475 40       		.byte	64
 1171 0476 A6       		.byte	-90
 1172 0477 80       		.byte	-128
 1173 0478 AB       		.byte	-85
 1174 0479 80       		.byte	-128
 1175 047a AE       		.byte	-82
 1176 047b 10       		.byte	16
 1177 047c B0       		.byte	-80
 1178 047d 40       		.byte	64
 1179 047e E2       		.byte	-30
 1180 047f 10       		.byte	16
 1181 0480 E6       		.byte	-26
 1182 0481 80       		.byte	-128
 1183 0482 EE       		.byte	-18
 1184 0483 30       		.byte	48
 1185 0484 08       		.byte	8
 1186 0485 40       		.byte	64
 1187 0486 0C       		.byte	12
 1188 0487 80       		.byte	-128
 1189 0488 0E       		.byte	14
 1190 0489 10       		.byte	16
 1191 048a 12       		.byte	18
 1192 048b 20       		.byte	32
 1193 048c 16       		.byte	22
 1194 048d 40       		.byte	64
 1195 048e 70       		.byte	112
 1196 048f 04       		.byte	4
 1197 0490 76       		.byte	118
ARM GAS  C:\Users\chascha\AppData\Local\Temp\ccEJ5bWd.s 			page 22


 1198 0491 20       		.byte	32
 1199 0492 82       		.byte	-126
 1200 0493 30       		.byte	48
 1201 0494 86       		.byte	-122
 1202 0495 C0       		.byte	-64
 1203 0496 90       		.byte	-112
 1204 0497 08       		.byte	8
 1205 0498 9A       		.byte	-102
 1206 0499 20       		.byte	32
 1207 049a 9C       		.byte	-100
 1208 049b 40       		.byte	64
 1209 049c A4       		.byte	-92
 1210 049d 80       		.byte	-128
 1211 049e A6       		.byte	-90
 1212 049f 80       		.byte	-128
 1213 04a0 AA       		.byte	-86
 1214 04a1 10       		.byte	16
 1215 04a2 C2       		.byte	-62
 1216 04a3 E0       		.byte	-32
 1217 04a4 C4       		.byte	-60
 1218 04a5 30       		.byte	48
 1219 04a6 DC       		.byte	-36
 1220 04a7 80       		.byte	-128
 1221 04a8 DE       		.byte	-34
 1222 04a9 20       		.byte	32
 1223 04aa E0       		.byte	-32
 1224 04ab 90       		.byte	-112
 1225 04ac E4       		.byte	-28
 1226 04ad 80       		.byte	-128
 1227 04ae E6       		.byte	-26
 1228 04af 10       		.byte	16
 1229 04b0 EA       		.byte	-22
 1230 04b1 80       		.byte	-128
 1231 04b2 12       		.byte	18
 1232 04b3 20       		.byte	32
 1233 04b4 13       		.byte	19
 1234 04b5 20       		.byte	32
 1235 04b6 16       		.byte	22
 1236 04b7 40       		.byte	64
 1237 04b8 7B       		.byte	123
 1238 04b9 10       		.byte	16
 1239 04ba 7F       		.byte	127
 1240 04bb 40       		.byte	64
 1241 04bc 82       		.byte	-126
 1242 04bd 20       		.byte	32
 1243 04be 86       		.byte	-122
 1244 04bf 40       		.byte	64
 1245 04c0 C4       		.byte	-60
 1246 04c1 0E       		.byte	14
 1247 04c2 DE       		.byte	-34
 1248 04c3 03       		.byte	3
 1249 04c4 12       		.byte	18
 1250 04c5 80       		.byte	-128
 1251 04c6 75       		.byte	117
 1252 04c7 01       		.byte	1
 1253 04c8 83       		.byte	-125
 1254 04c9 10       		.byte	16
ARM GAS  C:\Users\chascha\AppData\Local\Temp\ccEJ5bWd.s 			page 23


 1255 04ca 87       		.byte	-121
 1256 04cb 40       		.byte	64
 1257 04cc 8E       		.byte	-114
 1258 04cd 80       		.byte	-128
 1259 04ce 97       		.byte	-105
 1260 04cf 80       		.byte	-128
 1261 04d0 99       		.byte	-103
 1262 04d1 01       		.byte	1
 1263 04d2 A7       		.byte	-89
 1264 04d3 10       		.byte	16
 1265 04d4 AB       		.byte	-85
 1266 04d5 20       		.byte	32
 1267 04d6 B5       		.byte	-75
 1268 04d7 01       		.byte	1
 1269 04d8 C4       		.byte	-60
 1270 04d9 08       		.byte	8
 1271 04da DE       		.byte	-34
 1272 04db 04       		.byte	4
 1273 04dc E2       		.byte	-30
 1274 04dd 02       		.byte	2
 1275 04de EC       		.byte	-20
 1276 04df 02       		.byte	2
 1277 04e0 00       		.byte	0
 1278 04e1 03       		.byte	3
 1279 04e2 0A       		.byte	10
 1280 04e3 02       		.byte	2
 1281 04e4 0C       		.byte	12
 1282 04e5 03       		.byte	3
 1283 04e6 10       		.byte	16
 1284 04e7 03       		.byte	3
 1285 04e8 1C       		.byte	28
 1286 04e9 03       		.byte	3
 1287 04ea 00       		.byte	0
 1288 04eb FF       		.byte	-1
 1289 04ec 01       		.byte	1
 1290 04ed 33       		.byte	51
 1291 04ee 03       		.byte	3
 1292 04ef C0       		.byte	-64
 1293 04f0 82       		.byte	-126
 1294 04f1 80       		.byte	-128
 1295 04f2 00       		.byte	0
 1296 04f3 00       		.byte	0
 1297 04f4 43       		.byte	67
 1298 04f5 00       		.byte	0
 1299 04f6 00       		.byte	0
 1300 04f7 00       		.byte	0
 1301 04f8 01       		.byte	1
 1302 04f9 20       		.byte	32
 1303 04fa 00       		.byte	0
 1304 04fb 02       		.byte	2
 1305 04fc 00       		.byte	0
 1306 04fd 9C       		.byte	-100
 1307 04fe 02       		.byte	2
 1308 04ff 60       		.byte	96
 1309 0500 00       		.byte	0
 1310 0501 08       		.byte	8
 1311 0502 02       		.byte	2
ARM GAS  C:\Users\chascha\AppData\Local\Temp\ccEJ5bWd.s 			page 24


 1312 0503 00       		.byte	0
 1313 0504 10       		.byte	16
 1314 0505 40       		.byte	64
 1315 0506 0C       		.byte	12
 1316 0507 02       		.byte	2
 1317 0508 08       		.byte	8
 1318 0509 E4       		.byte	-28
 1319 050a 30       		.byte	48
 1320 050b 18       		.byte	24
 1321 050c 00       		.byte	0
 1322 050d FC       		.byte	-4
 1323 050e 00       		.byte	0
 1324 050f 00       		.byte	0
 1325 0510 00       		.byte	0
 1326 0511 F8       		.byte	-8
 1327 0512 00       		.byte	0
 1328 0513 04       		.byte	4
 1329 0514 00       		.byte	0
 1330 0515 10       		.byte	16
 1331 0516 00       		.byte	0
 1332 0517 00       		.byte	0
 1333 0518 20       		.byte	32
 1334 0519 60       		.byte	96
 1335 051a 08       		.byte	8
 1336 051b 01       		.byte	1
 1337 051c 39       		.byte	57
 1338 051d 00       		.byte	0
 1339 051e 00       		.byte	0
 1340 051f 64       		.byte	100
 1341 0520 39       		.byte	57
 1342 0521 18       		.byte	24
 1343 0522 00       		.byte	0
 1344 0523 00       		.byte	0
 1345 0524 00       		.byte	0
 1346 0525 00       		.byte	0
 1347 0526 00       		.byte	0
 1348 0527 00       		.byte	0
 1349 0528 38       		.byte	56
 1350 0529 78       		.byte	120
 1351 052a 01       		.byte	1
 1352 052b 80       		.byte	-128
 1353 052c 02       		.byte	2
 1354 052d 1C       		.byte	28
 1355 052e 04       		.byte	4
 1356 052f 03       		.byte	3
 1357 0530 00       		.byte	0
 1358 0531 00       		.byte	0
 1359 0532 00       		.byte	0
 1360 0533 02       		.byte	2
 1361 0534 00       		.byte	0
 1362 0535 00       		.byte	0
 1363 0536 10       		.byte	16
 1364 0537 44       		.byte	68
 1365 0538 43       		.byte	67
 1366 0539 06       		.byte	6
 1367 053a 02       		.byte	2
 1368 053b 00       		.byte	0
ARM GAS  C:\Users\chascha\AppData\Local\Temp\ccEJ5bWd.s 			page 25


 1369 053c 01       		.byte	1
 1370 053d 0C       		.byte	12
 1371 053e 00       		.byte	0
 1372 053f E0       		.byte	-32
 1373 0540 21       		.byte	33
 1374 0541 FF       		.byte	-1
 1375 0542 FF       		.byte	-1
 1376 0543 FF       		.byte	-1
 1377 0544 62       		.byte	98
 1378 0545 A0       		.byte	-96
 1379 0546 F0       		.byte	-16
 1380 0547 41       		.byte	65
 1381 0548 0C       		.byte	12
 1382 0549 00       		.byte	0
 1383 054a 00       		.byte	0
 1384 054b 00       		.byte	0
 1385 054c 00       		.byte	0
 1386 054d 00       		.byte	0
 1387 054e 02       		.byte	2
 1388 054f 12       		.byte	18
 1389 0550 04       		.byte	4
 1390 0551 04       		.byte	4
 1391 0552 04       		.byte	4
 1392 0553 04       		.byte	4
 1393 0554 00       		.byte	0
 1394 0555 00       		.byte	0
 1395 0556 00       		.byte	0
 1396 0557 01       		.byte	1
 1397 0558 00       		.byte	0
 1398 0559 00       		.byte	0
 1399 055a 00       		.byte	0
 1400 055b 00       		.byte	0
 1401 055c 00       		.byte	0
 1402 055d 00       		.byte	0
 1403 055e 40       		.byte	64
 1404 055f 02       		.byte	2
 1405 0560 00       		.byte	0
 1406 0561 10       		.byte	16
 1407 0562 30       		.byte	48
 1408 0563 10       		.byte	16
 1409 0564 00       		.byte	0
 1410 0565 10       		.byte	16
 1411 0566 10       		.byte	16
 1412 0567 12       		.byte	18
 1413 0568 00       		.byte	0
 1414 0569 00       		.byte	0
 1415 056a 00       		.byte	0
 1416 056b 00       		.byte	0
 1417 056c 00       		.byte	0
 1418 056d 00       		.byte	0
 1419 056e 00       		.byte	0
 1420 056f 00       		.byte	0
 1421 0570 00       		.byte	0
 1422 0571 00       		.byte	0
 1423 0572 00       		.byte	0
 1424 0573 00       		.byte	0
 1425 0574 00       		.byte	0
ARM GAS  C:\Users\chascha\AppData\Local\Temp\ccEJ5bWd.s 			page 26


 1426 0575 00       		.byte	0
 1427 0576 00       		.byte	0
 1428 0577 00       		.byte	0
 1429 0578 C0       		.byte	-64
 1430 0579 E0       		.byte	-32
 1431 057a 20       		.byte	32
 1432 057b 00       		.byte	0
 1433 057c 00       		.byte	0
 1434 057d 00       		.byte	0
 1435 057e 00       		.byte	0
 1436 057f 00       		.byte	0
 1437 0580 83       		.byte	-125
 1438 0581 00       		.byte	0
 1439 0582 40       		.byte	64
 1440 0583 83       		.byte	-125
 1441 0584 80       		.byte	-128
 1442 0585 00       		.byte	0
 1443 0586 83       		.byte	-125
 1444 0587 00       		.byte	0
 1445 0588 00       		.byte	0
 1446 0589 00       		.byte	0
 1447 058a 00       		.byte	0
 1448 058b 00       		.byte	0
 1449 058c 60       		.byte	96
 1450 058d 6B       		.byte	107
 1451 058e 0B       		.byte	11
 1452 058f 00       		.byte	0
 1453 0590 00       		.byte	0
 1454 0591 00       		.byte	0
 1455 0592 00       		.byte	0
 1456 0593 00       		.byte	0
 1457 0594 04       		.byte	4
 1458 0595 7C       		.byte	124
 1459 0596 78       		.byte	120
 1460 0597 00       		.byte	0
 1461 0598 00       		.byte	0
 1462 0599 00       		.byte	0
 1463 059a 00       		.byte	0
 1464 059b 00       		.byte	0
 1465 059c E0       		.byte	-32
 1466 059d E0       		.byte	-32
 1467 059e 00       		.byte	0
 1468 059f 00       		.byte	0
 1469 05a0 00       		.byte	0
 1470 05a1 00       		.byte	0
 1471 05a2 00       		.byte	0
 1472 05a3 00       		.byte	0
 1473              		.section	.cywolatch,"a",%progbits
 1474              		.align	2
 1475              		.type	cy_meta_wonvl, %object
 1476              		.size	cy_meta_wonvl, 4
 1477              	cy_meta_wonvl:
 1478 0000 BC       		.byte	-68
 1479 0001 90       		.byte	-112
 1480 0002 AC       		.byte	-84
 1481 0003 AF       		.byte	-81
 1482              		.section	.cycustnvl,"a",%progbits
ARM GAS  C:\Users\chascha\AppData\Local\Temp\ccEJ5bWd.s 			page 27


 1483              		.align	2
 1484              		.type	cy_meta_custnvl, %object
 1485              		.size	cy_meta_custnvl, 4
 1486              	cy_meta_custnvl:
 1487 0000 00       		.byte	0
 1488 0001 00       		.byte	0
 1489 0002 40       		.byte	64
 1490 0003 05       		.byte	5
 1491              		.section	.cymeta,"a",%progbits
 1492              		.align	2
 1493              		.type	cy_metadata, %object
 1494              		.size	cy_metadata, 12
 1495              	cy_metadata:
 1496 0000 00       		.byte	0
 1497 0001 01       		.byte	1
 1498 0002 2E       		.byte	46
 1499 0003 16       		.byte	22
 1500 0004 10       		.byte	16
 1501 0005 69       		.byte	105
 1502 0006 00       		.byte	0
 1503 0007 01       		.byte	1
 1504 0008 00       		.byte	0
 1505 0009 00       		.byte	0
 1506 000a 00       		.byte	0
 1507 000b 00       		.byte	0
 1508              		.section	.cyflashprotect,"a",%progbits
 1509              		.align	2
 1510              		.type	cy_meta_flashprotect, %object
 1511              		.size	cy_meta_flashprotect, 256
 1512              	cy_meta_flashprotect:
 1513 0000 00000000 		.space	256
 1513      00000000 
 1513      00000000 
 1513      00000000 
 1513      00000000 
 1514              		.text
 1515              	.Letext0:
 1516              		.file 1 "c:\\program files (x86)\\cypress\\psoc creator\\4.2\\psoc creator\\import\\gnu\\arm\\5.4.
 1517              		.file 2 "c:\\program files (x86)\\cypress\\psoc creator\\4.2\\psoc creator\\import\\gnu\\arm\\5.4.
 1518              		.file 3 "Generated_Source\\PSoC5\\cymetadata.c"
 1519              		.section	.debug_info,"",%progbits
 1520              	.Ldebug_info0:
 1521 0000 32010000 		.4byte	0x132
 1522 0004 0400     		.2byte	0x4
 1523 0006 00000000 		.4byte	.Ldebug_abbrev0
 1524 000a 04       		.byte	0x4
 1525 000b 01       		.uleb128 0x1
 1526 000c 24000000 		.4byte	.LASF17
 1527 0010 0C       		.byte	0xc
 1528 0011 A3010000 		.4byte	.LASF18
 1529 0015 E7000000 		.4byte	.LASF19
 1530 0019 00000000 		.4byte	.Ldebug_line0
 1531 001d 02       		.uleb128 0x2
 1532 001e 01       		.byte	0x1
 1533 001f 06       		.byte	0x6
 1534 0020 97010000 		.4byte	.LASF0
 1535 0024 03       		.uleb128 0x3
ARM GAS  C:\Users\chascha\AppData\Local\Temp\ccEJ5bWd.s 			page 28


 1536 0025 00000000 		.4byte	.LASF9
 1537 0029 01       		.byte	0x1
 1538 002a 1D       		.byte	0x1d
 1539 002b 2F000000 		.4byte	0x2f
 1540 002f 02       		.uleb128 0x2
 1541 0030 01       		.byte	0x1
 1542 0031 08       		.byte	0x8
 1543 0032 16000000 		.4byte	.LASF1
 1544 0036 02       		.uleb128 0x2
 1545 0037 02       		.byte	0x2
 1546 0038 05       		.byte	0x5
 1547 0039 84010000 		.4byte	.LASF2
 1548 003d 02       		.uleb128 0x2
 1549 003e 02       		.byte	0x2
 1550 003f 07       		.byte	0x7
 1551 0040 C4000000 		.4byte	.LASF3
 1552 0044 02       		.uleb128 0x2
 1553 0045 04       		.byte	0x4
 1554 0046 05       		.byte	0x5
 1555 0047 8E010000 		.4byte	.LASF4
 1556 004b 02       		.uleb128 0x2
 1557 004c 04       		.byte	0x4
 1558 004d 07       		.byte	0x7
 1559 004e B2000000 		.4byte	.LASF5
 1560 0052 02       		.uleb128 0x2
 1561 0053 08       		.byte	0x8
 1562 0054 05       		.byte	0x5
 1563 0055 76010000 		.4byte	.LASF6
 1564 0059 02       		.uleb128 0x2
 1565 005a 08       		.byte	0x8
 1566 005b 07       		.byte	0x7
 1567 005c 2B010000 		.4byte	.LASF7
 1568 0060 04       		.uleb128 0x4
 1569 0061 04       		.byte	0x4
 1570 0062 05       		.byte	0x5
 1571 0063 696E7400 		.ascii	"int\000"
 1572 0067 02       		.uleb128 0x2
 1573 0068 04       		.byte	0x4
 1574 0069 07       		.byte	0x7
 1575 006a 1E010000 		.4byte	.LASF8
 1576 006e 03       		.uleb128 0x3
 1577 006f 42010000 		.4byte	.LASF10
 1578 0073 02       		.byte	0x2
 1579 0074 18       		.byte	0x18
 1580 0075 24000000 		.4byte	0x24
 1581 0079 05       		.uleb128 0x5
 1582 007a 91000000 		.4byte	0x91
 1583 007e 8A000000 		.4byte	0x8a
 1584 0082 06       		.uleb128 0x6
 1585 0083 8A000000 		.4byte	0x8a
 1586 0087 A305     		.2byte	0x5a3
 1587 0089 00       		.byte	0
 1588 008a 02       		.uleb128 0x2
 1589 008b 04       		.byte	0x4
 1590 008c 07       		.byte	0x7
 1591 008d 6D010000 		.4byte	.LASF11
 1592 0091 07       		.uleb128 0x7
ARM GAS  C:\Users\chascha\AppData\Local\Temp\ccEJ5bWd.s 			page 29


 1593 0092 6E000000 		.4byte	0x6e
 1594 0096 08       		.uleb128 0x8
 1595 0097 0C010000 		.4byte	.LASF12
 1596 009b 03       		.byte	0x3
 1597 009c 1F       		.byte	0x1f
 1598 009d A7000000 		.4byte	0xa7
 1599 00a1 05       		.uleb128 0x5
 1600 00a2 03       		.byte	0x3
 1601 00a3 00000000 		.4byte	cy_meta_configecc
 1602 00a7 07       		.uleb128 0x7
 1603 00a8 79000000 		.4byte	0x79
 1604 00ac 05       		.uleb128 0x5
 1605 00ad 91000000 		.4byte	0x91
 1606 00b1 BC000000 		.4byte	0xbc
 1607 00b5 09       		.uleb128 0x9
 1608 00b6 8A000000 		.4byte	0x8a
 1609 00ba 03       		.byte	0x3
 1610 00bb 00       		.byte	0
 1611 00bc 08       		.uleb128 0x8
 1612 00bd D7000000 		.4byte	.LASF13
 1613 00c1 03       		.byte	0x3
 1614 00c2 E1       		.byte	0xe1
 1615 00c3 CD000000 		.4byte	0xcd
 1616 00c7 05       		.uleb128 0x5
 1617 00c8 03       		.byte	0x3
 1618 00c9 00000000 		.4byte	cy_meta_custnvl
 1619 00cd 07       		.uleb128 0x7
 1620 00ce AC000000 		.4byte	0xac
 1621 00d2 08       		.uleb128 0x8
 1622 00d3 5F010000 		.4byte	.LASF14
 1623 00d7 03       		.byte	0x3
 1624 00d8 EF       		.byte	0xef
 1625 00d9 E3000000 		.4byte	0xe3
 1626 00dd 05       		.uleb128 0x5
 1627 00de 03       		.byte	0x3
 1628 00df 00000000 		.4byte	cy_meta_wonvl
 1629 00e3 07       		.uleb128 0x7
 1630 00e4 AC000000 		.4byte	0xac
 1631 00e8 05       		.uleb128 0x5
 1632 00e9 91000000 		.4byte	0x91
 1633 00ed F8000000 		.4byte	0xf8
 1634 00f1 09       		.uleb128 0x9
 1635 00f2 8A000000 		.4byte	0x8a
 1636 00f6 FF       		.byte	0xff
 1637 00f7 00       		.byte	0
 1638 00f8 08       		.uleb128 0x8
 1639 00f9 4A010000 		.4byte	.LASF15
 1640 00fd 03       		.byte	0x3
 1641 00fe FD       		.byte	0xfd
 1642 00ff 09010000 		.4byte	0x109
 1643 0103 05       		.uleb128 0x5
 1644 0104 03       		.byte	0x3
 1645 0105 00000000 		.4byte	cy_meta_flashprotect
 1646 0109 07       		.uleb128 0x7
 1647 010a E8000000 		.4byte	0xe8
 1648 010e 05       		.uleb128 0x5
 1649 010f 91000000 		.4byte	0x91
ARM GAS  C:\Users\chascha\AppData\Local\Temp\ccEJ5bWd.s 			page 30


 1650 0113 1E010000 		.4byte	0x11e
 1651 0117 09       		.uleb128 0x9
 1652 0118 8A000000 		.4byte	0x8a
 1653 011c 0B       		.byte	0xb
 1654 011d 00       		.byte	0
 1655 011e 0A       		.uleb128 0xa
 1656 011f 0A000000 		.4byte	.LASF16
 1657 0123 03       		.byte	0x3
 1658 0124 2A01     		.2byte	0x12a
 1659 0126 30010000 		.4byte	0x130
 1660 012a 05       		.uleb128 0x5
 1661 012b 03       		.byte	0x3
 1662 012c 00000000 		.4byte	cy_metadata
 1663 0130 07       		.uleb128 0x7
 1664 0131 0E010000 		.4byte	0x10e
 1665 0135 00       		.byte	0
 1666              		.section	.debug_abbrev,"",%progbits
 1667              	.Ldebug_abbrev0:
 1668 0000 01       		.uleb128 0x1
 1669 0001 11       		.uleb128 0x11
 1670 0002 01       		.byte	0x1
 1671 0003 25       		.uleb128 0x25
 1672 0004 0E       		.uleb128 0xe
 1673 0005 13       		.uleb128 0x13
 1674 0006 0B       		.uleb128 0xb
 1675 0007 03       		.uleb128 0x3
 1676 0008 0E       		.uleb128 0xe
 1677 0009 1B       		.uleb128 0x1b
 1678 000a 0E       		.uleb128 0xe
 1679 000b 10       		.uleb128 0x10
 1680 000c 17       		.uleb128 0x17
 1681 000d 00       		.byte	0
 1682 000e 00       		.byte	0
 1683 000f 02       		.uleb128 0x2
 1684 0010 24       		.uleb128 0x24
 1685 0011 00       		.byte	0
 1686 0012 0B       		.uleb128 0xb
 1687 0013 0B       		.uleb128 0xb
 1688 0014 3E       		.uleb128 0x3e
 1689 0015 0B       		.uleb128 0xb
 1690 0016 03       		.uleb128 0x3
 1691 0017 0E       		.uleb128 0xe
 1692 0018 00       		.byte	0
 1693 0019 00       		.byte	0
 1694 001a 03       		.uleb128 0x3
 1695 001b 16       		.uleb128 0x16
 1696 001c 00       		.byte	0
 1697 001d 03       		.uleb128 0x3
 1698 001e 0E       		.uleb128 0xe
 1699 001f 3A       		.uleb128 0x3a
 1700 0020 0B       		.uleb128 0xb
 1701 0021 3B       		.uleb128 0x3b
 1702 0022 0B       		.uleb128 0xb
 1703 0023 49       		.uleb128 0x49
 1704 0024 13       		.uleb128 0x13
 1705 0025 00       		.byte	0
 1706 0026 00       		.byte	0
ARM GAS  C:\Users\chascha\AppData\Local\Temp\ccEJ5bWd.s 			page 31


 1707 0027 04       		.uleb128 0x4
 1708 0028 24       		.uleb128 0x24
 1709 0029 00       		.byte	0
 1710 002a 0B       		.uleb128 0xb
 1711 002b 0B       		.uleb128 0xb
 1712 002c 3E       		.uleb128 0x3e
 1713 002d 0B       		.uleb128 0xb
 1714 002e 03       		.uleb128 0x3
 1715 002f 08       		.uleb128 0x8
 1716 0030 00       		.byte	0
 1717 0031 00       		.byte	0
 1718 0032 05       		.uleb128 0x5
 1719 0033 01       		.uleb128 0x1
 1720 0034 01       		.byte	0x1
 1721 0035 49       		.uleb128 0x49
 1722 0036 13       		.uleb128 0x13
 1723 0037 01       		.uleb128 0x1
 1724 0038 13       		.uleb128 0x13
 1725 0039 00       		.byte	0
 1726 003a 00       		.byte	0
 1727 003b 06       		.uleb128 0x6
 1728 003c 21       		.uleb128 0x21
 1729 003d 00       		.byte	0
 1730 003e 49       		.uleb128 0x49
 1731 003f 13       		.uleb128 0x13
 1732 0040 2F       		.uleb128 0x2f
 1733 0041 05       		.uleb128 0x5
 1734 0042 00       		.byte	0
 1735 0043 00       		.byte	0
 1736 0044 07       		.uleb128 0x7
 1737 0045 26       		.uleb128 0x26
 1738 0046 00       		.byte	0
 1739 0047 49       		.uleb128 0x49
 1740 0048 13       		.uleb128 0x13
 1741 0049 00       		.byte	0
 1742 004a 00       		.byte	0
 1743 004b 08       		.uleb128 0x8
 1744 004c 34       		.uleb128 0x34
 1745 004d 00       		.byte	0
 1746 004e 03       		.uleb128 0x3
 1747 004f 0E       		.uleb128 0xe
 1748 0050 3A       		.uleb128 0x3a
 1749 0051 0B       		.uleb128 0xb
 1750 0052 3B       		.uleb128 0x3b
 1751 0053 0B       		.uleb128 0xb
 1752 0054 49       		.uleb128 0x49
 1753 0055 13       		.uleb128 0x13
 1754 0056 3F       		.uleb128 0x3f
 1755 0057 19       		.uleb128 0x19
 1756 0058 02       		.uleb128 0x2
 1757 0059 18       		.uleb128 0x18
 1758 005a 00       		.byte	0
 1759 005b 00       		.byte	0
 1760 005c 09       		.uleb128 0x9
 1761 005d 21       		.uleb128 0x21
 1762 005e 00       		.byte	0
 1763 005f 49       		.uleb128 0x49
ARM GAS  C:\Users\chascha\AppData\Local\Temp\ccEJ5bWd.s 			page 32


 1764 0060 13       		.uleb128 0x13
 1765 0061 2F       		.uleb128 0x2f
 1766 0062 0B       		.uleb128 0xb
 1767 0063 00       		.byte	0
 1768 0064 00       		.byte	0
 1769 0065 0A       		.uleb128 0xa
 1770 0066 34       		.uleb128 0x34
 1771 0067 00       		.byte	0
 1772 0068 03       		.uleb128 0x3
 1773 0069 0E       		.uleb128 0xe
 1774 006a 3A       		.uleb128 0x3a
 1775 006b 0B       		.uleb128 0xb
 1776 006c 3B       		.uleb128 0x3b
 1777 006d 05       		.uleb128 0x5
 1778 006e 49       		.uleb128 0x49
 1779 006f 13       		.uleb128 0x13
 1780 0070 3F       		.uleb128 0x3f
 1781 0071 19       		.uleb128 0x19
 1782 0072 02       		.uleb128 0x2
 1783 0073 18       		.uleb128 0x18
 1784 0074 00       		.byte	0
 1785 0075 00       		.byte	0
 1786 0076 00       		.byte	0
 1787              		.section	.debug_aranges,"",%progbits
 1788 0000 14000000 		.4byte	0x14
 1789 0004 0200     		.2byte	0x2
 1790 0006 00000000 		.4byte	.Ldebug_info0
 1791 000a 04       		.byte	0x4
 1792 000b 00       		.byte	0
 1793 000c 0000     		.2byte	0
 1794 000e 0000     		.2byte	0
 1795 0010 00000000 		.4byte	0
 1796 0014 00000000 		.4byte	0
 1797              		.section	.debug_line,"",%progbits
 1798              	.Ldebug_line0:
 1799 0000 3D010000 		.section	.debug_str,"MS",%progbits,1
 1799      02003701 
 1799      00000201 
 1799      FB0E0D00 
 1799      01010101 
 1800              	.LASF9:
 1801 0000 5F5F7569 		.ascii	"__uint8_t\000"
 1801      6E74385F 
 1801      7400
 1802              	.LASF16:
 1803 000a 63795F6D 		.ascii	"cy_metadata\000"
 1803      65746164 
 1803      61746100 
 1804              	.LASF1:
 1805 0016 756E7369 		.ascii	"unsigned char\000"
 1805      676E6564 
 1805      20636861 
 1805      7200
 1806              	.LASF17:
 1807 0024 474E5520 		.ascii	"GNU C11 5.4.1 20160609 (release) [ARM/embedded-5-br"
 1807      43313120 
 1807      352E342E 
ARM GAS  C:\Users\chascha\AppData\Local\Temp\ccEJ5bWd.s 			page 33


 1807      31203230 
 1807      31363036 
 1808 0057 616E6368 		.ascii	"anch revision 237715] -mcpu=cortex-m3 -mthumb -g -O"
 1808      20726576 
 1808      6973696F 
 1808      6E203233 
 1808      37373135 
 1809 008a 67202D66 		.ascii	"g -ffunction-sections -ffat-lto-objects\000"
 1809      66756E63 
 1809      74696F6E 
 1809      2D736563 
 1809      74696F6E 
 1810              	.LASF5:
 1811 00b2 6C6F6E67 		.ascii	"long unsigned int\000"
 1811      20756E73 
 1811      69676E65 
 1811      6420696E 
 1811      7400
 1812              	.LASF3:
 1813 00c4 73686F72 		.ascii	"short unsigned int\000"
 1813      7420756E 
 1813      7369676E 
 1813      65642069 
 1813      6E7400
 1814              	.LASF13:
 1815 00d7 63795F6D 		.ascii	"cy_meta_custnvl\000"
 1815      6574615F 
 1815      63757374 
 1815      6E766C00 
 1816              	.LASF19:
 1817 00e7 453A5C53 		.ascii	"E:\\SP21\\ECE405\\BioLock\\BioLock.cydsn\000"
 1817      5032315C 
 1817      45434534 
 1817      30355C42 
 1817      696F4C6F 
 1818              	.LASF12:
 1819 010c 63795F6D 		.ascii	"cy_meta_configecc\000"
 1819      6574615F 
 1819      636F6E66 
 1819      69676563 
 1819      6300
 1820              	.LASF8:
 1821 011e 756E7369 		.ascii	"unsigned int\000"
 1821      676E6564 
 1821      20696E74 
 1821      00
 1822              	.LASF7:
 1823 012b 6C6F6E67 		.ascii	"long long unsigned int\000"
 1823      206C6F6E 
 1823      6720756E 
 1823      7369676E 
 1823      65642069 
 1824              	.LASF10:
 1825 0142 75696E74 		.ascii	"uint8_t\000"
 1825      385F7400 
 1826              	.LASF15:
 1827 014a 63795F6D 		.ascii	"cy_meta_flashprotect\000"
ARM GAS  C:\Users\chascha\AppData\Local\Temp\ccEJ5bWd.s 			page 34


 1827      6574615F 
 1827      666C6173 
 1827      6870726F 
 1827      74656374 
 1828              	.LASF14:
 1829 015f 63795F6D 		.ascii	"cy_meta_wonvl\000"
 1829      6574615F 
 1829      776F6E76 
 1829      6C00
 1830              	.LASF11:
 1831 016d 73697A65 		.ascii	"sizetype\000"
 1831      74797065 
 1831      00
 1832              	.LASF6:
 1833 0176 6C6F6E67 		.ascii	"long long int\000"
 1833      206C6F6E 
 1833      6720696E 
 1833      7400
 1834              	.LASF2:
 1835 0184 73686F72 		.ascii	"short int\000"
 1835      7420696E 
 1835      7400
 1836              	.LASF4:
 1837 018e 6C6F6E67 		.ascii	"long int\000"
 1837      20696E74 
 1837      00
 1838              	.LASF0:
 1839 0197 7369676E 		.ascii	"signed char\000"
 1839      65642063 
 1839      68617200 
 1840              	.LASF18:
 1841 01a3 47656E65 		.ascii	"Generated_Source\\PSoC5\\cymetadata.c\000"
 1841      72617465 
 1841      645F536F 
 1841      75726365 
 1841      5C50536F 
 1842              		.ident	"GCC: (GNU Tools for ARM Embedded Processors) 5.4.1 20160609 (release) [ARM/embedded-5-bran
