ARM GAS  C:\Users\chascha\AppData\Local\Temp\ccvS11WD.s 			page 1


   1              		.syntax unified
   2              		.cpu cortex-m3
   3              		.fpu softvfp
   4              		.eabi_attribute 20, 1
   5              		.eabi_attribute 21, 1
   6              		.eabi_attribute 23, 3
   7              		.eabi_attribute 24, 1
   8              		.eabi_attribute 25, 1
   9              		.eabi_attribute 26, 1
  10              		.eabi_attribute 30, 1
  11              		.eabi_attribute 34, 1
  12              		.eabi_attribute 18, 4
  13              		.thumb
  14              		.syntax unified
  15              		.file	"main.c"
  16              		.text
  17              	.Ltext0:
  18              		.cfi_sections	.debug_frame
  19              		.section	.text.zeroEEPROM,"ax",%progbits
  20              		.align	2
  21              		.global	zeroEEPROM
  22              		.thumb
  23              		.thumb_func
  24              		.type	zeroEEPROM, %function
  25              	zeroEEPROM:
  26              	.LFB64:
  27              		.file 1 "main.c"
   1:main.c        **** /* ========================================
   2:main.c        ****  *
   3:main.c        ****  * Copyright YOUR COMPANY, THE YEAR
   4:main.c        ****  * All Rights Reserved
   5:main.c        ****  * UNPUBLISHED, LICENSED SOFTWARE.
   6:main.c        ****  *
   7:main.c        ****  * CONFIDENTIAL AND PROPRIETARY INFORMATION
   8:main.c        ****  * WHICH IS THE PROPERTY OF your company.
   9:main.c        ****  *
  10:main.c        ****  * ========================================
  11:main.c        **** */
  12:main.c        **** #include "project.h"
  13:main.c        **** #include "stdio.h"
  14:main.c        **** 
  15:main.c        **** extern volatile char mFlag;
  16:main.c        **** extern volatile unsigned int mPos;
  17:main.c        **** extern volatile int motorTime;
  18:main.c        **** extern volatile uint8 FPSID;
  19:main.c        **** extern volatile uint8 buttonID;
  20:main.c        **** extern volatile uint8 FPSmPos;
  21:main.c        **** extern volatile uint8 cycleFlag;
  22:main.c        **** 
  23:main.c        **** void zeroEEPROM(uint8 addr)
  24:main.c        **** {
  28              		.loc 1 24 0
  29              		.cfi_startproc
  30              		@ args = 0, pretend = 0, frame = 8
  31              		@ frame_needed = 0, uses_anonymous_args = 0
  32              	.LVL0:
  33 0000 10B5     		push	{r4, lr}
ARM GAS  C:\Users\chascha\AppData\Local\Temp\ccvS11WD.s 			page 2


  34              		.cfi_def_cfa_offset 8
  35              		.cfi_offset 4, -8
  36              		.cfi_offset 14, -4
  37 0002 82B0     		sub	sp, sp, #8
  38              		.cfi_def_cfa_offset 16
  39 0004 0446     		mov	r4, r0
  40              	.LVL1:
  41              	.L3:
  25:main.c        ****     uint8 arr[2];
  26:main.c        ****     char array[2];
  27:main.c        ****     do
  28:main.c        ****     {
  29:main.c        ****         arr[0] = addr;
  42              		.loc 1 29 0
  43 0006 8DF80440 		strb	r4, [sp, #4]
  30:main.c        ****         arr[1] = 1;
  44              		.loc 1 30 0
  45 000a 0123     		movs	r3, #1
  46 000c 8DF80530 		strb	r3, [sp, #5]
  31:main.c        ****         
  32:main.c        ****         I2C_MasterWriteBuf(0b01010000, arr, 2, I2C_MODE_COMPLETE_XFER);
  47              		.loc 1 32 0
  48 0010 0023     		movs	r3, #0
  49 0012 0222     		movs	r2, #2
  50 0014 01A9     		add	r1, sp, #4
  51 0016 5020     		movs	r0, #80
  52 0018 FFF7FEFF 		bl	I2C_MasterWriteBuf
  53              	.LVL2:
  54              	.L2:
  33:main.c        ****         while (!(I2C_MasterStatus() & I2C_MSTAT_WR_CMPLT));
  55              		.loc 1 33 0 discriminator 1
  56 001c FFF7FEFF 		bl	I2C_MasterStatus
  57              	.LVL3:
  58 0020 10F0020F 		tst	r0, #2
  59 0024 FAD0     		beq	.L2
  34:main.c        ****         I2C_MasterClearStatus();
  60              		.loc 1 34 0
  61 0026 FFF7FEFF 		bl	I2C_MasterClearStatus
  62              	.LVL4:
  35:main.c        ****         CyDelay(5);
  63              		.loc 1 35 0
  64 002a 0520     		movs	r0, #5
  65 002c FFF7FEFF 		bl	CyDelay
  66              	.LVL5:
  36:main.c        ****         
  37:main.c        ****         sprintf(array, " %d %d\n\r", arr[0], arr[1]);
  67              		.loc 1 37 0
  68 0030 9DF80530 		ldrb	r3, [sp, #5]	@ zero_extendqisi2
  69 0034 9DF80420 		ldrb	r2, [sp, #4]	@ zero_extendqisi2
  70 0038 0649     		ldr	r1, .L5
  71 003a 6846     		mov	r0, sp
  72 003c FFF7FEFF 		bl	sprintf
  73              	.LVL6:
  38:main.c        ****         UART_PutString(array);
  74              		.loc 1 38 0
  75 0040 6846     		mov	r0, sp
  76 0042 FFF7FEFF 		bl	UART_PutString
ARM GAS  C:\Users\chascha\AppData\Local\Temp\ccvS11WD.s 			page 3


  77              	.LVL7:
  39:main.c        ****         addr++;
  78              		.loc 1 39 0
  79 0046 0134     		adds	r4, r4, #1
  80              	.LVL8:
  81 0048 E4B2     		uxtb	r4, r4
  82              	.LVL9:
  40:main.c        ****     }while(addr != 10);
  83              		.loc 1 40 0
  84 004a 0A2C     		cmp	r4, #10
  85 004c DBD1     		bne	.L3
  41:main.c        **** }
  86              		.loc 1 41 0
  87 004e 02B0     		add	sp, sp, #8
  88              		.cfi_def_cfa_offset 8
  89              		@ sp needed
  90 0050 10BD     		pop	{r4, pc}
  91              	.LVL10:
  92              	.L6:
  93 0052 00BF     		.align	2
  94              	.L5:
  95 0054 00000000 		.word	.LC0
  96              		.cfi_endproc
  97              	.LFE64:
  98              		.size	zeroEEPROM, .-zeroEEPROM
  99              		.section	.text.storeTestValues,"ax",%progbits
 100              		.align	2
 101              		.global	storeTestValues
 102              		.thumb
 103              		.thumb_func
 104              		.type	storeTestValues, %function
 105              	storeTestValues:
 106              	.LFB65:
  42:main.c        **** 
  43:main.c        ****  void storeTestValues( uint8 addr)
  44:main.c        **** {
 107              		.loc 1 44 0
 108              		.cfi_startproc
 109              		@ args = 0, pretend = 0, frame = 16
 110              		@ frame_needed = 0, uses_anonymous_args = 0
 111              	.LVL11:
 112 0000 30B5     		push	{r4, r5, lr}
 113              		.cfi_def_cfa_offset 12
 114              		.cfi_offset 4, -12
 115              		.cfi_offset 5, -8
 116              		.cfi_offset 14, -4
 117 0002 85B0     		sub	sp, sp, #20
 118              		.cfi_def_cfa_offset 32
 119 0004 0446     		mov	r4, r0
 120              	.LVL12:
  45:main.c        ****     uint8 arr[2];
  46:main.c        ****     char array[2];
  47:main.c        ****     uint8 num = 5;
 121              		.loc 1 47 0
 122 0006 0525     		movs	r5, #5
 123              	.LVL13:
 124              	.L9:
ARM GAS  C:\Users\chascha\AppData\Local\Temp\ccvS11WD.s 			page 4


  48:main.c        ****     char cpos[1];
  49:main.c        **** 
  50:main.c        ****     do
  51:main.c        ****     {
  52:main.c        ****         arr[0] = addr;
 125              		.loc 1 52 0
 126 0008 8DF80C40 		strb	r4, [sp, #12]
  53:main.c        ****         arr[1] = num;
 127              		.loc 1 53 0
 128 000c 8DF80D50 		strb	r5, [sp, #13]
  54:main.c        ****         
  55:main.c        ****         I2C_MasterWriteBuf(0b01010000, arr, 2, I2C_MODE_COMPLETE_XFER);
 129              		.loc 1 55 0
 130 0010 0023     		movs	r3, #0
 131 0012 0222     		movs	r2, #2
 132 0014 03A9     		add	r1, sp, #12
 133 0016 5020     		movs	r0, #80
 134 0018 FFF7FEFF 		bl	I2C_MasterWriteBuf
 135              	.LVL14:
 136              	.L8:
  56:main.c        ****         while (!(I2C_MasterStatus() & I2C_MSTAT_WR_CMPLT));
 137              		.loc 1 56 0 discriminator 1
 138 001c FFF7FEFF 		bl	I2C_MasterStatus
 139              	.LVL15:
 140 0020 10F0020F 		tst	r0, #2
 141 0024 FAD0     		beq	.L8
  57:main.c        ****         I2C_MasterClearStatus();
 142              		.loc 1 57 0
 143 0026 FFF7FEFF 		bl	I2C_MasterClearStatus
 144              	.LVL16:
  58:main.c        ****         CyDelay(5);
 145              		.loc 1 58 0
 146 002a 0520     		movs	r0, #5
 147 002c FFF7FEFF 		bl	CyDelay
 148              	.LVL17:
  59:main.c        ****         
  60:main.c        ****         sprintf(array, " %d %d\n\r", arr[0], arr[1]);
 149              		.loc 1 60 0
 150 0030 9DF80D30 		ldrb	r3, [sp, #13]	@ zero_extendqisi2
 151 0034 9DF80C20 		ldrb	r2, [sp, #12]	@ zero_extendqisi2
 152 0038 1749     		ldr	r1, .L11
 153 003a 02A8     		add	r0, sp, #8
 154 003c FFF7FEFF 		bl	sprintf
 155              	.LVL18:
  61:main.c        ****         UART_PutString(array);
 156              		.loc 1 61 0
 157 0040 02A8     		add	r0, sp, #8
 158 0042 FFF7FEFF 		bl	UART_PutString
 159              	.LVL19:
  62:main.c        ****         addr++;
 160              		.loc 1 62 0
 161 0046 0134     		adds	r4, r4, #1
 162              	.LVL20:
 163 0048 E4B2     		uxtb	r4, r4
 164              	.LVL21:
  63:main.c        ****         num+=2;
 165              		.loc 1 63 0
ARM GAS  C:\Users\chascha\AppData\Local\Temp\ccvS11WD.s 			page 5


 166 004a 0235     		adds	r5, r5, #2
 167              	.LVL22:
 168 004c EDB2     		uxtb	r5, r5
 169              	.LVL23:
  64:main.c        ****     }while(addr != 10);
 170              		.loc 1 64 0
 171 004e 0A2C     		cmp	r4, #10
 172 0050 DAD1     		bne	.L9
  65:main.c        ****     LCD_I2C_clear();
 173              		.loc 1 65 0
 174 0052 FFF7FEFF 		bl	LCD_I2C_clear
 175              	.LVL24:
  66:main.c        ****     LCD_I2C_setCursor(0,0);
 176              		.loc 1 66 0
 177 0056 0021     		movs	r1, #0
 178 0058 0846     		mov	r0, r1
 179 005a FFF7FEFF 		bl	LCD_I2C_setCursor
 180              	.LVL25:
  67:main.c        ****     LCD_I2C_print("ECE405 Biolock");
 181              		.loc 1 67 0
 182 005e 0F48     		ldr	r0, .L11+4
 183 0060 FFF7FEFF 		bl	LCD_I2C_print
 184              	.LVL26:
  68:main.c        ****     CyDelay(3000);
 185              		.loc 1 68 0
 186 0064 40F6B830 		movw	r0, #3000
 187 0068 FFF7FEFF 		bl	CyDelay
 188              	.LVL27:
  69:main.c        ****     LCD_I2C_clear();
 189              		.loc 1 69 0
 190 006c FFF7FEFF 		bl	LCD_I2C_clear
 191              	.LVL28:
  70:main.c        ****     sprintf(cpos, "%d", mPos);
 192              		.loc 1 70 0
 193 0070 0B4B     		ldr	r3, .L11+8
 194 0072 1A68     		ldr	r2, [r3]
 195 0074 0B49     		ldr	r1, .L11+12
 196 0076 01A8     		add	r0, sp, #4
 197 0078 FFF7FEFF 		bl	sprintf
 198              	.LVL29:
  71:main.c        ****     LCD_I2C_setCursor(0,1);
 199              		.loc 1 71 0
 200 007c 0121     		movs	r1, #1
 201 007e 0020     		movs	r0, #0
 202 0080 FFF7FEFF 		bl	LCD_I2C_setCursor
 203              	.LVL30:
  72:main.c        ****     LCD_I2C_print("cPos:");
 204              		.loc 1 72 0
 205 0084 0848     		ldr	r0, .L11+16
 206 0086 FFF7FEFF 		bl	LCD_I2C_print
 207              	.LVL31:
  73:main.c        ****     LCD_I2C_print(cpos);
 208              		.loc 1 73 0
 209 008a 01A8     		add	r0, sp, #4
 210 008c FFF7FEFF 		bl	LCD_I2C_print
 211              	.LVL32:
  74:main.c        **** 
ARM GAS  C:\Users\chascha\AppData\Local\Temp\ccvS11WD.s 			page 6


  75:main.c        ****     I2C_Stop();
 212              		.loc 1 75 0
 213 0090 FFF7FEFF 		bl	I2C_Stop
 214              	.LVL33:
  76:main.c        **** }
 215              		.loc 1 76 0
 216 0094 05B0     		add	sp, sp, #20
 217              		.cfi_def_cfa_offset 12
 218              		@ sp needed
 219 0096 30BD     		pop	{r4, r5, pc}
 220              	.LVL34:
 221              	.L12:
 222              		.align	2
 223              	.L11:
 224 0098 00000000 		.word	.LC0
 225 009c 0C000000 		.word	.LC1
 226 00a0 00000000 		.word	mPos
 227 00a4 1C000000 		.word	.LC2
 228 00a8 20000000 		.word	.LC3
 229              		.cfi_endproc
 230              	.LFE65:
 231              		.size	storeTestValues, .-storeTestValues
 232              		.section	.text.main,"ax",%progbits
 233              		.align	2
 234              		.global	main
 235              		.thumb
 236              		.thumb_func
 237              		.type	main, %function
 238              	main:
 239              	.LFB66:
  77:main.c        **** 
  78:main.c        **** 
  79:main.c        **** int main(void)
  80:main.c        **** {
 240              		.loc 1 80 0
 241              		.cfi_startproc
 242              		@ Volatile: function does not return.
 243              		@ args = 0, pretend = 0, frame = 0
 244              		@ frame_needed = 0, uses_anonymous_args = 0
 245 0000 08B5     		push	{r3, lr}
 246              		.cfi_def_cfa_offset 8
 247              		.cfi_offset 3, -8
 248              		.cfi_offset 14, -4
  81:main.c        ****     CyGlobalIntEnable; /* Enable global interrupts. */
 249              		.loc 1 81 0
 250              		.syntax unified
 251              	@ 81 "main.c" 1
 252 0002 62B6     		CPSIE   i
 253              	@ 0 "" 2
  82:main.c        **** 
  83:main.c        ****     /* Place your initialization/startup code here (e.g. MyInst_Start()) */
  84:main.c        ****     UART_Start();
 254              		.loc 1 84 0
 255              		.thumb
 256              		.syntax unified
 257 0004 FFF7FEFF 		bl	UART_Start
 258              	.LVL35:
ARM GAS  C:\Users\chascha\AppData\Local\Temp\ccvS11WD.s 			page 7


  85:main.c        ****     LCD_I2C_start();
 259              		.loc 1 85 0
 260 0008 FFF7FEFF 		bl	LCD_I2C_start
 261              	.LVL36:
  86:main.c        ****     I2C_Start();
 262              		.loc 1 86 0
 263 000c FFF7FEFF 		bl	I2C_Start
 264              	.LVL37:
  87:main.c        ****     MotorTimer_Start();
 265              		.loc 1 87 0
 266 0010 FFF7FEFF 		bl	MotorTimer_Start
 267              	.LVL38:
  88:main.c        ****     
  89:main.c        ****     DebounceCLK_Start();
 268              		.loc 1 89 0
 269 0014 FFF7FEFF 		bl	DebounceCLK_Start
 270              	.LVL39:
  90:main.c        ****     MotorCLK_Start();
 271              		.loc 1 90 0
 272 0018 FFF7FEFF 		bl	MotorCLK_Start
 273              	.LVL40:
  91:main.c        ****     
  92:main.c        ****     CycleISR_Start();
 274              		.loc 1 92 0
 275 001c FFF7FEFF 		bl	CycleISR_Start
 276              	.LVL41:
  93:main.c        ****     ConfirmISR_Start();
 277              		.loc 1 93 0
 278 0020 FFF7FEFF 		bl	ConfirmISR_Start
 279              	.LVL42:
  94:main.c        ****     OverwriteISR_Start();
 280              		.loc 1 94 0
 281 0024 FFF7FEFF 		bl	OverwriteISR_Start
 282              	.LVL43:
  95:main.c        ****     ForwardISR_Start();
 283              		.loc 1 95 0
 284 0028 FFF7FEFF 		bl	ForwardISR_Start
 285              	.LVL44:
  96:main.c        ****     BackISR_Start();
 286              		.loc 1 96 0
 287 002c FFF7FEFF 		bl	BackISR_Start
 288              	.LVL45:
  97:main.c        ****     ICPCK_ISR_Start();
 289              		.loc 1 97 0
 290 0030 FFF7FEFF 		bl	ICPCK_ISR_Start
 291              	.LVL46:
  98:main.c        ****     ENCISR_Start();
 292              		.loc 1 98 0
 293 0034 FFF7FEFF 		bl	ENCISR_Start
 294              	.LVL47:
  99:main.c        ****     MotorISR_Start();
 295              		.loc 1 99 0
 296 0038 FFF7FEFF 		bl	MotorISR_Start
 297              	.LVL48:
 100:main.c        ****     
 101:main.c        ****     
 102:main.c        ****     mPos = 1;
ARM GAS  C:\Users\chascha\AppData\Local\Temp\ccvS11WD.s 			page 8


 298              		.loc 1 102 0
 299 003c 0123     		movs	r3, #1
 300 003e 074A     		ldr	r2, .L16
 301 0040 1360     		str	r3, [r2]
 103:main.c        ****     FPSmPos = 1;
 302              		.loc 1 103 0
 303 0042 074A     		ldr	r2, .L16+4
 304 0044 1370     		strb	r3, [r2]
 104:main.c        ****     buttonID = 0;
 305              		.loc 1 104 0
 306 0046 0024     		movs	r4, #0
 307 0048 064B     		ldr	r3, .L16+8
 308 004a 1C70     		strb	r4, [r3]
 105:main.c        ****     //MotorTimer_WritePeriod(9999);
 106:main.c        ****     zeroEEPROM(0);
 309              		.loc 1 106 0
 310 004c 2046     		mov	r0, r4
 311 004e FFF7FEFF 		bl	zeroEEPROM
 312              	.LVL49:
 107:main.c        ****     storeTestValues(0);
 313              		.loc 1 107 0
 314 0052 2046     		mov	r0, r4
 315 0054 FFF7FEFF 		bl	storeTestValues
 316              	.LVL50:
 317              	.L14:
 318 0058 FEE7     		b	.L14
 319              	.L17:
 320 005a 00BF     		.align	2
 321              	.L16:
 322 005c 00000000 		.word	mPos
 323 0060 00000000 		.word	FPSmPos
 324 0064 00000000 		.word	buttonID
 325              		.cfi_endproc
 326              	.LFE66:
 327              		.size	main, .-main
 328              		.section	.rodata.str1.4,"aMS",%progbits,1
 329              		.align	2
 330              	.LC0:
 331 0000 20256420 		.ascii	" %d %d\012\015\000"
 331      25640A0D 
 331      00
 332 0009 000000   		.space	3
 333              	.LC1:
 334 000c 45434534 		.ascii	"ECE405 Biolock\000"
 334      30352042 
 334      696F6C6F 
 334      636B00
 335 001b 00       		.space	1
 336              	.LC2:
 337 001c 256400   		.ascii	"%d\000"
 338 001f 00       		.space	1
 339              	.LC3:
 340 0020 63506F73 		.ascii	"cPos:\000"
 340      3A00
 341              		.text
 342              	.Letext0:
 343              		.file 2 "c:\\program files (x86)\\cypress\\psoc creator\\4.2\\psoc creator\\import\\gnu\\arm\\5.4.
ARM GAS  C:\Users\chascha\AppData\Local\Temp\ccvS11WD.s 			page 9


 344              		.file 3 "c:\\program files (x86)\\cypress\\psoc creator\\4.2\\psoc creator\\import\\gnu\\arm\\5.4.
 345              		.file 4 "Generated_Source\\PSoC5/cytypes.h"
 346              		.file 5 "Generated_Source\\PSoC5/core_cm3.h"
 347              		.file 6 "Generated_Source\\PSoC5/I2C.h"
 348              		.file 7 "Generated_Source\\PSoC5/CyLib.h"
 349              		.file 8 "c:\\program files (x86)\\cypress\\psoc creator\\4.2\\psoc creator\\import\\gnu\\arm\\5.4.
 350              		.file 9 "Generated_Source\\PSoC5/UART.h"
 351              		.file 10 "Generated_Source\\PSoC5/LCD_I2C_FUNCS.h"
 352              		.file 11 "Generated_Source\\PSoC5/MotorTimer.h"
 353              		.file 12 "Generated_Source\\PSoC5/DebounceCLK.h"
 354              		.file 13 "Generated_Source\\PSoC5/MotorCLK.h"
 355              		.file 14 "Generated_Source\\PSoC5/CycleISR.h"
 356              		.file 15 "Generated_Source\\PSoC5/ConfirmISR.h"
 357              		.file 16 "Generated_Source\\PSoC5/OverwriteISR.h"
 358              		.file 17 "Generated_Source\\PSoC5/ForwardISR.h"
 359              		.file 18 "Generated_Source\\PSoC5/BackISR.h"
 360              		.file 19 "Generated_Source\\PSoC5/ICPCK_ISR.h"
 361              		.file 20 "Generated_Source\\PSoC5/ENCISR.h"
 362              		.file 21 "Generated_Source\\PSoC5/MotorISR.h"
 363              		.section	.debug_info,"",%progbits
 364              	.Ldebug_info0:
 365 0000 36050000 		.4byte	0x536
 366 0004 0400     		.2byte	0x4
 367 0006 00000000 		.4byte	.Ldebug_abbrev0
 368 000a 04       		.byte	0x4
 369 000b 01       		.uleb128 0x1
 370 000c BB010000 		.4byte	.LASF50
 371 0010 0C       		.byte	0xc
 372 0011 83020000 		.4byte	.LASF51
 373 0015 4E010000 		.4byte	.LASF52
 374 0019 00000000 		.4byte	.Ldebug_ranges0+0
 375 001d 00000000 		.4byte	0
 376 0021 00000000 		.4byte	.Ldebug_line0
 377 0025 02       		.uleb128 0x2
 378 0026 01       		.byte	0x1
 379 0027 06       		.byte	0x6
 380 0028 E4020000 		.4byte	.LASF0
 381 002c 02       		.uleb128 0x2
 382 002d 01       		.byte	0x1
 383 002e 08       		.byte	0x8
 384 002f B9000000 		.4byte	.LASF1
 385 0033 02       		.uleb128 0x2
 386 0034 02       		.byte	0x2
 387 0035 05       		.byte	0x5
 388 0036 44010000 		.4byte	.LASF2
 389 003a 02       		.uleb128 0x2
 390 003b 02       		.byte	0x2
 391 003c 07       		.byte	0x7
 392 003d 1C000000 		.4byte	.LASF3
 393 0041 03       		.uleb128 0x3
 394 0042 00000000 		.4byte	.LASF9
 395 0046 02       		.byte	0x2
 396 0047 3F       		.byte	0x3f
 397 0048 4C000000 		.4byte	0x4c
 398 004c 02       		.uleb128 0x2
 399 004d 04       		.byte	0x4
 400 004e 05       		.byte	0x5
ARM GAS  C:\Users\chascha\AppData\Local\Temp\ccvS11WD.s 			page 10


 401 004f CF020000 		.4byte	.LASF4
 402 0053 02       		.uleb128 0x2
 403 0054 04       		.byte	0x4
 404 0055 07       		.byte	0x7
 405 0056 32010000 		.4byte	.LASF5
 406 005a 02       		.uleb128 0x2
 407 005b 08       		.byte	0x8
 408 005c 05       		.byte	0x5
 409 005d 75020000 		.4byte	.LASF6
 410 0061 02       		.uleb128 0x2
 411 0062 08       		.byte	0x8
 412 0063 07       		.byte	0x7
 413 0064 9C010000 		.4byte	.LASF7
 414 0068 04       		.uleb128 0x4
 415 0069 04       		.byte	0x4
 416 006a 05       		.byte	0x5
 417 006b 696E7400 		.ascii	"int\000"
 418 006f 02       		.uleb128 0x2
 419 0070 04       		.byte	0x4
 420 0071 07       		.byte	0x7
 421 0072 81010000 		.4byte	.LASF8
 422 0076 03       		.uleb128 0x3
 423 0077 72000000 		.4byte	.LASF10
 424 007b 03       		.byte	0x3
 425 007c 2C       		.byte	0x2c
 426 007d 41000000 		.4byte	0x41
 427 0081 05       		.uleb128 0x5
 428 0082 B8020000 		.4byte	.LASF11
 429 0086 04       		.byte	0x4
 430 0087 E701     		.2byte	0x1e7
 431 0089 2C000000 		.4byte	0x2c
 432 008d 02       		.uleb128 0x2
 433 008e 04       		.byte	0x4
 434 008f 04       		.byte	0x4
 435 0090 85000000 		.4byte	.LASF12
 436 0094 02       		.uleb128 0x2
 437 0095 08       		.byte	0x8
 438 0096 04       		.byte	0x4
 439 0097 F0020000 		.4byte	.LASF13
 440 009b 02       		.uleb128 0x2
 441 009c 01       		.byte	0x1
 442 009d 08       		.byte	0x8
 443 009e 8A020000 		.4byte	.LASF14
 444 00a2 06       		.uleb128 0x6
 445 00a3 81000000 		.4byte	0x81
 446 00a7 02       		.uleb128 0x2
 447 00a8 08       		.byte	0x8
 448 00a9 04       		.byte	0x4
 449 00aa D8020000 		.4byte	.LASF15
 450 00ae 02       		.uleb128 0x2
 451 00af 04       		.byte	0x4
 452 00b0 07       		.byte	0x7
 453 00b1 5C020000 		.4byte	.LASF16
 454 00b5 07       		.uleb128 0x7
 455 00b6 7A000000 		.4byte	.LASF18
 456 00ba 01       		.byte	0x1
 457 00bb 17       		.byte	0x17
ARM GAS  C:\Users\chascha\AppData\Local\Temp\ccvS11WD.s 			page 11


 458 00bc 00000000 		.4byte	.LFB64
 459 00c0 58000000 		.4byte	.LFE64-.LFB64
 460 00c4 01       		.uleb128 0x1
 461 00c5 9C       		.byte	0x9c
 462 00c6 6C010000 		.4byte	0x16c
 463 00ca 08       		.uleb128 0x8
 464 00cb FF000000 		.4byte	.LASF20
 465 00cf 01       		.byte	0x1
 466 00d0 17       		.byte	0x17
 467 00d1 81000000 		.4byte	0x81
 468 00d5 00000000 		.4byte	.LLST0
 469 00d9 09       		.uleb128 0x9
 470 00da 61727200 		.ascii	"arr\000"
 471 00de 01       		.byte	0x1
 472 00df 19       		.byte	0x19
 473 00e0 6C010000 		.4byte	0x16c
 474 00e4 02       		.uleb128 0x2
 475 00e5 91       		.byte	0x91
 476 00e6 74       		.sleb128 -12
 477 00e7 0A       		.uleb128 0xa
 478 00e8 1F010000 		.4byte	.LASF17
 479 00ec 01       		.byte	0x1
 480 00ed 1A       		.byte	0x1a
 481 00ee 7C010000 		.4byte	0x17c
 482 00f2 02       		.uleb128 0x2
 483 00f3 91       		.byte	0x91
 484 00f4 70       		.sleb128 -16
 485 00f5 0B       		.uleb128 0xb
 486 00f6 1C000000 		.4byte	.LVL2
 487 00fa 31040000 		.4byte	0x431
 488 00fe 19010000 		.4byte	0x119
 489 0102 0C       		.uleb128 0xc
 490 0103 01       		.uleb128 0x1
 491 0104 50       		.byte	0x50
 492 0105 02       		.uleb128 0x2
 493 0106 08       		.byte	0x8
 494 0107 50       		.byte	0x50
 495 0108 0C       		.uleb128 0xc
 496 0109 01       		.uleb128 0x1
 497 010a 51       		.byte	0x51
 498 010b 02       		.uleb128 0x2
 499 010c 91       		.byte	0x91
 500 010d 74       		.sleb128 -12
 501 010e 0C       		.uleb128 0xc
 502 010f 01       		.uleb128 0x1
 503 0110 52       		.byte	0x52
 504 0111 01       		.uleb128 0x1
 505 0112 32       		.byte	0x32
 506 0113 0C       		.uleb128 0xc
 507 0114 01       		.uleb128 0x1
 508 0115 53       		.byte	0x53
 509 0116 01       		.uleb128 0x1
 510 0117 30       		.byte	0x30
 511 0118 00       		.byte	0
 512 0119 0D       		.uleb128 0xd
 513 011a 20000000 		.4byte	.LVL3
 514 011e 3C040000 		.4byte	0x43c
ARM GAS  C:\Users\chascha\AppData\Local\Temp\ccvS11WD.s 			page 12


 515 0122 0D       		.uleb128 0xd
 516 0123 2A000000 		.4byte	.LVL4
 517 0127 47040000 		.4byte	0x447
 518 012b 0B       		.uleb128 0xb
 519 012c 30000000 		.4byte	.LVL5
 520 0130 52040000 		.4byte	0x452
 521 0134 3E010000 		.4byte	0x13e
 522 0138 0C       		.uleb128 0xc
 523 0139 01       		.uleb128 0x1
 524 013a 50       		.byte	0x50
 525 013b 01       		.uleb128 0x1
 526 013c 35       		.byte	0x35
 527 013d 00       		.byte	0
 528 013e 0B       		.uleb128 0xb
 529 013f 40000000 		.4byte	.LVL6
 530 0143 5D040000 		.4byte	0x45d
 531 0147 5B010000 		.4byte	0x15b
 532 014b 0C       		.uleb128 0xc
 533 014c 01       		.uleb128 0x1
 534 014d 50       		.byte	0x50
 535 014e 02       		.uleb128 0x2
 536 014f 7D       		.byte	0x7d
 537 0150 00       		.sleb128 0
 538 0151 0C       		.uleb128 0xc
 539 0152 01       		.uleb128 0x1
 540 0153 51       		.byte	0x51
 541 0154 05       		.uleb128 0x5
 542 0155 03       		.byte	0x3
 543 0156 00000000 		.4byte	.LC0
 544 015a 00       		.byte	0
 545 015b 0E       		.uleb128 0xe
 546 015c 46000000 		.4byte	.LVL7
 547 0160 68040000 		.4byte	0x468
 548 0164 0C       		.uleb128 0xc
 549 0165 01       		.uleb128 0x1
 550 0166 50       		.byte	0x50
 551 0167 02       		.uleb128 0x2
 552 0168 7D       		.byte	0x7d
 553 0169 00       		.sleb128 0
 554 016a 00       		.byte	0
 555 016b 00       		.byte	0
 556 016c 0F       		.uleb128 0xf
 557 016d 81000000 		.4byte	0x81
 558 0171 7C010000 		.4byte	0x17c
 559 0175 10       		.uleb128 0x10
 560 0176 AE000000 		.4byte	0xae
 561 017a 01       		.byte	0x1
 562 017b 00       		.byte	0
 563 017c 0F       		.uleb128 0xf
 564 017d 9B000000 		.4byte	0x9b
 565 0181 8C010000 		.4byte	0x18c
 566 0185 10       		.uleb128 0x10
 567 0186 AE000000 		.4byte	0xae
 568 018a 01       		.byte	0x1
 569 018b 00       		.byte	0
 570 018c 07       		.uleb128 0x7
 571 018d 0F010000 		.4byte	.LASF19
ARM GAS  C:\Users\chascha\AppData\Local\Temp\ccvS11WD.s 			page 13


 572 0191 01       		.byte	0x1
 573 0192 2B       		.byte	0x2b
 574 0193 00000000 		.4byte	.LFB65
 575 0197 AC000000 		.4byte	.LFE65-.LFB65
 576 019b 01       		.uleb128 0x1
 577 019c 9C       		.byte	0x9c
 578 019d 23030000 		.4byte	0x323
 579 01a1 08       		.uleb128 0x8
 580 01a2 FF000000 		.4byte	.LASF20
 581 01a6 01       		.byte	0x1
 582 01a7 2B       		.byte	0x2b
 583 01a8 81000000 		.4byte	0x81
 584 01ac 29000000 		.4byte	.LLST1
 585 01b0 09       		.uleb128 0x9
 586 01b1 61727200 		.ascii	"arr\000"
 587 01b5 01       		.byte	0x1
 588 01b6 2D       		.byte	0x2d
 589 01b7 6C010000 		.4byte	0x16c
 590 01bb 02       		.uleb128 0x2
 591 01bc 91       		.byte	0x91
 592 01bd 6C       		.sleb128 -20
 593 01be 0A       		.uleb128 0xa
 594 01bf 1F010000 		.4byte	.LASF17
 595 01c3 01       		.byte	0x1
 596 01c4 2E       		.byte	0x2e
 597 01c5 7C010000 		.4byte	0x17c
 598 01c9 02       		.uleb128 0x2
 599 01ca 91       		.byte	0x91
 600 01cb 68       		.sleb128 -24
 601 01cc 11       		.uleb128 0x11
 602 01cd 6E756D00 		.ascii	"num\000"
 603 01d1 01       		.byte	0x1
 604 01d2 2F       		.byte	0x2f
 605 01d3 81000000 		.4byte	0x81
 606 01d7 52000000 		.4byte	.LLST2
 607 01db 0A       		.uleb128 0xa
 608 01dc A0020000 		.4byte	.LASF21
 609 01e0 01       		.byte	0x1
 610 01e1 30       		.byte	0x30
 611 01e2 23030000 		.4byte	0x323
 612 01e6 02       		.uleb128 0x2
 613 01e7 91       		.byte	0x91
 614 01e8 64       		.sleb128 -28
 615 01e9 0B       		.uleb128 0xb
 616 01ea 1C000000 		.4byte	.LVL14
 617 01ee 31040000 		.4byte	0x431
 618 01f2 0D020000 		.4byte	0x20d
 619 01f6 0C       		.uleb128 0xc
 620 01f7 01       		.uleb128 0x1
 621 01f8 50       		.byte	0x50
 622 01f9 02       		.uleb128 0x2
 623 01fa 08       		.byte	0x8
 624 01fb 50       		.byte	0x50
 625 01fc 0C       		.uleb128 0xc
 626 01fd 01       		.uleb128 0x1
 627 01fe 51       		.byte	0x51
 628 01ff 02       		.uleb128 0x2
ARM GAS  C:\Users\chascha\AppData\Local\Temp\ccvS11WD.s 			page 14


 629 0200 91       		.byte	0x91
 630 0201 6C       		.sleb128 -20
 631 0202 0C       		.uleb128 0xc
 632 0203 01       		.uleb128 0x1
 633 0204 52       		.byte	0x52
 634 0205 01       		.uleb128 0x1
 635 0206 32       		.byte	0x32
 636 0207 0C       		.uleb128 0xc
 637 0208 01       		.uleb128 0x1
 638 0209 53       		.byte	0x53
 639 020a 01       		.uleb128 0x1
 640 020b 30       		.byte	0x30
 641 020c 00       		.byte	0
 642 020d 0D       		.uleb128 0xd
 643 020e 20000000 		.4byte	.LVL15
 644 0212 3C040000 		.4byte	0x43c
 645 0216 0D       		.uleb128 0xd
 646 0217 2A000000 		.4byte	.LVL16
 647 021b 47040000 		.4byte	0x447
 648 021f 0B       		.uleb128 0xb
 649 0220 30000000 		.4byte	.LVL17
 650 0224 52040000 		.4byte	0x452
 651 0228 32020000 		.4byte	0x232
 652 022c 0C       		.uleb128 0xc
 653 022d 01       		.uleb128 0x1
 654 022e 50       		.byte	0x50
 655 022f 01       		.uleb128 0x1
 656 0230 35       		.byte	0x35
 657 0231 00       		.byte	0
 658 0232 0B       		.uleb128 0xb
 659 0233 40000000 		.4byte	.LVL18
 660 0237 5D040000 		.4byte	0x45d
 661 023b 4F020000 		.4byte	0x24f
 662 023f 0C       		.uleb128 0xc
 663 0240 01       		.uleb128 0x1
 664 0241 50       		.byte	0x50
 665 0242 02       		.uleb128 0x2
 666 0243 91       		.byte	0x91
 667 0244 68       		.sleb128 -24
 668 0245 0C       		.uleb128 0xc
 669 0246 01       		.uleb128 0x1
 670 0247 51       		.byte	0x51
 671 0248 05       		.uleb128 0x5
 672 0249 03       		.byte	0x3
 673 024a 00000000 		.4byte	.LC0
 674 024e 00       		.byte	0
 675 024f 0B       		.uleb128 0xb
 676 0250 46000000 		.4byte	.LVL19
 677 0254 68040000 		.4byte	0x468
 678 0258 63020000 		.4byte	0x263
 679 025c 0C       		.uleb128 0xc
 680 025d 01       		.uleb128 0x1
 681 025e 50       		.byte	0x50
 682 025f 02       		.uleb128 0x2
 683 0260 91       		.byte	0x91
 684 0261 68       		.sleb128 -24
 685 0262 00       		.byte	0
ARM GAS  C:\Users\chascha\AppData\Local\Temp\ccvS11WD.s 			page 15


 686 0263 0D       		.uleb128 0xd
 687 0264 56000000 		.4byte	.LVL24
 688 0268 73040000 		.4byte	0x473
 689 026c 0B       		.uleb128 0xb
 690 026d 5E000000 		.4byte	.LVL25
 691 0271 7E040000 		.4byte	0x47e
 692 0275 84020000 		.4byte	0x284
 693 0279 0C       		.uleb128 0xc
 694 027a 01       		.uleb128 0x1
 695 027b 50       		.byte	0x50
 696 027c 01       		.uleb128 0x1
 697 027d 30       		.byte	0x30
 698 027e 0C       		.uleb128 0xc
 699 027f 01       		.uleb128 0x1
 700 0280 51       		.byte	0x51
 701 0281 01       		.uleb128 0x1
 702 0282 30       		.byte	0x30
 703 0283 00       		.byte	0
 704 0284 0B       		.uleb128 0xb
 705 0285 64000000 		.4byte	.LVL26
 706 0289 89040000 		.4byte	0x489
 707 028d 9B020000 		.4byte	0x29b
 708 0291 0C       		.uleb128 0xc
 709 0292 01       		.uleb128 0x1
 710 0293 50       		.byte	0x50
 711 0294 05       		.uleb128 0x5
 712 0295 03       		.byte	0x3
 713 0296 0C000000 		.4byte	.LC1
 714 029a 00       		.byte	0
 715 029b 0B       		.uleb128 0xb
 716 029c 6C000000 		.4byte	.LVL27
 717 02a0 52040000 		.4byte	0x452
 718 02a4 B0020000 		.4byte	0x2b0
 719 02a8 0C       		.uleb128 0xc
 720 02a9 01       		.uleb128 0x1
 721 02aa 50       		.byte	0x50
 722 02ab 03       		.uleb128 0x3
 723 02ac 0A       		.byte	0xa
 724 02ad B80B     		.2byte	0xbb8
 725 02af 00       		.byte	0
 726 02b0 0D       		.uleb128 0xd
 727 02b1 70000000 		.4byte	.LVL28
 728 02b5 73040000 		.4byte	0x473
 729 02b9 0B       		.uleb128 0xb
 730 02ba 7C000000 		.4byte	.LVL29
 731 02be 5D040000 		.4byte	0x45d
 732 02c2 D6020000 		.4byte	0x2d6
 733 02c6 0C       		.uleb128 0xc
 734 02c7 01       		.uleb128 0x1
 735 02c8 50       		.byte	0x50
 736 02c9 02       		.uleb128 0x2
 737 02ca 91       		.byte	0x91
 738 02cb 64       		.sleb128 -28
 739 02cc 0C       		.uleb128 0xc
 740 02cd 01       		.uleb128 0x1
 741 02ce 51       		.byte	0x51
 742 02cf 05       		.uleb128 0x5
ARM GAS  C:\Users\chascha\AppData\Local\Temp\ccvS11WD.s 			page 16


 743 02d0 03       		.byte	0x3
 744 02d1 1C000000 		.4byte	.LC2
 745 02d5 00       		.byte	0
 746 02d6 0B       		.uleb128 0xb
 747 02d7 84000000 		.4byte	.LVL30
 748 02db 7E040000 		.4byte	0x47e
 749 02df EE020000 		.4byte	0x2ee
 750 02e3 0C       		.uleb128 0xc
 751 02e4 01       		.uleb128 0x1
 752 02e5 50       		.byte	0x50
 753 02e6 01       		.uleb128 0x1
 754 02e7 30       		.byte	0x30
 755 02e8 0C       		.uleb128 0xc
 756 02e9 01       		.uleb128 0x1
 757 02ea 51       		.byte	0x51
 758 02eb 01       		.uleb128 0x1
 759 02ec 31       		.byte	0x31
 760 02ed 00       		.byte	0
 761 02ee 0B       		.uleb128 0xb
 762 02ef 8A000000 		.4byte	.LVL31
 763 02f3 89040000 		.4byte	0x489
 764 02f7 05030000 		.4byte	0x305
 765 02fb 0C       		.uleb128 0xc
 766 02fc 01       		.uleb128 0x1
 767 02fd 50       		.byte	0x50
 768 02fe 05       		.uleb128 0x5
 769 02ff 03       		.byte	0x3
 770 0300 20000000 		.4byte	.LC3
 771 0304 00       		.byte	0
 772 0305 0B       		.uleb128 0xb
 773 0306 90000000 		.4byte	.LVL32
 774 030a 89040000 		.4byte	0x489
 775 030e 19030000 		.4byte	0x319
 776 0312 0C       		.uleb128 0xc
 777 0313 01       		.uleb128 0x1
 778 0314 50       		.byte	0x50
 779 0315 02       		.uleb128 0x2
 780 0316 91       		.byte	0x91
 781 0317 64       		.sleb128 -28
 782 0318 00       		.byte	0
 783 0319 0D       		.uleb128 0xd
 784 031a 94000000 		.4byte	.LVL33
 785 031e 94040000 		.4byte	0x494
 786 0322 00       		.byte	0
 787 0323 0F       		.uleb128 0xf
 788 0324 9B000000 		.4byte	0x9b
 789 0328 33030000 		.4byte	0x333
 790 032c 10       		.uleb128 0x10
 791 032d AE000000 		.4byte	0xae
 792 0331 00       		.byte	0
 793 0332 00       		.byte	0
 794 0333 12       		.uleb128 0x12
 795 0334 7C010000 		.4byte	.LASF53
 796 0338 01       		.byte	0x1
 797 0339 4F       		.byte	0x4f
 798 033a 68000000 		.4byte	0x68
 799 033e 00000000 		.4byte	.LFB66
ARM GAS  C:\Users\chascha\AppData\Local\Temp\ccvS11WD.s 			page 17


 800 0342 68000000 		.4byte	.LFE66-.LFB66
 801 0346 01       		.uleb128 0x1
 802 0347 9C       		.byte	0x9c
 803 0348 FA030000 		.4byte	0x3fa
 804 034c 13       		.uleb128 0x13
 805 034d 61727200 		.ascii	"arr\000"
 806 0351 01       		.byte	0x1
 807 0352 6D       		.byte	0x6d
 808 0353 23030000 		.4byte	0x323
 809 0357 0D       		.uleb128 0xd
 810 0358 08000000 		.4byte	.LVL35
 811 035c 9F040000 		.4byte	0x49f
 812 0360 0D       		.uleb128 0xd
 813 0361 0C000000 		.4byte	.LVL36
 814 0365 AA040000 		.4byte	0x4aa
 815 0369 0D       		.uleb128 0xd
 816 036a 10000000 		.4byte	.LVL37
 817 036e B5040000 		.4byte	0x4b5
 818 0372 0D       		.uleb128 0xd
 819 0373 14000000 		.4byte	.LVL38
 820 0377 C0040000 		.4byte	0x4c0
 821 037b 0D       		.uleb128 0xd
 822 037c 18000000 		.4byte	.LVL39
 823 0380 CB040000 		.4byte	0x4cb
 824 0384 0D       		.uleb128 0xd
 825 0385 1C000000 		.4byte	.LVL40
 826 0389 D6040000 		.4byte	0x4d6
 827 038d 0D       		.uleb128 0xd
 828 038e 20000000 		.4byte	.LVL41
 829 0392 E1040000 		.4byte	0x4e1
 830 0396 0D       		.uleb128 0xd
 831 0397 24000000 		.4byte	.LVL42
 832 039b EC040000 		.4byte	0x4ec
 833 039f 0D       		.uleb128 0xd
 834 03a0 28000000 		.4byte	.LVL43
 835 03a4 F7040000 		.4byte	0x4f7
 836 03a8 0D       		.uleb128 0xd
 837 03a9 2C000000 		.4byte	.LVL44
 838 03ad 02050000 		.4byte	0x502
 839 03b1 0D       		.uleb128 0xd
 840 03b2 30000000 		.4byte	.LVL45
 841 03b6 0D050000 		.4byte	0x50d
 842 03ba 0D       		.uleb128 0xd
 843 03bb 34000000 		.4byte	.LVL46
 844 03bf 18050000 		.4byte	0x518
 845 03c3 0D       		.uleb128 0xd
 846 03c4 38000000 		.4byte	.LVL47
 847 03c8 23050000 		.4byte	0x523
 848 03cc 0D       		.uleb128 0xd
 849 03cd 3C000000 		.4byte	.LVL48
 850 03d1 2E050000 		.4byte	0x52e
 851 03d5 0B       		.uleb128 0xb
 852 03d6 52000000 		.4byte	.LVL49
 853 03da B5000000 		.4byte	0xb5
 854 03de E9030000 		.4byte	0x3e9
 855 03e2 0C       		.uleb128 0xc
 856 03e3 01       		.uleb128 0x1
ARM GAS  C:\Users\chascha\AppData\Local\Temp\ccvS11WD.s 			page 18


 857 03e4 50       		.byte	0x50
 858 03e5 02       		.uleb128 0x2
 859 03e6 74       		.byte	0x74
 860 03e7 00       		.sleb128 0
 861 03e8 00       		.byte	0
 862 03e9 0E       		.uleb128 0xe
 863 03ea 58000000 		.4byte	.LVL50
 864 03ee 8C010000 		.4byte	0x18c
 865 03f2 0C       		.uleb128 0xc
 866 03f3 01       		.uleb128 0x1
 867 03f4 50       		.byte	0x50
 868 03f5 02       		.uleb128 0x2
 869 03f6 74       		.byte	0x74
 870 03f7 00       		.sleb128 0
 871 03f8 00       		.byte	0
 872 03f9 00       		.byte	0
 873 03fa 14       		.uleb128 0x14
 874 03fb 25010000 		.4byte	.LASF22
 875 03ff 05       		.byte	0x5
 876 0400 1207     		.2byte	0x712
 877 0402 06040000 		.4byte	0x406
 878 0406 06       		.uleb128 0x6
 879 0407 76000000 		.4byte	0x76
 880 040b 15       		.uleb128 0x15
 881 040c B3020000 		.4byte	.LASF23
 882 0410 01       		.byte	0x1
 883 0411 10       		.byte	0x10
 884 0412 16040000 		.4byte	0x416
 885 0416 06       		.uleb128 0x6
 886 0417 6F000000 		.4byte	0x6f
 887 041b 15       		.uleb128 0x15
 888 041c 2A030000 		.4byte	.LASF24
 889 0420 01       		.byte	0x1
 890 0421 13       		.byte	0x13
 891 0422 A2000000 		.4byte	0xa2
 892 0426 15       		.uleb128 0x15
 893 0427 F7000000 		.4byte	.LASF25
 894 042b 01       		.byte	0x1
 895 042c 14       		.byte	0x14
 896 042d A2000000 		.4byte	0xa2
 897 0431 16       		.uleb128 0x16
 898 0432 C7000000 		.4byte	.LASF26
 899 0436 C7000000 		.4byte	.LASF26
 900 043a 06       		.byte	0x6
 901 043b A7       		.byte	0xa7
 902 043c 16       		.uleb128 0x16
 903 043d 8F020000 		.4byte	.LASF27
 904 0441 8F020000 		.4byte	.LASF27
 905 0445 06       		.byte	0x6
 906 0446 A3       		.byte	0xa3
 907 0447 16       		.uleb128 0x16
 908 0448 40000000 		.4byte	.LASF28
 909 044c 40000000 		.4byte	.LASF28
 910 0450 06       		.byte	0x6
 911 0451 A4       		.byte	0xa4
 912 0452 16       		.uleb128 0x16
 913 0453 22030000 		.4byte	.LASF29
ARM GAS  C:\Users\chascha\AppData\Local\Temp\ccvS11WD.s 			page 19


 914 0457 22030000 		.4byte	.LASF29
 915 045b 07       		.byte	0x7
 916 045c 76       		.byte	0x76
 917 045d 16       		.uleb128 0x16
 918 045e B3010000 		.4byte	.LASF30
 919 0462 B3010000 		.4byte	.LASF30
 920 0466 08       		.byte	0x8
 921 0467 E7       		.byte	0xe7
 922 0468 16       		.uleb128 0x16
 923 0469 13030000 		.4byte	.LASF31
 924 046d 13030000 		.4byte	.LASF31
 925 0471 09       		.byte	0x9
 926 0472 8B       		.byte	0x8b
 927 0473 16       		.uleb128 0x16
 928 0474 8E010000 		.4byte	.LASF32
 929 0478 8E010000 		.4byte	.LASF32
 930 047c 0A       		.byte	0xa
 931 047d 3C       		.byte	0x3c
 932 047e 16       		.uleb128 0x16
 933 047f 0A000000 		.4byte	.LASF33
 934 0483 0A000000 		.4byte	.LASF33
 935 0487 0A       		.byte	0xa
 936 0488 70       		.byte	0x70
 937 0489 16       		.uleb128 0x16
 938 048a 9C000000 		.4byte	.LASF34
 939 048e 9C000000 		.4byte	.LASF34
 940 0492 0A       		.byte	0xa
 941 0493 74       		.byte	0x74
 942 0494 16       		.uleb128 0x16
 943 0495 73010000 		.4byte	.LASF35
 944 0499 73010000 		.4byte	.LASF35
 945 049d 06       		.byte	0x6
 946 049e 94       		.byte	0x94
 947 049f 16       		.uleb128 0x16
 948 04a0 04010000 		.4byte	.LASF36
 949 04a4 04010000 		.4byte	.LASF36
 950 04a8 09       		.byte	0x9
 951 04a9 54       		.byte	0x54
 952 04aa 16       		.uleb128 0x16
 953 04ab A5020000 		.4byte	.LASF37
 954 04af A5020000 		.4byte	.LASF37
 955 04b3 0A       		.byte	0xa
 956 04b4 31       		.byte	0x31
 957 04b5 16       		.uleb128 0x16
 958 04b6 56000000 		.4byte	.LASF38
 959 04ba 56000000 		.4byte	.LASF38
 960 04be 06       		.byte	0x6
 961 04bf 93       		.byte	0x93
 962 04c0 16       		.uleb128 0x16
 963 04c1 BE020000 		.4byte	.LASF39
 964 04c5 BE020000 		.4byte	.LASF39
 965 04c9 0B       		.byte	0xb
 966 04ca 5A       		.byte	0x5a
 967 04cb 16       		.uleb128 0x16
 968 04cc 60000000 		.4byte	.LASF40
 969 04d0 60000000 		.4byte	.LASF40
 970 04d4 0C       		.byte	0xc
ARM GAS  C:\Users\chascha\AppData\Local\Temp\ccvS11WD.s 			page 20


 971 04d5 27       		.byte	0x27
 972 04d6 16       		.uleb128 0x16
 973 04d7 DA000000 		.4byte	.LASF41
 974 04db DA000000 		.4byte	.LASF41
 975 04df 0D       		.byte	0xd
 976 04e0 27       		.byte	0x27
 977 04e1 16       		.uleb128 0x16
 978 04e2 04030000 		.4byte	.LASF42
 979 04e6 04030000 		.4byte	.LASF42
 980 04ea 0E       		.byte	0xe
 981 04eb 17       		.byte	0x17
 982 04ec 16       		.uleb128 0x16
 983 04ed 2F000000 		.4byte	.LASF43
 984 04f1 2F000000 		.4byte	.LASF43
 985 04f5 0F       		.byte	0xf
 986 04f6 17       		.byte	0x17
 987 04f7 16       		.uleb128 0x16
 988 04f8 49020000 		.4byte	.LASF44
 989 04fc 49020000 		.4byte	.LASF44
 990 0500 10       		.byte	0x10
 991 0501 17       		.byte	0x17
 992 0502 16       		.uleb128 0x16
 993 0503 8B000000 		.4byte	.LASF45
 994 0507 8B000000 		.4byte	.LASF45
 995 050b 11       		.byte	0x11
 996 050c 17       		.byte	0x17
 997 050d 16       		.uleb128 0x16
 998 050e E9000000 		.4byte	.LASF46
 999 0512 E9000000 		.4byte	.LASF46
 1000 0516 12       		.byte	0x12
 1001 0517 17       		.byte	0x17
 1002 0518 16       		.uleb128 0x16
 1003 0519 65020000 		.4byte	.LASF47
 1004 051d 65020000 		.4byte	.LASF47
 1005 0521 13       		.byte	0x13
 1006 0522 17       		.byte	0x17
 1007 0523 16       		.uleb128 0x16
 1008 0524 F7020000 		.4byte	.LASF48
 1009 0528 F7020000 		.4byte	.LASF48
 1010 052c 14       		.byte	0x14
 1011 052d 17       		.byte	0x17
 1012 052e 16       		.uleb128 0x16
 1013 052f AA000000 		.4byte	.LASF49
 1014 0533 AA000000 		.4byte	.LASF49
 1015 0537 15       		.byte	0x15
 1016 0538 17       		.byte	0x17
 1017 0539 00       		.byte	0
 1018              		.section	.debug_abbrev,"",%progbits
 1019              	.Ldebug_abbrev0:
 1020 0000 01       		.uleb128 0x1
 1021 0001 11       		.uleb128 0x11
 1022 0002 01       		.byte	0x1
 1023 0003 25       		.uleb128 0x25
 1024 0004 0E       		.uleb128 0xe
 1025 0005 13       		.uleb128 0x13
 1026 0006 0B       		.uleb128 0xb
 1027 0007 03       		.uleb128 0x3
ARM GAS  C:\Users\chascha\AppData\Local\Temp\ccvS11WD.s 			page 21


 1028 0008 0E       		.uleb128 0xe
 1029 0009 1B       		.uleb128 0x1b
 1030 000a 0E       		.uleb128 0xe
 1031 000b 55       		.uleb128 0x55
 1032 000c 17       		.uleb128 0x17
 1033 000d 11       		.uleb128 0x11
 1034 000e 01       		.uleb128 0x1
 1035 000f 10       		.uleb128 0x10
 1036 0010 17       		.uleb128 0x17
 1037 0011 00       		.byte	0
 1038 0012 00       		.byte	0
 1039 0013 02       		.uleb128 0x2
 1040 0014 24       		.uleb128 0x24
 1041 0015 00       		.byte	0
 1042 0016 0B       		.uleb128 0xb
 1043 0017 0B       		.uleb128 0xb
 1044 0018 3E       		.uleb128 0x3e
 1045 0019 0B       		.uleb128 0xb
 1046 001a 03       		.uleb128 0x3
 1047 001b 0E       		.uleb128 0xe
 1048 001c 00       		.byte	0
 1049 001d 00       		.byte	0
 1050 001e 03       		.uleb128 0x3
 1051 001f 16       		.uleb128 0x16
 1052 0020 00       		.byte	0
 1053 0021 03       		.uleb128 0x3
 1054 0022 0E       		.uleb128 0xe
 1055 0023 3A       		.uleb128 0x3a
 1056 0024 0B       		.uleb128 0xb
 1057 0025 3B       		.uleb128 0x3b
 1058 0026 0B       		.uleb128 0xb
 1059 0027 49       		.uleb128 0x49
 1060 0028 13       		.uleb128 0x13
 1061 0029 00       		.byte	0
 1062 002a 00       		.byte	0
 1063 002b 04       		.uleb128 0x4
 1064 002c 24       		.uleb128 0x24
 1065 002d 00       		.byte	0
 1066 002e 0B       		.uleb128 0xb
 1067 002f 0B       		.uleb128 0xb
 1068 0030 3E       		.uleb128 0x3e
 1069 0031 0B       		.uleb128 0xb
 1070 0032 03       		.uleb128 0x3
 1071 0033 08       		.uleb128 0x8
 1072 0034 00       		.byte	0
 1073 0035 00       		.byte	0
 1074 0036 05       		.uleb128 0x5
 1075 0037 16       		.uleb128 0x16
 1076 0038 00       		.byte	0
 1077 0039 03       		.uleb128 0x3
 1078 003a 0E       		.uleb128 0xe
 1079 003b 3A       		.uleb128 0x3a
 1080 003c 0B       		.uleb128 0xb
 1081 003d 3B       		.uleb128 0x3b
 1082 003e 05       		.uleb128 0x5
 1083 003f 49       		.uleb128 0x49
 1084 0040 13       		.uleb128 0x13
ARM GAS  C:\Users\chascha\AppData\Local\Temp\ccvS11WD.s 			page 22


 1085 0041 00       		.byte	0
 1086 0042 00       		.byte	0
 1087 0043 06       		.uleb128 0x6
 1088 0044 35       		.uleb128 0x35
 1089 0045 00       		.byte	0
 1090 0046 49       		.uleb128 0x49
 1091 0047 13       		.uleb128 0x13
 1092 0048 00       		.byte	0
 1093 0049 00       		.byte	0
 1094 004a 07       		.uleb128 0x7
 1095 004b 2E       		.uleb128 0x2e
 1096 004c 01       		.byte	0x1
 1097 004d 3F       		.uleb128 0x3f
 1098 004e 19       		.uleb128 0x19
 1099 004f 03       		.uleb128 0x3
 1100 0050 0E       		.uleb128 0xe
 1101 0051 3A       		.uleb128 0x3a
 1102 0052 0B       		.uleb128 0xb
 1103 0053 3B       		.uleb128 0x3b
 1104 0054 0B       		.uleb128 0xb
 1105 0055 27       		.uleb128 0x27
 1106 0056 19       		.uleb128 0x19
 1107 0057 11       		.uleb128 0x11
 1108 0058 01       		.uleb128 0x1
 1109 0059 12       		.uleb128 0x12
 1110 005a 06       		.uleb128 0x6
 1111 005b 40       		.uleb128 0x40
 1112 005c 18       		.uleb128 0x18
 1113 005d 9742     		.uleb128 0x2117
 1114 005f 19       		.uleb128 0x19
 1115 0060 01       		.uleb128 0x1
 1116 0061 13       		.uleb128 0x13
 1117 0062 00       		.byte	0
 1118 0063 00       		.byte	0
 1119 0064 08       		.uleb128 0x8
 1120 0065 05       		.uleb128 0x5
 1121 0066 00       		.byte	0
 1122 0067 03       		.uleb128 0x3
 1123 0068 0E       		.uleb128 0xe
 1124 0069 3A       		.uleb128 0x3a
 1125 006a 0B       		.uleb128 0xb
 1126 006b 3B       		.uleb128 0x3b
 1127 006c 0B       		.uleb128 0xb
 1128 006d 49       		.uleb128 0x49
 1129 006e 13       		.uleb128 0x13
 1130 006f 02       		.uleb128 0x2
 1131 0070 17       		.uleb128 0x17
 1132 0071 00       		.byte	0
 1133 0072 00       		.byte	0
 1134 0073 09       		.uleb128 0x9
 1135 0074 34       		.uleb128 0x34
 1136 0075 00       		.byte	0
 1137 0076 03       		.uleb128 0x3
 1138 0077 08       		.uleb128 0x8
 1139 0078 3A       		.uleb128 0x3a
 1140 0079 0B       		.uleb128 0xb
 1141 007a 3B       		.uleb128 0x3b
ARM GAS  C:\Users\chascha\AppData\Local\Temp\ccvS11WD.s 			page 23


 1142 007b 0B       		.uleb128 0xb
 1143 007c 49       		.uleb128 0x49
 1144 007d 13       		.uleb128 0x13
 1145 007e 02       		.uleb128 0x2
 1146 007f 18       		.uleb128 0x18
 1147 0080 00       		.byte	0
 1148 0081 00       		.byte	0
 1149 0082 0A       		.uleb128 0xa
 1150 0083 34       		.uleb128 0x34
 1151 0084 00       		.byte	0
 1152 0085 03       		.uleb128 0x3
 1153 0086 0E       		.uleb128 0xe
 1154 0087 3A       		.uleb128 0x3a
 1155 0088 0B       		.uleb128 0xb
 1156 0089 3B       		.uleb128 0x3b
 1157 008a 0B       		.uleb128 0xb
 1158 008b 49       		.uleb128 0x49
 1159 008c 13       		.uleb128 0x13
 1160 008d 02       		.uleb128 0x2
 1161 008e 18       		.uleb128 0x18
 1162 008f 00       		.byte	0
 1163 0090 00       		.byte	0
 1164 0091 0B       		.uleb128 0xb
 1165 0092 898201   		.uleb128 0x4109
 1166 0095 01       		.byte	0x1
 1167 0096 11       		.uleb128 0x11
 1168 0097 01       		.uleb128 0x1
 1169 0098 31       		.uleb128 0x31
 1170 0099 13       		.uleb128 0x13
 1171 009a 01       		.uleb128 0x1
 1172 009b 13       		.uleb128 0x13
 1173 009c 00       		.byte	0
 1174 009d 00       		.byte	0
 1175 009e 0C       		.uleb128 0xc
 1176 009f 8A8201   		.uleb128 0x410a
 1177 00a2 00       		.byte	0
 1178 00a3 02       		.uleb128 0x2
 1179 00a4 18       		.uleb128 0x18
 1180 00a5 9142     		.uleb128 0x2111
 1181 00a7 18       		.uleb128 0x18
 1182 00a8 00       		.byte	0
 1183 00a9 00       		.byte	0
 1184 00aa 0D       		.uleb128 0xd
 1185 00ab 898201   		.uleb128 0x4109
 1186 00ae 00       		.byte	0
 1187 00af 11       		.uleb128 0x11
 1188 00b0 01       		.uleb128 0x1
 1189 00b1 31       		.uleb128 0x31
 1190 00b2 13       		.uleb128 0x13
 1191 00b3 00       		.byte	0
 1192 00b4 00       		.byte	0
 1193 00b5 0E       		.uleb128 0xe
 1194 00b6 898201   		.uleb128 0x4109
 1195 00b9 01       		.byte	0x1
 1196 00ba 11       		.uleb128 0x11
 1197 00bb 01       		.uleb128 0x1
 1198 00bc 31       		.uleb128 0x31
ARM GAS  C:\Users\chascha\AppData\Local\Temp\ccvS11WD.s 			page 24


 1199 00bd 13       		.uleb128 0x13
 1200 00be 00       		.byte	0
 1201 00bf 00       		.byte	0
 1202 00c0 0F       		.uleb128 0xf
 1203 00c1 01       		.uleb128 0x1
 1204 00c2 01       		.byte	0x1
 1205 00c3 49       		.uleb128 0x49
 1206 00c4 13       		.uleb128 0x13
 1207 00c5 01       		.uleb128 0x1
 1208 00c6 13       		.uleb128 0x13
 1209 00c7 00       		.byte	0
 1210 00c8 00       		.byte	0
 1211 00c9 10       		.uleb128 0x10
 1212 00ca 21       		.uleb128 0x21
 1213 00cb 00       		.byte	0
 1214 00cc 49       		.uleb128 0x49
 1215 00cd 13       		.uleb128 0x13
 1216 00ce 2F       		.uleb128 0x2f
 1217 00cf 0B       		.uleb128 0xb
 1218 00d0 00       		.byte	0
 1219 00d1 00       		.byte	0
 1220 00d2 11       		.uleb128 0x11
 1221 00d3 34       		.uleb128 0x34
 1222 00d4 00       		.byte	0
 1223 00d5 03       		.uleb128 0x3
 1224 00d6 08       		.uleb128 0x8
 1225 00d7 3A       		.uleb128 0x3a
 1226 00d8 0B       		.uleb128 0xb
 1227 00d9 3B       		.uleb128 0x3b
 1228 00da 0B       		.uleb128 0xb
 1229 00db 49       		.uleb128 0x49
 1230 00dc 13       		.uleb128 0x13
 1231 00dd 02       		.uleb128 0x2
 1232 00de 17       		.uleb128 0x17
 1233 00df 00       		.byte	0
 1234 00e0 00       		.byte	0
 1235 00e1 12       		.uleb128 0x12
 1236 00e2 2E       		.uleb128 0x2e
 1237 00e3 01       		.byte	0x1
 1238 00e4 3F       		.uleb128 0x3f
 1239 00e5 19       		.uleb128 0x19
 1240 00e6 03       		.uleb128 0x3
 1241 00e7 0E       		.uleb128 0xe
 1242 00e8 3A       		.uleb128 0x3a
 1243 00e9 0B       		.uleb128 0xb
 1244 00ea 3B       		.uleb128 0x3b
 1245 00eb 0B       		.uleb128 0xb
 1246 00ec 27       		.uleb128 0x27
 1247 00ed 19       		.uleb128 0x19
 1248 00ee 49       		.uleb128 0x49
 1249 00ef 13       		.uleb128 0x13
 1250 00f0 8701     		.uleb128 0x87
 1251 00f2 19       		.uleb128 0x19
 1252 00f3 11       		.uleb128 0x11
 1253 00f4 01       		.uleb128 0x1
 1254 00f5 12       		.uleb128 0x12
 1255 00f6 06       		.uleb128 0x6
ARM GAS  C:\Users\chascha\AppData\Local\Temp\ccvS11WD.s 			page 25


 1256 00f7 40       		.uleb128 0x40
 1257 00f8 18       		.uleb128 0x18
 1258 00f9 9742     		.uleb128 0x2117
 1259 00fb 19       		.uleb128 0x19
 1260 00fc 01       		.uleb128 0x1
 1261 00fd 13       		.uleb128 0x13
 1262 00fe 00       		.byte	0
 1263 00ff 00       		.byte	0
 1264 0100 13       		.uleb128 0x13
 1265 0101 34       		.uleb128 0x34
 1266 0102 00       		.byte	0
 1267 0103 03       		.uleb128 0x3
 1268 0104 08       		.uleb128 0x8
 1269 0105 3A       		.uleb128 0x3a
 1270 0106 0B       		.uleb128 0xb
 1271 0107 3B       		.uleb128 0x3b
 1272 0108 0B       		.uleb128 0xb
 1273 0109 49       		.uleb128 0x49
 1274 010a 13       		.uleb128 0x13
 1275 010b 00       		.byte	0
 1276 010c 00       		.byte	0
 1277 010d 14       		.uleb128 0x14
 1278 010e 34       		.uleb128 0x34
 1279 010f 00       		.byte	0
 1280 0110 03       		.uleb128 0x3
 1281 0111 0E       		.uleb128 0xe
 1282 0112 3A       		.uleb128 0x3a
 1283 0113 0B       		.uleb128 0xb
 1284 0114 3B       		.uleb128 0x3b
 1285 0115 05       		.uleb128 0x5
 1286 0116 49       		.uleb128 0x49
 1287 0117 13       		.uleb128 0x13
 1288 0118 3F       		.uleb128 0x3f
 1289 0119 19       		.uleb128 0x19
 1290 011a 3C       		.uleb128 0x3c
 1291 011b 19       		.uleb128 0x19
 1292 011c 00       		.byte	0
 1293 011d 00       		.byte	0
 1294 011e 15       		.uleb128 0x15
 1295 011f 34       		.uleb128 0x34
 1296 0120 00       		.byte	0
 1297 0121 03       		.uleb128 0x3
 1298 0122 0E       		.uleb128 0xe
 1299 0123 3A       		.uleb128 0x3a
 1300 0124 0B       		.uleb128 0xb
 1301 0125 3B       		.uleb128 0x3b
 1302 0126 0B       		.uleb128 0xb
 1303 0127 49       		.uleb128 0x49
 1304 0128 13       		.uleb128 0x13
 1305 0129 3F       		.uleb128 0x3f
 1306 012a 19       		.uleb128 0x19
 1307 012b 3C       		.uleb128 0x3c
 1308 012c 19       		.uleb128 0x19
 1309 012d 00       		.byte	0
 1310 012e 00       		.byte	0
 1311 012f 16       		.uleb128 0x16
 1312 0130 2E       		.uleb128 0x2e
ARM GAS  C:\Users\chascha\AppData\Local\Temp\ccvS11WD.s 			page 26


 1313 0131 00       		.byte	0
 1314 0132 3F       		.uleb128 0x3f
 1315 0133 19       		.uleb128 0x19
 1316 0134 3C       		.uleb128 0x3c
 1317 0135 19       		.uleb128 0x19
 1318 0136 6E       		.uleb128 0x6e
 1319 0137 0E       		.uleb128 0xe
 1320 0138 03       		.uleb128 0x3
 1321 0139 0E       		.uleb128 0xe
 1322 013a 3A       		.uleb128 0x3a
 1323 013b 0B       		.uleb128 0xb
 1324 013c 3B       		.uleb128 0x3b
 1325 013d 0B       		.uleb128 0xb
 1326 013e 00       		.byte	0
 1327 013f 00       		.byte	0
 1328 0140 00       		.byte	0
 1329              		.section	.debug_loc,"",%progbits
 1330              	.Ldebug_loc0:
 1331              	.LLST0:
 1332 0000 00000000 		.4byte	.LVL0
 1333 0004 06000000 		.4byte	.LVL1
 1334 0008 0100     		.2byte	0x1
 1335 000a 50       		.byte	0x50
 1336 000b 06000000 		.4byte	.LVL1
 1337 000f 48000000 		.4byte	.LVL8
 1338 0013 0100     		.2byte	0x1
 1339 0015 54       		.byte	0x54
 1340 0016 4A000000 		.4byte	.LVL9
 1341 001a 52000000 		.4byte	.LVL10
 1342 001e 0100     		.2byte	0x1
 1343 0020 54       		.byte	0x54
 1344 0021 00000000 		.4byte	0
 1345 0025 00000000 		.4byte	0
 1346              	.LLST1:
 1347 0029 00000000 		.4byte	.LVL11
 1348 002d 08000000 		.4byte	.LVL13
 1349 0031 0100     		.2byte	0x1
 1350 0033 50       		.byte	0x50
 1351 0034 08000000 		.4byte	.LVL13
 1352 0038 48000000 		.4byte	.LVL20
 1353 003c 0100     		.2byte	0x1
 1354 003e 54       		.byte	0x54
 1355 003f 4A000000 		.4byte	.LVL21
 1356 0043 98000000 		.4byte	.LVL34
 1357 0047 0100     		.2byte	0x1
 1358 0049 54       		.byte	0x54
 1359 004a 00000000 		.4byte	0
 1360 004e 00000000 		.4byte	0
 1361              	.LLST2:
 1362 0052 06000000 		.4byte	.LVL12
 1363 0056 08000000 		.4byte	.LVL13
 1364 005a 0200     		.2byte	0x2
 1365 005c 35       		.byte	0x35
 1366 005d 9F       		.byte	0x9f
 1367 005e 08000000 		.4byte	.LVL13
 1368 0062 4C000000 		.4byte	.LVL22
 1369 0066 0100     		.2byte	0x1
ARM GAS  C:\Users\chascha\AppData\Local\Temp\ccvS11WD.s 			page 27


 1370 0068 55       		.byte	0x55
 1371 0069 4E000000 		.4byte	.LVL23
 1372 006d 98000000 		.4byte	.LVL34
 1373 0071 0100     		.2byte	0x1
 1374 0073 55       		.byte	0x55
 1375 0074 00000000 		.4byte	0
 1376 0078 00000000 		.4byte	0
 1377              		.section	.debug_aranges,"",%progbits
 1378 0000 2C000000 		.4byte	0x2c
 1379 0004 0200     		.2byte	0x2
 1380 0006 00000000 		.4byte	.Ldebug_info0
 1381 000a 04       		.byte	0x4
 1382 000b 00       		.byte	0
 1383 000c 0000     		.2byte	0
 1384 000e 0000     		.2byte	0
 1385 0010 00000000 		.4byte	.LFB64
 1386 0014 58000000 		.4byte	.LFE64-.LFB64
 1387 0018 00000000 		.4byte	.LFB65
 1388 001c AC000000 		.4byte	.LFE65-.LFB65
 1389 0020 00000000 		.4byte	.LFB66
 1390 0024 68000000 		.4byte	.LFE66-.LFB66
 1391 0028 00000000 		.4byte	0
 1392 002c 00000000 		.4byte	0
 1393              		.section	.debug_ranges,"",%progbits
 1394              	.Ldebug_ranges0:
 1395 0000 00000000 		.4byte	.LFB64
 1396 0004 58000000 		.4byte	.LFE64
 1397 0008 00000000 		.4byte	.LFB65
 1398 000c AC000000 		.4byte	.LFE65
 1399 0010 00000000 		.4byte	.LFB66
 1400 0014 68000000 		.4byte	.LFE66
 1401 0018 00000000 		.4byte	0
 1402 001c 00000000 		.4byte	0
 1403              		.section	.debug_line,"",%progbits
 1404              	.Ldebug_line0:
 1405 0000 07030000 		.section	.debug_str,"MS",%progbits,1
 1405      02009502 
 1405      00000201 
 1405      FB0E0D00 
 1405      01010101 
 1406              	.LASF9:
 1407 0000 5F5F696E 		.ascii	"__int32_t\000"
 1407      7433325F 
 1407      7400
 1408              	.LASF33:
 1409 000a 4C43445F 		.ascii	"LCD_I2C_setCursor\000"
 1409      4932435F 
 1409      73657443 
 1409      7572736F 
 1409      7200
 1410              	.LASF3:
 1411 001c 73686F72 		.ascii	"short unsigned int\000"
 1411      7420756E 
 1411      7369676E 
 1411      65642069 
 1411      6E7400
 1412              	.LASF43:
ARM GAS  C:\Users\chascha\AppData\Local\Temp\ccvS11WD.s 			page 28


 1413 002f 436F6E66 		.ascii	"ConfirmISR_Start\000"
 1413      69726D49 
 1413      53525F53 
 1413      74617274 
 1413      00
 1414              	.LASF28:
 1415 0040 4932435F 		.ascii	"I2C_MasterClearStatus\000"
 1415      4D617374 
 1415      6572436C 
 1415      65617253 
 1415      74617475 
 1416              	.LASF38:
 1417 0056 4932435F 		.ascii	"I2C_Start\000"
 1417      53746172 
 1417      7400
 1418              	.LASF40:
 1419 0060 4465626F 		.ascii	"DebounceCLK_Start\000"
 1419      756E6365 
 1419      434C4B5F 
 1419      53746172 
 1419      7400
 1420              	.LASF10:
 1421 0072 696E7433 		.ascii	"int32_t\000"
 1421      325F7400 
 1422              	.LASF18:
 1423 007a 7A65726F 		.ascii	"zeroEEPROM\000"
 1423      45455052 
 1423      4F4D00
 1424              	.LASF12:
 1425 0085 666C6F61 		.ascii	"float\000"
 1425      7400
 1426              	.LASF45:
 1427 008b 466F7277 		.ascii	"ForwardISR_Start\000"
 1427      61726449 
 1427      53525F53 
 1427      74617274 
 1427      00
 1428              	.LASF34:
 1429 009c 4C43445F 		.ascii	"LCD_I2C_print\000"
 1429      4932435F 
 1429      7072696E 
 1429      7400
 1430              	.LASF49:
 1431 00aa 4D6F746F 		.ascii	"MotorISR_Start\000"
 1431      72495352 
 1431      5F537461 
 1431      727400
 1432              	.LASF1:
 1433 00b9 756E7369 		.ascii	"unsigned char\000"
 1433      676E6564 
 1433      20636861 
 1433      7200
 1434              	.LASF26:
 1435 00c7 4932435F 		.ascii	"I2C_MasterWriteBuf\000"
 1435      4D617374 
 1435      65725772 
 1435      69746542 
ARM GAS  C:\Users\chascha\AppData\Local\Temp\ccvS11WD.s 			page 29


 1435      756600
 1436              	.LASF41:
 1437 00da 4D6F746F 		.ascii	"MotorCLK_Start\000"
 1437      72434C4B 
 1437      5F537461 
 1437      727400
 1438              	.LASF46:
 1439 00e9 4261636B 		.ascii	"BackISR_Start\000"
 1439      4953525F 
 1439      53746172 
 1439      7400
 1440              	.LASF25:
 1441 00f7 4650536D 		.ascii	"FPSmPos\000"
 1441      506F7300 
 1442              	.LASF20:
 1443 00ff 61646472 		.ascii	"addr\000"
 1443      00
 1444              	.LASF36:
 1445 0104 55415254 		.ascii	"UART_Start\000"
 1445      5F537461 
 1445      727400
 1446              	.LASF19:
 1447 010f 73746F72 		.ascii	"storeTestValues\000"
 1447      65546573 
 1447      7456616C 
 1447      75657300 
 1448              	.LASF17:
 1449 011f 61727261 		.ascii	"array\000"
 1449      7900
 1450              	.LASF22:
 1451 0125 49544D5F 		.ascii	"ITM_RxBuffer\000"
 1451      52784275 
 1451      66666572 
 1451      00
 1452              	.LASF5:
 1453 0132 6C6F6E67 		.ascii	"long unsigned int\000"
 1453      20756E73 
 1453      69676E65 
 1453      6420696E 
 1453      7400
 1454              	.LASF2:
 1455 0144 73686F72 		.ascii	"short int\000"
 1455      7420696E 
 1455      7400
 1456              	.LASF52:
 1457 014e 453A5C53 		.ascii	"E:\\SP21\\ECE405\\BioLock\\BioLock.cydsn\000"
 1457      5032315C 
 1457      45434534 
 1457      30355C42 
 1457      696F4C6F 
 1458              	.LASF35:
 1459 0173 4932435F 		.ascii	"I2C_Stop\000"
 1459      53746F70 
 1459      00
 1460              	.LASF53:
 1461 017c 6D61696E 		.ascii	"main\000"
 1461      00
ARM GAS  C:\Users\chascha\AppData\Local\Temp\ccvS11WD.s 			page 30


 1462              	.LASF8:
 1463 0181 756E7369 		.ascii	"unsigned int\000"
 1463      676E6564 
 1463      20696E74 
 1463      00
 1464              	.LASF32:
 1465 018e 4C43445F 		.ascii	"LCD_I2C_clear\000"
 1465      4932435F 
 1465      636C6561 
 1465      7200
 1466              	.LASF7:
 1467 019c 6C6F6E67 		.ascii	"long long unsigned int\000"
 1467      206C6F6E 
 1467      6720756E 
 1467      7369676E 
 1467      65642069 
 1468              	.LASF30:
 1469 01b3 73707269 		.ascii	"sprintf\000"
 1469      6E746600 
 1470              	.LASF50:
 1471 01bb 474E5520 		.ascii	"GNU C11 5.4.1 20160609 (release) [ARM/embedded-5-br"
 1471      43313120 
 1471      352E342E 
 1471      31203230 
 1471      31363036 
 1472 01ee 616E6368 		.ascii	"anch revision 237715] -mcpu=cortex-m3 -mthumb -g -O"
 1472      20726576 
 1472      6973696F 
 1472      6E203233 
 1472      37373135 
 1473 0221 67202D66 		.ascii	"g -ffunction-sections -ffat-lto-objects\000"
 1473      66756E63 
 1473      74696F6E 
 1473      2D736563 
 1473      74696F6E 
 1474              	.LASF44:
 1475 0249 4F766572 		.ascii	"OverwriteISR_Start\000"
 1475      77726974 
 1475      65495352 
 1475      5F537461 
 1475      727400
 1476              	.LASF16:
 1477 025c 73697A65 		.ascii	"sizetype\000"
 1477      74797065 
 1477      00
 1478              	.LASF47:
 1479 0265 49435043 		.ascii	"ICPCK_ISR_Start\000"
 1479      4B5F4953 
 1479      525F5374 
 1479      61727400 
 1480              	.LASF6:
 1481 0275 6C6F6E67 		.ascii	"long long int\000"
 1481      206C6F6E 
 1481      6720696E 
 1481      7400
 1482              	.LASF51:
 1483 0283 6D61696E 		.ascii	"main.c\000"
ARM GAS  C:\Users\chascha\AppData\Local\Temp\ccvS11WD.s 			page 31


 1483      2E6300
 1484              	.LASF14:
 1485 028a 63686172 		.ascii	"char\000"
 1485      00
 1486              	.LASF27:
 1487 028f 4932435F 		.ascii	"I2C_MasterStatus\000"
 1487      4D617374 
 1487      65725374 
 1487      61747573 
 1487      00
 1488              	.LASF21:
 1489 02a0 63706F73 		.ascii	"cpos\000"
 1489      00
 1490              	.LASF37:
 1491 02a5 4C43445F 		.ascii	"LCD_I2C_start\000"
 1491      4932435F 
 1491      73746172 
 1491      7400
 1492              	.LASF23:
 1493 02b3 6D506F73 		.ascii	"mPos\000"
 1493      00
 1494              	.LASF11:
 1495 02b8 75696E74 		.ascii	"uint8\000"
 1495      3800
 1496              	.LASF39:
 1497 02be 4D6F746F 		.ascii	"MotorTimer_Start\000"
 1497      7254696D 
 1497      65725F53 
 1497      74617274 
 1497      00
 1498              	.LASF4:
 1499 02cf 6C6F6E67 		.ascii	"long int\000"
 1499      20696E74 
 1499      00
 1500              	.LASF15:
 1501 02d8 6C6F6E67 		.ascii	"long double\000"
 1501      20646F75 
 1501      626C6500 
 1502              	.LASF0:
 1503 02e4 7369676E 		.ascii	"signed char\000"
 1503      65642063 
 1503      68617200 
 1504              	.LASF13:
 1505 02f0 646F7562 		.ascii	"double\000"
 1505      6C6500
 1506              	.LASF48:
 1507 02f7 454E4349 		.ascii	"ENCISR_Start\000"
 1507      53525F53 
 1507      74617274 
 1507      00
 1508              	.LASF42:
 1509 0304 4379636C 		.ascii	"CycleISR_Start\000"
 1509      65495352 
 1509      5F537461 
 1509      727400
 1510              	.LASF31:
 1511 0313 55415254 		.ascii	"UART_PutString\000"
ARM GAS  C:\Users\chascha\AppData\Local\Temp\ccvS11WD.s 			page 32


 1511      5F507574 
 1511      53747269 
 1511      6E6700
 1512              	.LASF29:
 1513 0322 43794465 		.ascii	"CyDelay\000"
 1513      6C617900 
 1514              	.LASF24:
 1515 032a 62757474 		.ascii	"buttonID\000"
 1515      6F6E4944 
 1515      00
 1516              		.ident	"GCC: (GNU Tools for ARM Embedded Processors) 5.4.1 20160609 (release) [ARM/embedded-5-bran
