ARM GAS  C:\Users\chascha\AppData\Local\Temp\ccYfqd3z.s 			page 1


   1              		.syntax unified
   2              		.cpu cortex-m3
   3              		.fpu softvfp
   4              		.eabi_attribute 20, 1
   5              		.eabi_attribute 21, 1
   6              		.eabi_attribute 23, 3
   7              		.eabi_attribute 24, 1
   8              		.eabi_attribute 25, 1
   9              		.eabi_attribute 26, 1
  10              		.eabi_attribute 30, 1
  11              		.eabi_attribute 34, 1
  12              		.eabi_attribute 18, 4
  13              		.thumb
  14              		.syntax unified
  15              		.file	"utils.c"
  16              		.text
  17              	.Ltext0:
  18              		.cfi_sections	.debug_frame
  19              		.section	.text.str2lower,"ax",%progbits
  20              		.align	2
  21              		.global	str2lower
  22              		.thumb
  23              		.thumb_func
  24              		.type	str2lower, %function
  25              	str2lower:
  26              	.LFB64:
  27              		.file 1 "utils.c"
   1:utils.c       **** #include "project.h"
   2:utils.c       **** #include <stdio.h>
   3:utils.c       **** #include <string.h>
   4:utils.c       **** #include "utils.h"
   5:utils.c       **** 
   6:utils.c       **** extern char str[] ;
   7:utils.c       **** extern cmd_func_type cmd_list[] ;
   8:utils.c       **** 
   9:utils.c       **** int str2lower(char *str)
  10:utils.c       **** {
  28              		.loc 1 10 0
  29              		.cfi_startproc
  30              		@ args = 0, pretend = 0, frame = 0
  31              		@ frame_needed = 0, uses_anonymous_args = 0
  32              		@ link register save eliminated.
  33              	.LVL0:
  34 0000 10B4     		push	{r4}
  35              		.cfi_def_cfa_offset 4
  36              		.cfi_offset 4, -4
  37              	.LVL1:
  11:utils.c       ****     int i = 0 ;
  12:utils.c       ****     for (i = 0 ; str && str[i] ; i++ ) {
  38              		.loc 1 12 0
  39 0002 0022     		movs	r2, #0
  40 0004 07E0     		b	.L2
  41              	.LVL2:
  42              	.L5:
  13:utils.c       ****         if (('A' <= str[i])&&(str[i] <= 'Z')) { /* Upper case */
  43              		.loc 1 13 0
  44 0006 A3F14101 		sub	r1, r3, #65
ARM GAS  C:\Users\chascha\AppData\Local\Temp\ccYfqd3z.s 			page 2


  45 000a C9B2     		uxtb	r1, r1
  46 000c 1929     		cmp	r1, #25
  47 000e 01D8     		bhi	.L3
  14:utils.c       ****             str[i] += 'a' - 'A' ;
  48              		.loc 1 14 0
  49 0010 2033     		adds	r3, r3, #32
  50 0012 2370     		strb	r3, [r4]
  51              	.L3:
  12:utils.c       ****         if (('A' <= str[i])&&(str[i] <= 'Z')) { /* Upper case */
  52              		.loc 1 12 0 discriminator 2
  53 0014 0132     		adds	r2, r2, #1
  54              	.LVL3:
  55              	.L2:
  12:utils.c       ****         if (('A' <= str[i])&&(str[i] <= 'Z')) { /* Upper case */
  56              		.loc 1 12 0 is_stmt 0 discriminator 1
  57 0016 18B1     		cbz	r0, .L4
  12:utils.c       ****         if (('A' <= str[i])&&(str[i] <= 'Z')) { /* Upper case */
  58              		.loc 1 12 0 discriminator 3
  59 0018 8418     		adds	r4, r0, r2
  60 001a 835C     		ldrb	r3, [r0, r2]	@ zero_extendqisi2
  61 001c 002B     		cmp	r3, #0
  62 001e F2D1     		bne	.L5
  63              	.L4:
  15:utils.c       ****         }
  16:utils.c       ****     }
  17:utils.c       ****     return(i) ;
  18:utils.c       **** }
  64              		.loc 1 18 0 is_stmt 1
  65 0020 1046     		mov	r0, r2
  66              	.LVL4:
  67 0022 10BC     		pop	{r4}
  68              		.cfi_restore 4
  69              		.cfi_def_cfa_offset 0
  70 0024 7047     		bx	lr
  71              		.cfi_endproc
  72              	.LFE64:
  73              		.size	str2lower, .-str2lower
  74 0026 00BF     		.section	.text.str2upper,"ax",%progbits
  75              		.align	2
  76              		.global	str2upper
  77              		.thumb
  78              		.thumb_func
  79              		.type	str2upper, %function
  80              	str2upper:
  81              	.LFB65:
  19:utils.c       **** 
  20:utils.c       **** int str2upper(char str[])
  21:utils.c       **** {
  82              		.loc 1 21 0
  83              		.cfi_startproc
  84              		@ args = 0, pretend = 0, frame = 0
  85              		@ frame_needed = 0, uses_anonymous_args = 0
  86              		@ link register save eliminated.
  87              	.LVL5:
  88 0000 10B4     		push	{r4}
  89              		.cfi_def_cfa_offset 4
  90              		.cfi_offset 4, -4
ARM GAS  C:\Users\chascha\AppData\Local\Temp\ccYfqd3z.s 			page 3


  91              	.LVL6:
  22:utils.c       ****     int i = 0 ;
  23:utils.c       ****     for (i = 0 ; str && str[i] ; i++ ) {
  92              		.loc 1 23 0
  93 0002 0022     		movs	r2, #0
  94 0004 07E0     		b	.L8
  95              	.LVL7:
  96              	.L11:
  24:utils.c       ****         if (('a' <= str[i])&&(str[i] <= 'z')) { /* Upper case */
  97              		.loc 1 24 0
  98 0006 A3F16101 		sub	r1, r3, #97
  99 000a C9B2     		uxtb	r1, r1
 100 000c 1929     		cmp	r1, #25
 101 000e 01D8     		bhi	.L9
  25:utils.c       ****             str[i] -= ('a' - 'A') ;
 102              		.loc 1 25 0
 103 0010 203B     		subs	r3, r3, #32
 104 0012 2370     		strb	r3, [r4]
 105              	.L9:
  23:utils.c       ****         if (('a' <= str[i])&&(str[i] <= 'z')) { /* Upper case */
 106              		.loc 1 23 0 discriminator 2
 107 0014 0132     		adds	r2, r2, #1
 108              	.LVL8:
 109              	.L8:
  23:utils.c       ****         if (('a' <= str[i])&&(str[i] <= 'z')) { /* Upper case */
 110              		.loc 1 23 0 is_stmt 0 discriminator 1
 111 0016 18B1     		cbz	r0, .L10
  23:utils.c       ****         if (('a' <= str[i])&&(str[i] <= 'z')) { /* Upper case */
 112              		.loc 1 23 0 discriminator 3
 113 0018 8418     		adds	r4, r0, r2
 114 001a 835C     		ldrb	r3, [r0, r2]	@ zero_extendqisi2
 115 001c 002B     		cmp	r3, #0
 116 001e F2D1     		bne	.L11
 117              	.L10:
  26:utils.c       ****         }
  27:utils.c       ****     }
  28:utils.c       ****     return(i) ;    
  29:utils.c       **** }
 118              		.loc 1 29 0 is_stmt 1
 119 0020 1046     		mov	r0, r2
 120              	.LVL9:
 121 0022 10BC     		pop	{r4}
 122              		.cfi_restore 4
 123              		.cfi_def_cfa_offset 0
 124 0024 7047     		bx	lr
 125              		.cfi_endproc
 126              	.LFE65:
 127              		.size	str2upper, .-str2upper
 128 0026 00BF     		.section	.text.print,"ax",%progbits
 129              		.align	2
 130              		.global	print
 131              		.thumb
 132              		.thumb_func
 133              		.type	print, %function
 134              	print:
 135              	.LFB66:
  30:utils.c       **** 
ARM GAS  C:\Users\chascha\AppData\Local\Temp\ccYfqd3z.s 			page 4


  31:utils.c       **** void print(char *str) 
  32:utils.c       **** {
 136              		.loc 1 32 0
 137              		.cfi_startproc
 138              		@ args = 0, pretend = 0, frame = 0
 139              		@ frame_needed = 0, uses_anonymous_args = 0
 140              	.LVL10:
 141 0000 08B5     		push	{r3, lr}
 142              		.cfi_def_cfa_offset 8
 143              		.cfi_offset 3, -8
 144              		.cfi_offset 14, -4
  33:utils.c       ****     UART_PutString(str) ;
 145              		.loc 1 33 0
 146 0002 FFF7FEFF 		bl	UART_PutString
 147              	.LVL11:
 148 0006 08BD     		pop	{r3, pc}
 149              		.cfi_endproc
 150              	.LFE66:
 151              		.size	print, .-print
 152              		.section	.text.get_string,"ax",%progbits
 153              		.align	2
 154              		.global	get_string
 155              		.thumb
 156              		.thumb_func
 157              		.type	get_string, %function
 158              	get_string:
 159              	.LFB67:
  34:utils.c       **** }
  35:utils.c       **** 
  36:utils.c       **** int get_string(char str[])
  37:utils.c       **** {
 160              		.loc 1 37 0
 161              		.cfi_startproc
 162              		@ args = 0, pretend = 0, frame = 0
 163              		@ frame_needed = 0, uses_anonymous_args = 0
 164              	.LVL12:
 165 0000 70B5     		push	{r4, r5, r6, lr}
 166              		.cfi_def_cfa_offset 16
 167              		.cfi_offset 4, -16
 168              		.cfi_offset 5, -12
 169              		.cfi_offset 6, -8
 170              		.cfi_offset 14, -4
 171 0002 0646     		mov	r6, r0
 172              	.LVL13:
  38:utils.c       ****     char c ;
  39:utils.c       ****     int index = 0 ;
 173              		.loc 1 39 0
 174 0004 0024     		movs	r4, #0
  40:utils.c       ****     
  41:utils.c       ****     while(index < STR_LENGTH) {
 175              		.loc 1 41 0
 176 0006 20E0     		b	.L17
 177              	.LVL14:
 178              	.L23:
  42:utils.c       ****         if (UART_GetRxBufferSize() > 0) {
 179              		.loc 1 42 0
 180 0008 FFF7FEFF 		bl	UART_GetRxBufferSize
ARM GAS  C:\Users\chascha\AppData\Local\Temp\ccYfqd3z.s 			page 5


 181              	.LVL15:
 182 000c E8B1     		cbz	r0, .L17
  43:utils.c       ****             c = UART_GetChar() ;
 183              		.loc 1 43 0
 184 000e FFF7FEFF 		bl	UART_GetChar
 185              	.LVL16:
 186 0012 0546     		mov	r5, r0
 187              	.LVL17:
  44:utils.c       **** 
  45:utils.c       ****             if (c == BS) {
 188              		.loc 1 45 0
 189 0014 0828     		cmp	r0, #8
 190 0016 08D1     		bne	.L18
  46:utils.c       ****                 if (index > 0) {
 191              		.loc 1 46 0
 192 0018 002C     		cmp	r4, #0
 193 001a 16DD     		ble	.L17
  47:utils.c       ****                     str[--index] = (char)NULL ;
 194              		.loc 1 47 0
 195 001c 013C     		subs	r4, r4, #1
 196              	.LVL18:
 197 001e 0023     		movs	r3, #0
 198 0020 3355     		strb	r3, [r6, r4]
  48:utils.c       ****                     UART_PutString("\b \b") ;
 199              		.loc 1 48 0
 200 0022 0D48     		ldr	r0, .L25
 201              	.LVL19:
 202 0024 FFF7FEFF 		bl	UART_PutString
 203              	.LVL20:
 204 0028 0FE0     		b	.L17
 205              	.LVL21:
 206              	.L18:
  49:utils.c       ****                 }
  50:utils.c       ****             } else if ((c == CR)||(c == LF)||(c == TAB)||(c == SPACE)) {
 207              		.loc 1 50 0
 208 002a 0D28     		cmp	r0, #13
 209 002c 05D0     		beq	.L20
 210              		.loc 1 50 0 is_stmt 0 discriminator 1
 211 002e 0A28     		cmp	r0, #10
 212 0030 03D0     		beq	.L20
 213              		.loc 1 50 0 discriminator 2
 214 0032 0928     		cmp	r0, #9
 215 0034 01D0     		beq	.L20
 216              		.loc 1 50 0 discriminator 3
 217 0036 2028     		cmp	r0, #32
 218 0038 03D1     		bne	.L21
 219              	.L20:
  51:utils.c       ****                 UART_PutChar(c) ;
 220              		.loc 1 51 0 is_stmt 1
 221 003a 2846     		mov	r0, r5
 222              	.LVL22:
 223 003c FFF7FEFF 		bl	UART_PutChar
 224              	.LVL23:
  52:utils.c       ****                 break ;
 225              		.loc 1 52 0
 226 0040 05E0     		b	.L22
 227              	.LVL24:
ARM GAS  C:\Users\chascha\AppData\Local\Temp\ccYfqd3z.s 			page 6


 228              	.L21:
  53:utils.c       ****             } else {
  54:utils.c       ****                 UART_PutChar(c) ;
 229              		.loc 1 54 0
 230 0042 FFF7FEFF 		bl	UART_PutChar
 231              	.LVL25:
  55:utils.c       ****                 str[index++] = c ;
 232              		.loc 1 55 0
 233 0046 3555     		strb	r5, [r6, r4]
 234 0048 0134     		adds	r4, r4, #1
 235              	.LVL26:
 236              	.L17:
  41:utils.c       ****         if (UART_GetRxBufferSize() > 0) {
 237              		.loc 1 41 0
 238 004a 7F2C     		cmp	r4, #127
 239 004c DCDD     		ble	.L23
 240              	.L22:
  56:utils.c       ****             }
  57:utils.c       ****         }
  58:utils.c       ****     }
  59:utils.c       ****     str[index] = (char)NULL ;
 241              		.loc 1 59 0
 242 004e 0023     		movs	r3, #0
 243 0050 3355     		strb	r3, [r6, r4]
  60:utils.c       ****     
  61:utils.c       ****     return(index) ;
  62:utils.c       **** }
 244              		.loc 1 62 0
 245 0052 2046     		mov	r0, r4
 246 0054 70BD     		pop	{r4, r5, r6, pc}
 247              	.LVL27:
 248              	.L26:
 249 0056 00BF     		.align	2
 250              	.L25:
 251 0058 00000000 		.word	.LC0
 252              		.cfi_endproc
 253              	.LFE67:
 254              		.size	get_string, .-get_string
 255              		.section	.text.get_line,"ax",%progbits
 256              		.align	2
 257              		.global	get_line
 258              		.thumb
 259              		.thumb_func
 260              		.type	get_line, %function
 261              	get_line:
 262              	.LFB68:
  63:utils.c       **** 
  64:utils.c       **** int get_line(char str[])
  65:utils.c       **** {
 263              		.loc 1 65 0
 264              		.cfi_startproc
 265              		@ args = 0, pretend = 0, frame = 0
 266              		@ frame_needed = 0, uses_anonymous_args = 0
 267              	.LVL28:
 268 0000 70B5     		push	{r4, r5, r6, lr}
 269              		.cfi_def_cfa_offset 16
 270              		.cfi_offset 4, -16
ARM GAS  C:\Users\chascha\AppData\Local\Temp\ccYfqd3z.s 			page 7


 271              		.cfi_offset 5, -12
 272              		.cfi_offset 6, -8
 273              		.cfi_offset 14, -4
 274 0002 0646     		mov	r6, r0
 275              	.LVL29:
  66:utils.c       ****     char c ;
  67:utils.c       ****     int index = 0 ;
 276              		.loc 1 67 0
 277 0004 0024     		movs	r4, #0
  68:utils.c       ****     
  69:utils.c       ****     while(index < STR_LENGTH) {
 278              		.loc 1 69 0
 279 0006 1CE0     		b	.L29
 280              	.LVL30:
 281              	.L35:
  70:utils.c       ****         if (UART_GetRxBufferSize() > 0) {
 282              		.loc 1 70 0
 283 0008 FFF7FEFF 		bl	UART_GetRxBufferSize
 284              	.LVL31:
 285 000c C8B1     		cbz	r0, .L29
  71:utils.c       ****             c = UART_GetChar() ;
 286              		.loc 1 71 0
 287 000e FFF7FEFF 		bl	UART_GetChar
 288              	.LVL32:
 289 0012 0546     		mov	r5, r0
 290              	.LVL33:
  72:utils.c       **** 
  73:utils.c       ****             if (c == BS) {
 291              		.loc 1 73 0
 292 0014 0828     		cmp	r0, #8
 293 0016 08D1     		bne	.L30
  74:utils.c       ****                 if (index > 0) {
 294              		.loc 1 74 0
 295 0018 002C     		cmp	r4, #0
 296 001a 12DD     		ble	.L29
  75:utils.c       ****                     str[--index] = (char)NULL ;
 297              		.loc 1 75 0
 298 001c 013C     		subs	r4, r4, #1
 299              	.LVL34:
 300 001e 0023     		movs	r3, #0
 301 0020 3355     		strb	r3, [r6, r4]
  76:utils.c       ****                     UART_PutString("\b \b") ;
 302              		.loc 1 76 0
 303 0022 0B48     		ldr	r0, .L37
 304              	.LVL35:
 305 0024 FFF7FEFF 		bl	UART_PutString
 306              	.LVL36:
 307 0028 0BE0     		b	.L29
 308              	.LVL37:
 309              	.L30:
  77:utils.c       ****                 }
  78:utils.c       ****             } else if ((c == CR)||(c == LF)) {
 310              		.loc 1 78 0
 311 002a 0D28     		cmp	r0, #13
 312 002c 01D0     		beq	.L32
 313              		.loc 1 78 0 is_stmt 0 discriminator 1
 314 002e 0A28     		cmp	r0, #10
ARM GAS  C:\Users\chascha\AppData\Local\Temp\ccYfqd3z.s 			page 8


 315 0030 03D1     		bne	.L33
 316              	.L32:
  79:utils.c       ****                 UART_PutChar(c) ;
 317              		.loc 1 79 0 is_stmt 1
 318 0032 2846     		mov	r0, r5
 319              	.LVL38:
 320 0034 FFF7FEFF 		bl	UART_PutChar
 321              	.LVL39:
  80:utils.c       ****                 break ;
 322              		.loc 1 80 0
 323 0038 05E0     		b	.L34
 324              	.LVL40:
 325              	.L33:
  81:utils.c       ****             } else {
  82:utils.c       ****                 UART_PutChar(c) ;
 326              		.loc 1 82 0
 327 003a FFF7FEFF 		bl	UART_PutChar
 328              	.LVL41:
  83:utils.c       ****                 str[index++] = c ;
 329              		.loc 1 83 0
 330 003e 3555     		strb	r5, [r6, r4]
 331 0040 0134     		adds	r4, r4, #1
 332              	.LVL42:
 333              	.L29:
  69:utils.c       ****         if (UART_GetRxBufferSize() > 0) {
 334              		.loc 1 69 0
 335 0042 7F2C     		cmp	r4, #127
 336 0044 E0DD     		ble	.L35
 337              	.L34:
  84:utils.c       ****             }
  85:utils.c       ****         }
  86:utils.c       ****     }
  87:utils.c       ****     str[index] = (char)NULL ;
 338              		.loc 1 87 0
 339 0046 0023     		movs	r3, #0
 340 0048 3355     		strb	r3, [r6, r4]
  88:utils.c       ****     
  89:utils.c       ****     return(index) ;
  90:utils.c       **** }
 341              		.loc 1 90 0
 342 004a 2046     		mov	r0, r4
 343 004c 70BD     		pop	{r4, r5, r6, pc}
 344              	.LVL43:
 345              	.L38:
 346 004e 00BF     		.align	2
 347              	.L37:
 348 0050 00000000 		.word	.LC0
 349              		.cfi_endproc
 350              	.LFE68:
 351              		.size	get_line, .-get_line
 352              		.section	.text.get_func,"ax",%progbits
 353              		.align	2
 354              		.global	get_func
 355              		.thumb
 356              		.thumb_func
 357              		.type	get_func, %function
 358              	get_func:
ARM GAS  C:\Users\chascha\AppData\Local\Temp\ccYfqd3z.s 			page 9


 359              	.LFB69:
  91:utils.c       **** 
  92:utils.c       **** FuncPtr get_func(char cmd[]) 
  93:utils.c       **** {
 360              		.loc 1 93 0
 361              		.cfi_startproc
 362              		@ args = 0, pretend = 0, frame = 0
 363              		@ frame_needed = 0, uses_anonymous_args = 0
 364              	.LVL44:
 365 0000 38B5     		push	{r3, r4, r5, lr}
 366              		.cfi_def_cfa_offset 16
 367              		.cfi_offset 3, -16
 368              		.cfi_offset 4, -12
 369              		.cfi_offset 5, -8
 370              		.cfi_offset 14, -4
 371 0002 0546     		mov	r5, r0
 372              	.LVL45:
  94:utils.c       ****     int i = 0 ;
  95:utils.c       ****     str2lower(cmd) ;
 373              		.loc 1 95 0
 374 0004 FFF7FEFF 		bl	str2lower
 375              	.LVL46:
  94:utils.c       ****     int i = 0 ;
 376              		.loc 1 94 0
 377 0008 0024     		movs	r4, #0
  96:utils.c       ****     while(cmd_list[i].cmd) {
 378              		.loc 1 96 0
 379 000a 0BE0     		b	.L40
 380              	.LVL47:
 381              	.L43:
  97:utils.c       ****         if (strcmp(cmd, cmd_list[i].cmd) == 0) {
 382              		.loc 1 97 0
 383 000c 2846     		mov	r0, r5
 384 000e FFF7FEFF 		bl	strcmp
 385              	.LVL48:
 386 0012 30B9     		cbnz	r0, .L41
  98:utils.c       ****             return(cmd_list[i].func) ;
 387              		.loc 1 98 0
 388 0014 04EB4404 		add	r4, r4, r4, lsl #1
 389              	.LVL49:
 390 0018 A300     		lsls	r3, r4, #2
 391 001a 074A     		ldr	r2, .L45
 392 001c 1344     		add	r3, r3, r2
 393 001e 5868     		ldr	r0, [r3, #4]
 394 0020 38BD     		pop	{r3, r4, r5, pc}
 395              	.LVL50:
 396              	.L41:
  99:utils.c       ****         }
 100:utils.c       ****         i++ ;
 397              		.loc 1 100 0
 398 0022 0134     		adds	r4, r4, #1
 399              	.LVL51:
 400              	.L40:
  96:utils.c       ****         if (strcmp(cmd, cmd_list[i].cmd) == 0) {
 401              		.loc 1 96 0
 402 0024 04EB4402 		add	r2, r4, r4, lsl #1
 403 0028 9300     		lsls	r3, r2, #2
ARM GAS  C:\Users\chascha\AppData\Local\Temp\ccYfqd3z.s 			page 10


 404 002a 034A     		ldr	r2, .L45
 405 002c D158     		ldr	r1, [r2, r3]
 406 002e 0029     		cmp	r1, #0
 407 0030 ECD1     		bne	.L43
 101:utils.c       ****     }
 102:utils.c       ****     return( 0 ) ;
 408              		.loc 1 102 0
 409 0032 0020     		movs	r0, #0
 103:utils.c       **** }
 410              		.loc 1 103 0
 411 0034 38BD     		pop	{r3, r4, r5, pc}
 412              	.LVL52:
 413              	.L46:
 414 0036 00BF     		.align	2
 415              	.L45:
 416 0038 00000000 		.word	cmd_list
 417              		.cfi_endproc
 418              	.LFE69:
 419              		.size	get_func, .-get_func
 420              		.section	.rodata.str1.4,"aMS",%progbits,1
 421              		.align	2
 422              	.LC0:
 423 0000 08200800 		.ascii	"\010 \010\000"
 424              		.text
 425              	.Letext0:
 426              		.file 2 "c:\\program files (x86)\\cypress\\psoc creator\\4.2\\psoc creator\\import\\gnu\\arm\\5.4.
 427              		.file 3 "c:\\program files (x86)\\cypress\\psoc creator\\4.2\\psoc creator\\import\\gnu\\arm\\5.4.
 428              		.file 4 "utils.h"
 429              		.file 5 "Generated_Source\\PSoC5/core_cm3.h"
 430              		.file 6 "Generated_Source\\PSoC5/UART.h"
 431              		.file 7 "c:\\program files (x86)\\cypress\\psoc creator\\4.2\\psoc creator\\import\\gnu\\arm\\5.4.
 432              		.section	.debug_info,"",%progbits
 433              	.Ldebug_info0:
 434 0000 69030000 		.4byte	0x369
 435 0004 0400     		.2byte	0x4
 436 0006 00000000 		.4byte	.Ldebug_abbrev0
 437 000a 04       		.byte	0x4
 438 000b 01       		.uleb128 0x1
 439 000c 6A000000 		.4byte	.LASF33
 440 0010 0C       		.byte	0xc
 441 0011 61010000 		.4byte	.LASF34
 442 0015 3C010000 		.4byte	.LASF35
 443 0019 00000000 		.4byte	.Ldebug_ranges0+0
 444 001d 00000000 		.4byte	0
 445 0021 00000000 		.4byte	.Ldebug_line0
 446 0025 02       		.uleb128 0x2
 447 0026 01       		.byte	0x1
 448 0027 06       		.byte	0x6
 449 0028 1B020000 		.4byte	.LASF0
 450 002c 02       		.uleb128 0x2
 451 002d 01       		.byte	0x1
 452 002e 08       		.byte	0x8
 453 002f 5C000000 		.4byte	.LASF1
 454 0033 02       		.uleb128 0x2
 455 0034 02       		.byte	0x2
 456 0035 05       		.byte	0x5
 457 0036 F1010000 		.4byte	.LASF2
ARM GAS  C:\Users\chascha\AppData\Local\Temp\ccYfqd3z.s 			page 11


 458 003a 02       		.uleb128 0x2
 459 003b 02       		.byte	0x2
 460 003c 07       		.byte	0x7
 461 003d 0A010000 		.4byte	.LASF3
 462 0041 03       		.uleb128 0x3
 463 0042 26000000 		.4byte	.LASF9
 464 0046 02       		.byte	0x2
 465 0047 3F       		.byte	0x3f
 466 0048 4C000000 		.4byte	0x4c
 467 004c 02       		.uleb128 0x2
 468 004d 04       		.byte	0x4
 469 004e 05       		.byte	0x5
 470 004f 06020000 		.4byte	.LASF4
 471 0053 02       		.uleb128 0x2
 472 0054 04       		.byte	0x4
 473 0055 07       		.byte	0x7
 474 0056 F8000000 		.4byte	.LASF5
 475 005a 02       		.uleb128 0x2
 476 005b 08       		.byte	0x8
 477 005c 05       		.byte	0x5
 478 005d CB010000 		.4byte	.LASF6
 479 0061 02       		.uleb128 0x2
 480 0062 08       		.byte	0x8
 481 0063 07       		.byte	0x7
 482 0064 76010000 		.4byte	.LASF7
 483 0068 04       		.uleb128 0x4
 484 0069 04       		.byte	0x4
 485 006a 05       		.byte	0x5
 486 006b 696E7400 		.ascii	"int\000"
 487 006f 02       		.uleb128 0x2
 488 0070 04       		.byte	0x4
 489 0071 07       		.byte	0x7
 490 0072 69010000 		.4byte	.LASF8
 491 0076 03       		.uleb128 0x3
 492 0077 42000000 		.4byte	.LASF10
 493 007b 03       		.byte	0x3
 494 007c 2C       		.byte	0x2c
 495 007d 41000000 		.4byte	0x41
 496 0081 02       		.uleb128 0x2
 497 0082 04       		.byte	0x4
 498 0083 04       		.byte	0x4
 499 0084 4A000000 		.4byte	.LASF11
 500 0088 02       		.uleb128 0x2
 501 0089 08       		.byte	0x8
 502 008a 04       		.byte	0x4
 503 008b 30010000 		.4byte	.LASF12
 504 008f 02       		.uleb128 0x2
 505 0090 01       		.byte	0x1
 506 0091 08       		.byte	0x8
 507 0092 D9010000 		.4byte	.LASF13
 508 0096 02       		.uleb128 0x2
 509 0097 08       		.byte	0x8
 510 0098 04       		.byte	0x4
 511 0099 0F020000 		.4byte	.LASF14
 512 009d 02       		.uleb128 0x2
 513 009e 04       		.byte	0x4
 514 009f 07       		.byte	0x7
ARM GAS  C:\Users\chascha\AppData\Local\Temp\ccYfqd3z.s 			page 12


 515 00a0 C2010000 		.4byte	.LASF15
 516 00a4 05       		.uleb128 0x5
 517 00a5 04       		.byte	0x4
 518 00a6 8F000000 		.4byte	0x8f
 519 00aa 03       		.uleb128 0x3
 520 00ab 09000000 		.4byte	.LASF16
 521 00af 04       		.byte	0x4
 522 00b0 0C       		.byte	0xc
 523 00b1 B5000000 		.4byte	0xb5
 524 00b5 05       		.uleb128 0x5
 525 00b6 04       		.byte	0x4
 526 00b7 BB000000 		.4byte	0xbb
 527 00bb 06       		.uleb128 0x6
 528 00bc 68000000 		.4byte	0x68
 529 00c0 07       		.uleb128 0x7
 530 00c1 B5010000 		.4byte	.LASF36
 531 00c5 0C       		.byte	0xc
 532 00c6 04       		.byte	0x4
 533 00c7 0E       		.byte	0xe
 534 00c8 F1000000 		.4byte	0xf1
 535 00cc 08       		.uleb128 0x8
 536 00cd 636D6400 		.ascii	"cmd\000"
 537 00d1 04       		.byte	0x4
 538 00d2 0F       		.byte	0xf
 539 00d3 A4000000 		.4byte	0xa4
 540 00d7 00       		.byte	0
 541 00d8 09       		.uleb128 0x9
 542 00d9 37010000 		.4byte	.LASF17
 543 00dd 04       		.byte	0x4
 544 00de 10       		.byte	0x10
 545 00df AA000000 		.4byte	0xaa
 546 00e3 04       		.byte	0x4
 547 00e4 09       		.uleb128 0x9
 548 00e5 50000000 		.4byte	.LASF18
 549 00e9 04       		.byte	0x4
 550 00ea 11       		.byte	0x11
 551 00eb A4000000 		.4byte	0xa4
 552 00ef 08       		.byte	0x8
 553 00f0 00       		.byte	0
 554 00f1 03       		.uleb128 0x3
 555 00f2 36020000 		.4byte	.LASF19
 556 00f6 04       		.byte	0x4
 557 00f7 12       		.byte	0x12
 558 00f8 C0000000 		.4byte	0xc0
 559 00fc 0A       		.uleb128 0xa
 560 00fd 97010000 		.4byte	.LASF20
 561 0101 01       		.byte	0x1
 562 0102 09       		.byte	0x9
 563 0103 68000000 		.4byte	0x68
 564 0107 00000000 		.4byte	.LFB64
 565 010b 26000000 		.4byte	.LFE64-.LFB64
 566 010f 01       		.uleb128 0x1
 567 0110 9C       		.byte	0x9c
 568 0111 32010000 		.4byte	0x132
 569 0115 0B       		.uleb128 0xb
 570 0116 73747200 		.ascii	"str\000"
 571 011a 01       		.byte	0x1
ARM GAS  C:\Users\chascha\AppData\Local\Temp\ccYfqd3z.s 			page 13


 572 011b 09       		.byte	0x9
 573 011c A4000000 		.4byte	0xa4
 574 0120 00000000 		.4byte	.LLST0
 575 0124 0C       		.uleb128 0xc
 576 0125 6900     		.ascii	"i\000"
 577 0127 01       		.byte	0x1
 578 0128 0B       		.byte	0xb
 579 0129 68000000 		.4byte	0x68
 580 012d 21000000 		.4byte	.LLST1
 581 0131 00       		.byte	0
 582 0132 0A       		.uleb128 0xa
 583 0133 8D010000 		.4byte	.LASF21
 584 0137 01       		.byte	0x1
 585 0138 14       		.byte	0x14
 586 0139 68000000 		.4byte	0x68
 587 013d 00000000 		.4byte	.LFB65
 588 0141 26000000 		.4byte	.LFE65-.LFB65
 589 0145 01       		.uleb128 0x1
 590 0146 9C       		.byte	0x9c
 591 0147 68010000 		.4byte	0x168
 592 014b 0B       		.uleb128 0xb
 593 014c 73747200 		.ascii	"str\000"
 594 0150 01       		.byte	0x1
 595 0151 14       		.byte	0x14
 596 0152 A4000000 		.4byte	0xa4
 597 0156 40000000 		.4byte	.LLST2
 598 015a 0C       		.uleb128 0xc
 599 015b 6900     		.ascii	"i\000"
 600 015d 01       		.byte	0x1
 601 015e 16       		.byte	0x16
 602 015f 68000000 		.4byte	0x68
 603 0163 61000000 		.4byte	.LLST3
 604 0167 00       		.byte	0
 605 0168 0D       		.uleb128 0xd
 606 0169 1D010000 		.4byte	.LASF37
 607 016d 01       		.byte	0x1
 608 016e 1F       		.byte	0x1f
 609 016f 00000000 		.4byte	.LFB66
 610 0173 08000000 		.4byte	.LFE66-.LFB66
 611 0177 01       		.uleb128 0x1
 612 0178 9C       		.byte	0x9c
 613 0179 9E010000 		.4byte	0x19e
 614 017d 0B       		.uleb128 0xb
 615 017e 73747200 		.ascii	"str\000"
 616 0182 01       		.byte	0x1
 617 0183 1F       		.byte	0x1f
 618 0184 A4000000 		.4byte	0xa4
 619 0188 80000000 		.4byte	.LLST4
 620 018c 0E       		.uleb128 0xe
 621 018d 06000000 		.4byte	.LVL11
 622 0191 35030000 		.4byte	0x335
 623 0195 0F       		.uleb128 0xf
 624 0196 01       		.uleb128 0x1
 625 0197 50       		.byte	0x50
 626 0198 03       		.uleb128 0x3
 627 0199 F3       		.byte	0xf3
 628 019a 01       		.uleb128 0x1
ARM GAS  C:\Users\chascha\AppData\Local\Temp\ccYfqd3z.s 			page 14


 629 019b 50       		.byte	0x50
 630 019c 00       		.byte	0
 631 019d 00       		.byte	0
 632 019e 0A       		.uleb128 0xa
 633 019f FB010000 		.4byte	.LASF22
 634 01a3 01       		.byte	0x1
 635 01a4 24       		.byte	0x24
 636 01a5 68000000 		.4byte	0x68
 637 01a9 00000000 		.4byte	.LFB67
 638 01ad 5C000000 		.4byte	.LFE67-.LFB67
 639 01b1 01       		.uleb128 0x1
 640 01b2 9C       		.byte	0x9c
 641 01b3 29020000 		.4byte	0x229
 642 01b7 0B       		.uleb128 0xb
 643 01b8 73747200 		.ascii	"str\000"
 644 01bc 01       		.byte	0x1
 645 01bd 24       		.byte	0x24
 646 01be A4000000 		.4byte	0xa4
 647 01c2 A1000000 		.4byte	.LLST5
 648 01c6 0C       		.uleb128 0xc
 649 01c7 6300     		.ascii	"c\000"
 650 01c9 01       		.byte	0x1
 651 01ca 26       		.byte	0x26
 652 01cb 8F000000 		.4byte	0x8f
 653 01cf CD000000 		.4byte	.LLST6
 654 01d3 10       		.uleb128 0x10
 655 01d4 DE010000 		.4byte	.LASF23
 656 01d8 01       		.byte	0x1
 657 01d9 27       		.byte	0x27
 658 01da 68000000 		.4byte	0x68
 659 01de F6000000 		.4byte	.LLST7
 660 01e2 11       		.uleb128 0x11
 661 01e3 0C000000 		.4byte	.LVL15
 662 01e7 40030000 		.4byte	0x340
 663 01eb 11       		.uleb128 0x11
 664 01ec 12000000 		.4byte	.LVL16
 665 01f0 4B030000 		.4byte	0x34b
 666 01f4 12       		.uleb128 0x12
 667 01f5 28000000 		.4byte	.LVL20
 668 01f9 35030000 		.4byte	0x335
 669 01fd 0B020000 		.4byte	0x20b
 670 0201 0F       		.uleb128 0xf
 671 0202 01       		.uleb128 0x1
 672 0203 50       		.byte	0x50
 673 0204 05       		.uleb128 0x5
 674 0205 03       		.byte	0x3
 675 0206 00000000 		.4byte	.LC0
 676 020a 00       		.byte	0
 677 020b 12       		.uleb128 0x12
 678 020c 40000000 		.4byte	.LVL23
 679 0210 56030000 		.4byte	0x356
 680 0214 1F020000 		.4byte	0x21f
 681 0218 0F       		.uleb128 0xf
 682 0219 01       		.uleb128 0x1
 683 021a 50       		.byte	0x50
 684 021b 02       		.uleb128 0x2
 685 021c 75       		.byte	0x75
ARM GAS  C:\Users\chascha\AppData\Local\Temp\ccYfqd3z.s 			page 15


 686 021d 00       		.sleb128 0
 687 021e 00       		.byte	0
 688 021f 11       		.uleb128 0x11
 689 0220 46000000 		.4byte	.LVL25
 690 0224 56030000 		.4byte	0x356
 691 0228 00       		.byte	0
 692 0229 0A       		.uleb128 0xa
 693 022a 00000000 		.4byte	.LASF24
 694 022e 01       		.byte	0x1
 695 022f 40       		.byte	0x40
 696 0230 68000000 		.4byte	0x68
 697 0234 00000000 		.4byte	.LFB68
 698 0238 54000000 		.4byte	.LFE68-.LFB68
 699 023c 01       		.uleb128 0x1
 700 023d 9C       		.byte	0x9c
 701 023e B4020000 		.4byte	0x2b4
 702 0242 0B       		.uleb128 0xb
 703 0243 73747200 		.ascii	"str\000"
 704 0247 01       		.byte	0x1
 705 0248 40       		.byte	0x40
 706 0249 A4000000 		.4byte	0xa4
 707 024d 38010000 		.4byte	.LLST8
 708 0251 0C       		.uleb128 0xc
 709 0252 6300     		.ascii	"c\000"
 710 0254 01       		.byte	0x1
 711 0255 42       		.byte	0x42
 712 0256 8F000000 		.4byte	0x8f
 713 025a 64010000 		.4byte	.LLST9
 714 025e 10       		.uleb128 0x10
 715 025f DE010000 		.4byte	.LASF23
 716 0263 01       		.byte	0x1
 717 0264 43       		.byte	0x43
 718 0265 68000000 		.4byte	0x68
 719 0269 8D010000 		.4byte	.LLST10
 720 026d 11       		.uleb128 0x11
 721 026e 0C000000 		.4byte	.LVL31
 722 0272 40030000 		.4byte	0x340
 723 0276 11       		.uleb128 0x11
 724 0277 12000000 		.4byte	.LVL32
 725 027b 4B030000 		.4byte	0x34b
 726 027f 12       		.uleb128 0x12
 727 0280 28000000 		.4byte	.LVL36
 728 0284 35030000 		.4byte	0x335
 729 0288 96020000 		.4byte	0x296
 730 028c 0F       		.uleb128 0xf
 731 028d 01       		.uleb128 0x1
 732 028e 50       		.byte	0x50
 733 028f 05       		.uleb128 0x5
 734 0290 03       		.byte	0x3
 735 0291 00000000 		.4byte	.LC0
 736 0295 00       		.byte	0
 737 0296 12       		.uleb128 0x12
 738 0297 38000000 		.4byte	.LVL39
 739 029b 56030000 		.4byte	0x356
 740 029f AA020000 		.4byte	0x2aa
 741 02a3 0F       		.uleb128 0xf
 742 02a4 01       		.uleb128 0x1
ARM GAS  C:\Users\chascha\AppData\Local\Temp\ccYfqd3z.s 			page 16


 743 02a5 50       		.byte	0x50
 744 02a6 02       		.uleb128 0x2
 745 02a7 75       		.byte	0x75
 746 02a8 00       		.sleb128 0
 747 02a9 00       		.byte	0
 748 02aa 11       		.uleb128 0x11
 749 02ab 3E000000 		.4byte	.LVL41
 750 02af 56030000 		.4byte	0x356
 751 02b3 00       		.byte	0
 752 02b4 0A       		.uleb128 0xa
 753 02b5 30000000 		.4byte	.LASF25
 754 02b9 01       		.byte	0x1
 755 02ba 5C       		.byte	0x5c
 756 02bb AA000000 		.4byte	0xaa
 757 02bf 00000000 		.4byte	.LFB69
 758 02c3 3C000000 		.4byte	.LFE69-.LFB69
 759 02c7 01       		.uleb128 0x1
 760 02c8 9C       		.byte	0x9c
 761 02c9 0E030000 		.4byte	0x30e
 762 02cd 0B       		.uleb128 0xb
 763 02ce 636D6400 		.ascii	"cmd\000"
 764 02d2 01       		.byte	0x1
 765 02d3 5C       		.byte	0x5c
 766 02d4 A4000000 		.4byte	0xa4
 767 02d8 CF010000 		.4byte	.LLST11
 768 02dc 0C       		.uleb128 0xc
 769 02dd 6900     		.ascii	"i\000"
 770 02df 01       		.byte	0x1
 771 02e0 5E       		.byte	0x5e
 772 02e1 68000000 		.4byte	0x68
 773 02e5 FB010000 		.4byte	.LLST12
 774 02e9 12       		.uleb128 0x12
 775 02ea 08000000 		.4byte	.LVL46
 776 02ee FC000000 		.4byte	0xfc
 777 02f2 FD020000 		.4byte	0x2fd
 778 02f6 0F       		.uleb128 0xf
 779 02f7 01       		.uleb128 0x1
 780 02f8 50       		.byte	0x50
 781 02f9 02       		.uleb128 0x2
 782 02fa 75       		.byte	0x75
 783 02fb 00       		.sleb128 0
 784 02fc 00       		.byte	0
 785 02fd 0E       		.uleb128 0xe
 786 02fe 12000000 		.4byte	.LVL48
 787 0302 61030000 		.4byte	0x361
 788 0306 0F       		.uleb128 0xf
 789 0307 01       		.uleb128 0x1
 790 0308 50       		.byte	0x50
 791 0309 02       		.uleb128 0x2
 792 030a 75       		.byte	0x75
 793 030b 00       		.sleb128 0
 794 030c 00       		.byte	0
 795 030d 00       		.byte	0
 796 030e 13       		.uleb128 0x13
 797 030f 23010000 		.4byte	.LASF26
 798 0313 05       		.byte	0x5
 799 0314 1207     		.2byte	0x712
ARM GAS  C:\Users\chascha\AppData\Local\Temp\ccYfqd3z.s 			page 17


 800 0316 1A030000 		.4byte	0x31a
 801 031a 14       		.uleb128 0x14
 802 031b 76000000 		.4byte	0x76
 803 031f 15       		.uleb128 0x15
 804 0320 F1000000 		.4byte	0xf1
 805 0324 2A030000 		.4byte	0x32a
 806 0328 16       		.uleb128 0x16
 807 0329 00       		.byte	0
 808 032a 17       		.uleb128 0x17
 809 032b 39000000 		.4byte	.LASF27
 810 032f 01       		.byte	0x1
 811 0330 07       		.byte	0x7
 812 0331 1F030000 		.4byte	0x31f
 813 0335 18       		.uleb128 0x18
 814 0336 27020000 		.4byte	.LASF28
 815 033a 27020000 		.4byte	.LASF28
 816 033e 06       		.byte	0x6
 817 033f 8B       		.byte	0x8b
 818 0340 18       		.uleb128 0x18
 819 0341 11000000 		.4byte	.LASF29
 820 0345 11000000 		.4byte	.LASF29
 821 0349 06       		.byte	0x6
 822 034a 73       		.byte	0x73
 823 034b 18       		.uleb128 0x18
 824 034c E4010000 		.4byte	.LASF30
 825 0350 E4010000 		.4byte	.LASF30
 826 0354 06       		.byte	0x6
 827 0355 71       		.byte	0x71
 828 0356 18       		.uleb128 0x18
 829 0357 A8010000 		.4byte	.LASF31
 830 035b A8010000 		.4byte	.LASF31
 831 035f 06       		.byte	0x6
 832 0360 8A       		.byte	0x8a
 833 0361 18       		.uleb128 0x18
 834 0362 A1010000 		.4byte	.LASF32
 835 0366 A1010000 		.4byte	.LASF32
 836 036a 07       		.byte	0x7
 837 036b 1C       		.byte	0x1c
 838 036c 00       		.byte	0
 839              		.section	.debug_abbrev,"",%progbits
 840              	.Ldebug_abbrev0:
 841 0000 01       		.uleb128 0x1
 842 0001 11       		.uleb128 0x11
 843 0002 01       		.byte	0x1
 844 0003 25       		.uleb128 0x25
 845 0004 0E       		.uleb128 0xe
 846 0005 13       		.uleb128 0x13
 847 0006 0B       		.uleb128 0xb
 848 0007 03       		.uleb128 0x3
 849 0008 0E       		.uleb128 0xe
 850 0009 1B       		.uleb128 0x1b
 851 000a 0E       		.uleb128 0xe
 852 000b 55       		.uleb128 0x55
 853 000c 17       		.uleb128 0x17
 854 000d 11       		.uleb128 0x11
 855 000e 01       		.uleb128 0x1
 856 000f 10       		.uleb128 0x10
ARM GAS  C:\Users\chascha\AppData\Local\Temp\ccYfqd3z.s 			page 18


 857 0010 17       		.uleb128 0x17
 858 0011 00       		.byte	0
 859 0012 00       		.byte	0
 860 0013 02       		.uleb128 0x2
 861 0014 24       		.uleb128 0x24
 862 0015 00       		.byte	0
 863 0016 0B       		.uleb128 0xb
 864 0017 0B       		.uleb128 0xb
 865 0018 3E       		.uleb128 0x3e
 866 0019 0B       		.uleb128 0xb
 867 001a 03       		.uleb128 0x3
 868 001b 0E       		.uleb128 0xe
 869 001c 00       		.byte	0
 870 001d 00       		.byte	0
 871 001e 03       		.uleb128 0x3
 872 001f 16       		.uleb128 0x16
 873 0020 00       		.byte	0
 874 0021 03       		.uleb128 0x3
 875 0022 0E       		.uleb128 0xe
 876 0023 3A       		.uleb128 0x3a
 877 0024 0B       		.uleb128 0xb
 878 0025 3B       		.uleb128 0x3b
 879 0026 0B       		.uleb128 0xb
 880 0027 49       		.uleb128 0x49
 881 0028 13       		.uleb128 0x13
 882 0029 00       		.byte	0
 883 002a 00       		.byte	0
 884 002b 04       		.uleb128 0x4
 885 002c 24       		.uleb128 0x24
 886 002d 00       		.byte	0
 887 002e 0B       		.uleb128 0xb
 888 002f 0B       		.uleb128 0xb
 889 0030 3E       		.uleb128 0x3e
 890 0031 0B       		.uleb128 0xb
 891 0032 03       		.uleb128 0x3
 892 0033 08       		.uleb128 0x8
 893 0034 00       		.byte	0
 894 0035 00       		.byte	0
 895 0036 05       		.uleb128 0x5
 896 0037 0F       		.uleb128 0xf
 897 0038 00       		.byte	0
 898 0039 0B       		.uleb128 0xb
 899 003a 0B       		.uleb128 0xb
 900 003b 49       		.uleb128 0x49
 901 003c 13       		.uleb128 0x13
 902 003d 00       		.byte	0
 903 003e 00       		.byte	0
 904 003f 06       		.uleb128 0x6
 905 0040 15       		.uleb128 0x15
 906 0041 00       		.byte	0
 907 0042 27       		.uleb128 0x27
 908 0043 19       		.uleb128 0x19
 909 0044 49       		.uleb128 0x49
 910 0045 13       		.uleb128 0x13
 911 0046 00       		.byte	0
 912 0047 00       		.byte	0
 913 0048 07       		.uleb128 0x7
ARM GAS  C:\Users\chascha\AppData\Local\Temp\ccYfqd3z.s 			page 19


 914 0049 13       		.uleb128 0x13
 915 004a 01       		.byte	0x1
 916 004b 03       		.uleb128 0x3
 917 004c 0E       		.uleb128 0xe
 918 004d 0B       		.uleb128 0xb
 919 004e 0B       		.uleb128 0xb
 920 004f 3A       		.uleb128 0x3a
 921 0050 0B       		.uleb128 0xb
 922 0051 3B       		.uleb128 0x3b
 923 0052 0B       		.uleb128 0xb
 924 0053 01       		.uleb128 0x1
 925 0054 13       		.uleb128 0x13
 926 0055 00       		.byte	0
 927 0056 00       		.byte	0
 928 0057 08       		.uleb128 0x8
 929 0058 0D       		.uleb128 0xd
 930 0059 00       		.byte	0
 931 005a 03       		.uleb128 0x3
 932 005b 08       		.uleb128 0x8
 933 005c 3A       		.uleb128 0x3a
 934 005d 0B       		.uleb128 0xb
 935 005e 3B       		.uleb128 0x3b
 936 005f 0B       		.uleb128 0xb
 937 0060 49       		.uleb128 0x49
 938 0061 13       		.uleb128 0x13
 939 0062 38       		.uleb128 0x38
 940 0063 0B       		.uleb128 0xb
 941 0064 00       		.byte	0
 942 0065 00       		.byte	0
 943 0066 09       		.uleb128 0x9
 944 0067 0D       		.uleb128 0xd
 945 0068 00       		.byte	0
 946 0069 03       		.uleb128 0x3
 947 006a 0E       		.uleb128 0xe
 948 006b 3A       		.uleb128 0x3a
 949 006c 0B       		.uleb128 0xb
 950 006d 3B       		.uleb128 0x3b
 951 006e 0B       		.uleb128 0xb
 952 006f 49       		.uleb128 0x49
 953 0070 13       		.uleb128 0x13
 954 0071 38       		.uleb128 0x38
 955 0072 0B       		.uleb128 0xb
 956 0073 00       		.byte	0
 957 0074 00       		.byte	0
 958 0075 0A       		.uleb128 0xa
 959 0076 2E       		.uleb128 0x2e
 960 0077 01       		.byte	0x1
 961 0078 3F       		.uleb128 0x3f
 962 0079 19       		.uleb128 0x19
 963 007a 03       		.uleb128 0x3
 964 007b 0E       		.uleb128 0xe
 965 007c 3A       		.uleb128 0x3a
 966 007d 0B       		.uleb128 0xb
 967 007e 3B       		.uleb128 0x3b
 968 007f 0B       		.uleb128 0xb
 969 0080 27       		.uleb128 0x27
 970 0081 19       		.uleb128 0x19
ARM GAS  C:\Users\chascha\AppData\Local\Temp\ccYfqd3z.s 			page 20


 971 0082 49       		.uleb128 0x49
 972 0083 13       		.uleb128 0x13
 973 0084 11       		.uleb128 0x11
 974 0085 01       		.uleb128 0x1
 975 0086 12       		.uleb128 0x12
 976 0087 06       		.uleb128 0x6
 977 0088 40       		.uleb128 0x40
 978 0089 18       		.uleb128 0x18
 979 008a 9742     		.uleb128 0x2117
 980 008c 19       		.uleb128 0x19
 981 008d 01       		.uleb128 0x1
 982 008e 13       		.uleb128 0x13
 983 008f 00       		.byte	0
 984 0090 00       		.byte	0
 985 0091 0B       		.uleb128 0xb
 986 0092 05       		.uleb128 0x5
 987 0093 00       		.byte	0
 988 0094 03       		.uleb128 0x3
 989 0095 08       		.uleb128 0x8
 990 0096 3A       		.uleb128 0x3a
 991 0097 0B       		.uleb128 0xb
 992 0098 3B       		.uleb128 0x3b
 993 0099 0B       		.uleb128 0xb
 994 009a 49       		.uleb128 0x49
 995 009b 13       		.uleb128 0x13
 996 009c 02       		.uleb128 0x2
 997 009d 17       		.uleb128 0x17
 998 009e 00       		.byte	0
 999 009f 00       		.byte	0
 1000 00a0 0C       		.uleb128 0xc
 1001 00a1 34       		.uleb128 0x34
 1002 00a2 00       		.byte	0
 1003 00a3 03       		.uleb128 0x3
 1004 00a4 08       		.uleb128 0x8
 1005 00a5 3A       		.uleb128 0x3a
 1006 00a6 0B       		.uleb128 0xb
 1007 00a7 3B       		.uleb128 0x3b
 1008 00a8 0B       		.uleb128 0xb
 1009 00a9 49       		.uleb128 0x49
 1010 00aa 13       		.uleb128 0x13
 1011 00ab 02       		.uleb128 0x2
 1012 00ac 17       		.uleb128 0x17
 1013 00ad 00       		.byte	0
 1014 00ae 00       		.byte	0
 1015 00af 0D       		.uleb128 0xd
 1016 00b0 2E       		.uleb128 0x2e
 1017 00b1 01       		.byte	0x1
 1018 00b2 3F       		.uleb128 0x3f
 1019 00b3 19       		.uleb128 0x19
 1020 00b4 03       		.uleb128 0x3
 1021 00b5 0E       		.uleb128 0xe
 1022 00b6 3A       		.uleb128 0x3a
 1023 00b7 0B       		.uleb128 0xb
 1024 00b8 3B       		.uleb128 0x3b
 1025 00b9 0B       		.uleb128 0xb
 1026 00ba 27       		.uleb128 0x27
 1027 00bb 19       		.uleb128 0x19
ARM GAS  C:\Users\chascha\AppData\Local\Temp\ccYfqd3z.s 			page 21


 1028 00bc 11       		.uleb128 0x11
 1029 00bd 01       		.uleb128 0x1
 1030 00be 12       		.uleb128 0x12
 1031 00bf 06       		.uleb128 0x6
 1032 00c0 40       		.uleb128 0x40
 1033 00c1 18       		.uleb128 0x18
 1034 00c2 9742     		.uleb128 0x2117
 1035 00c4 19       		.uleb128 0x19
 1036 00c5 01       		.uleb128 0x1
 1037 00c6 13       		.uleb128 0x13
 1038 00c7 00       		.byte	0
 1039 00c8 00       		.byte	0
 1040 00c9 0E       		.uleb128 0xe
 1041 00ca 898201   		.uleb128 0x4109
 1042 00cd 01       		.byte	0x1
 1043 00ce 11       		.uleb128 0x11
 1044 00cf 01       		.uleb128 0x1
 1045 00d0 31       		.uleb128 0x31
 1046 00d1 13       		.uleb128 0x13
 1047 00d2 00       		.byte	0
 1048 00d3 00       		.byte	0
 1049 00d4 0F       		.uleb128 0xf
 1050 00d5 8A8201   		.uleb128 0x410a
 1051 00d8 00       		.byte	0
 1052 00d9 02       		.uleb128 0x2
 1053 00da 18       		.uleb128 0x18
 1054 00db 9142     		.uleb128 0x2111
 1055 00dd 18       		.uleb128 0x18
 1056 00de 00       		.byte	0
 1057 00df 00       		.byte	0
 1058 00e0 10       		.uleb128 0x10
 1059 00e1 34       		.uleb128 0x34
 1060 00e2 00       		.byte	0
 1061 00e3 03       		.uleb128 0x3
 1062 00e4 0E       		.uleb128 0xe
 1063 00e5 3A       		.uleb128 0x3a
 1064 00e6 0B       		.uleb128 0xb
 1065 00e7 3B       		.uleb128 0x3b
 1066 00e8 0B       		.uleb128 0xb
 1067 00e9 49       		.uleb128 0x49
 1068 00ea 13       		.uleb128 0x13
 1069 00eb 02       		.uleb128 0x2
 1070 00ec 17       		.uleb128 0x17
 1071 00ed 00       		.byte	0
 1072 00ee 00       		.byte	0
 1073 00ef 11       		.uleb128 0x11
 1074 00f0 898201   		.uleb128 0x4109
 1075 00f3 00       		.byte	0
 1076 00f4 11       		.uleb128 0x11
 1077 00f5 01       		.uleb128 0x1
 1078 00f6 31       		.uleb128 0x31
 1079 00f7 13       		.uleb128 0x13
 1080 00f8 00       		.byte	0
 1081 00f9 00       		.byte	0
 1082 00fa 12       		.uleb128 0x12
 1083 00fb 898201   		.uleb128 0x4109
 1084 00fe 01       		.byte	0x1
ARM GAS  C:\Users\chascha\AppData\Local\Temp\ccYfqd3z.s 			page 22


 1085 00ff 11       		.uleb128 0x11
 1086 0100 01       		.uleb128 0x1
 1087 0101 31       		.uleb128 0x31
 1088 0102 13       		.uleb128 0x13
 1089 0103 01       		.uleb128 0x1
 1090 0104 13       		.uleb128 0x13
 1091 0105 00       		.byte	0
 1092 0106 00       		.byte	0
 1093 0107 13       		.uleb128 0x13
 1094 0108 34       		.uleb128 0x34
 1095 0109 00       		.byte	0
 1096 010a 03       		.uleb128 0x3
 1097 010b 0E       		.uleb128 0xe
 1098 010c 3A       		.uleb128 0x3a
 1099 010d 0B       		.uleb128 0xb
 1100 010e 3B       		.uleb128 0x3b
 1101 010f 05       		.uleb128 0x5
 1102 0110 49       		.uleb128 0x49
 1103 0111 13       		.uleb128 0x13
 1104 0112 3F       		.uleb128 0x3f
 1105 0113 19       		.uleb128 0x19
 1106 0114 3C       		.uleb128 0x3c
 1107 0115 19       		.uleb128 0x19
 1108 0116 00       		.byte	0
 1109 0117 00       		.byte	0
 1110 0118 14       		.uleb128 0x14
 1111 0119 35       		.uleb128 0x35
 1112 011a 00       		.byte	0
 1113 011b 49       		.uleb128 0x49
 1114 011c 13       		.uleb128 0x13
 1115 011d 00       		.byte	0
 1116 011e 00       		.byte	0
 1117 011f 15       		.uleb128 0x15
 1118 0120 01       		.uleb128 0x1
 1119 0121 01       		.byte	0x1
 1120 0122 49       		.uleb128 0x49
 1121 0123 13       		.uleb128 0x13
 1122 0124 01       		.uleb128 0x1
 1123 0125 13       		.uleb128 0x13
 1124 0126 00       		.byte	0
 1125 0127 00       		.byte	0
 1126 0128 16       		.uleb128 0x16
 1127 0129 21       		.uleb128 0x21
 1128 012a 00       		.byte	0
 1129 012b 00       		.byte	0
 1130 012c 00       		.byte	0
 1131 012d 17       		.uleb128 0x17
 1132 012e 34       		.uleb128 0x34
 1133 012f 00       		.byte	0
 1134 0130 03       		.uleb128 0x3
 1135 0131 0E       		.uleb128 0xe
 1136 0132 3A       		.uleb128 0x3a
 1137 0133 0B       		.uleb128 0xb
 1138 0134 3B       		.uleb128 0x3b
 1139 0135 0B       		.uleb128 0xb
 1140 0136 49       		.uleb128 0x49
 1141 0137 13       		.uleb128 0x13
ARM GAS  C:\Users\chascha\AppData\Local\Temp\ccYfqd3z.s 			page 23


 1142 0138 3F       		.uleb128 0x3f
 1143 0139 19       		.uleb128 0x19
 1144 013a 3C       		.uleb128 0x3c
 1145 013b 19       		.uleb128 0x19
 1146 013c 00       		.byte	0
 1147 013d 00       		.byte	0
 1148 013e 18       		.uleb128 0x18
 1149 013f 2E       		.uleb128 0x2e
 1150 0140 00       		.byte	0
 1151 0141 3F       		.uleb128 0x3f
 1152 0142 19       		.uleb128 0x19
 1153 0143 3C       		.uleb128 0x3c
 1154 0144 19       		.uleb128 0x19
 1155 0145 6E       		.uleb128 0x6e
 1156 0146 0E       		.uleb128 0xe
 1157 0147 03       		.uleb128 0x3
 1158 0148 0E       		.uleb128 0xe
 1159 0149 3A       		.uleb128 0x3a
 1160 014a 0B       		.uleb128 0xb
 1161 014b 3B       		.uleb128 0x3b
 1162 014c 0B       		.uleb128 0xb
 1163 014d 00       		.byte	0
 1164 014e 00       		.byte	0
 1165 014f 00       		.byte	0
 1166              		.section	.debug_loc,"",%progbits
 1167              	.Ldebug_loc0:
 1168              	.LLST0:
 1169 0000 00000000 		.4byte	.LVL0
 1170 0004 22000000 		.4byte	.LVL4
 1171 0008 0100     		.2byte	0x1
 1172 000a 50       		.byte	0x50
 1173 000b 22000000 		.4byte	.LVL4
 1174 000f 26000000 		.4byte	.LFE64
 1175 0013 0400     		.2byte	0x4
 1176 0015 F3       		.byte	0xf3
 1177 0016 01       		.uleb128 0x1
 1178 0017 50       		.byte	0x50
 1179 0018 9F       		.byte	0x9f
 1180 0019 00000000 		.4byte	0
 1181 001d 00000000 		.4byte	0
 1182              	.LLST1:
 1183 0021 02000000 		.4byte	.LVL1
 1184 0025 06000000 		.4byte	.LVL2
 1185 0029 0200     		.2byte	0x2
 1186 002b 30       		.byte	0x30
 1187 002c 9F       		.byte	0x9f
 1188 002d 06000000 		.4byte	.LVL2
 1189 0031 26000000 		.4byte	.LFE64
 1190 0035 0100     		.2byte	0x1
 1191 0037 52       		.byte	0x52
 1192 0038 00000000 		.4byte	0
 1193 003c 00000000 		.4byte	0
 1194              	.LLST2:
 1195 0040 00000000 		.4byte	.LVL5
 1196 0044 22000000 		.4byte	.LVL9
 1197 0048 0100     		.2byte	0x1
 1198 004a 50       		.byte	0x50
ARM GAS  C:\Users\chascha\AppData\Local\Temp\ccYfqd3z.s 			page 24


 1199 004b 22000000 		.4byte	.LVL9
 1200 004f 26000000 		.4byte	.LFE65
 1201 0053 0400     		.2byte	0x4
 1202 0055 F3       		.byte	0xf3
 1203 0056 01       		.uleb128 0x1
 1204 0057 50       		.byte	0x50
 1205 0058 9F       		.byte	0x9f
 1206 0059 00000000 		.4byte	0
 1207 005d 00000000 		.4byte	0
 1208              	.LLST3:
 1209 0061 02000000 		.4byte	.LVL6
 1210 0065 06000000 		.4byte	.LVL7
 1211 0069 0200     		.2byte	0x2
 1212 006b 30       		.byte	0x30
 1213 006c 9F       		.byte	0x9f
 1214 006d 06000000 		.4byte	.LVL7
 1215 0071 26000000 		.4byte	.LFE65
 1216 0075 0100     		.2byte	0x1
 1217 0077 52       		.byte	0x52
 1218 0078 00000000 		.4byte	0
 1219 007c 00000000 		.4byte	0
 1220              	.LLST4:
 1221 0080 00000000 		.4byte	.LVL10
 1222 0084 05000000 		.4byte	.LVL11-1
 1223 0088 0100     		.2byte	0x1
 1224 008a 50       		.byte	0x50
 1225 008b 05000000 		.4byte	.LVL11-1
 1226 008f 08000000 		.4byte	.LFE66
 1227 0093 0400     		.2byte	0x4
 1228 0095 F3       		.byte	0xf3
 1229 0096 01       		.uleb128 0x1
 1230 0097 50       		.byte	0x50
 1231 0098 9F       		.byte	0x9f
 1232 0099 00000000 		.4byte	0
 1233 009d 00000000 		.4byte	0
 1234              	.LLST5:
 1235 00a1 00000000 		.4byte	.LVL12
 1236 00a5 08000000 		.4byte	.LVL14
 1237 00a9 0100     		.2byte	0x1
 1238 00ab 50       		.byte	0x50
 1239 00ac 08000000 		.4byte	.LVL14
 1240 00b0 56000000 		.4byte	.LVL27
 1241 00b4 0100     		.2byte	0x1
 1242 00b6 56       		.byte	0x56
 1243 00b7 56000000 		.4byte	.LVL27
 1244 00bb 5C000000 		.4byte	.LFE67
 1245 00bf 0400     		.2byte	0x4
 1246 00c1 F3       		.byte	0xf3
 1247 00c2 01       		.uleb128 0x1
 1248 00c3 50       		.byte	0x50
 1249 00c4 9F       		.byte	0x9f
 1250 00c5 00000000 		.4byte	0
 1251 00c9 00000000 		.4byte	0
 1252              	.LLST6:
 1253 00cd 14000000 		.4byte	.LVL17
 1254 00d1 24000000 		.4byte	.LVL19
 1255 00d5 0100     		.2byte	0x1
ARM GAS  C:\Users\chascha\AppData\Local\Temp\ccYfqd3z.s 			page 25


 1256 00d7 50       		.byte	0x50
 1257 00d8 2A000000 		.4byte	.LVL21
 1258 00dc 3C000000 		.4byte	.LVL22
 1259 00e0 0100     		.2byte	0x1
 1260 00e2 50       		.byte	0x50
 1261 00e3 42000000 		.4byte	.LVL24
 1262 00e7 45000000 		.4byte	.LVL25-1
 1263 00eb 0100     		.2byte	0x1
 1264 00ed 50       		.byte	0x50
 1265 00ee 00000000 		.4byte	0
 1266 00f2 00000000 		.4byte	0
 1267              	.LLST7:
 1268 00f6 04000000 		.4byte	.LVL13
 1269 00fa 08000000 		.4byte	.LVL14
 1270 00fe 0200     		.2byte	0x2
 1271 0100 30       		.byte	0x30
 1272 0101 9F       		.byte	0x9f
 1273 0102 08000000 		.4byte	.LVL14
 1274 0106 46000000 		.4byte	.LVL25
 1275 010a 0100     		.2byte	0x1
 1276 010c 54       		.byte	0x54
 1277 010d 46000000 		.4byte	.LVL25
 1278 0111 4A000000 		.4byte	.LVL26
 1279 0115 0300     		.2byte	0x3
 1280 0117 74       		.byte	0x74
 1281 0118 01       		.sleb128 1
 1282 0119 9F       		.byte	0x9f
 1283 011a 4A000000 		.4byte	.LVL26
 1284 011e 56000000 		.4byte	.LVL27
 1285 0122 0100     		.2byte	0x1
 1286 0124 54       		.byte	0x54
 1287 0125 56000000 		.4byte	.LVL27
 1288 0129 5C000000 		.4byte	.LFE67
 1289 012d 0100     		.2byte	0x1
 1290 012f 50       		.byte	0x50
 1291 0130 00000000 		.4byte	0
 1292 0134 00000000 		.4byte	0
 1293              	.LLST8:
 1294 0138 00000000 		.4byte	.LVL28
 1295 013c 08000000 		.4byte	.LVL30
 1296 0140 0100     		.2byte	0x1
 1297 0142 50       		.byte	0x50
 1298 0143 08000000 		.4byte	.LVL30
 1299 0147 4E000000 		.4byte	.LVL43
 1300 014b 0100     		.2byte	0x1
 1301 014d 56       		.byte	0x56
 1302 014e 4E000000 		.4byte	.LVL43
 1303 0152 54000000 		.4byte	.LFE68
 1304 0156 0400     		.2byte	0x4
 1305 0158 F3       		.byte	0xf3
 1306 0159 01       		.uleb128 0x1
 1307 015a 50       		.byte	0x50
 1308 015b 9F       		.byte	0x9f
 1309 015c 00000000 		.4byte	0
 1310 0160 00000000 		.4byte	0
 1311              	.LLST9:
 1312 0164 14000000 		.4byte	.LVL33
ARM GAS  C:\Users\chascha\AppData\Local\Temp\ccYfqd3z.s 			page 26


 1313 0168 24000000 		.4byte	.LVL35
 1314 016c 0100     		.2byte	0x1
 1315 016e 50       		.byte	0x50
 1316 016f 2A000000 		.4byte	.LVL37
 1317 0173 34000000 		.4byte	.LVL38
 1318 0177 0100     		.2byte	0x1
 1319 0179 50       		.byte	0x50
 1320 017a 3A000000 		.4byte	.LVL40
 1321 017e 3D000000 		.4byte	.LVL41-1
 1322 0182 0100     		.2byte	0x1
 1323 0184 50       		.byte	0x50
 1324 0185 00000000 		.4byte	0
 1325 0189 00000000 		.4byte	0
 1326              	.LLST10:
 1327 018d 04000000 		.4byte	.LVL29
 1328 0191 08000000 		.4byte	.LVL30
 1329 0195 0200     		.2byte	0x2
 1330 0197 30       		.byte	0x30
 1331 0198 9F       		.byte	0x9f
 1332 0199 08000000 		.4byte	.LVL30
 1333 019d 3E000000 		.4byte	.LVL41
 1334 01a1 0100     		.2byte	0x1
 1335 01a3 54       		.byte	0x54
 1336 01a4 3E000000 		.4byte	.LVL41
 1337 01a8 42000000 		.4byte	.LVL42
 1338 01ac 0300     		.2byte	0x3
 1339 01ae 74       		.byte	0x74
 1340 01af 01       		.sleb128 1
 1341 01b0 9F       		.byte	0x9f
 1342 01b1 42000000 		.4byte	.LVL42
 1343 01b5 4E000000 		.4byte	.LVL43
 1344 01b9 0100     		.2byte	0x1
 1345 01bb 54       		.byte	0x54
 1346 01bc 4E000000 		.4byte	.LVL43
 1347 01c0 54000000 		.4byte	.LFE68
 1348 01c4 0100     		.2byte	0x1
 1349 01c6 50       		.byte	0x50
 1350 01c7 00000000 		.4byte	0
 1351 01cb 00000000 		.4byte	0
 1352              	.LLST11:
 1353 01cf 00000000 		.4byte	.LVL44
 1354 01d3 07000000 		.4byte	.LVL46-1
 1355 01d7 0100     		.2byte	0x1
 1356 01d9 50       		.byte	0x50
 1357 01da 07000000 		.4byte	.LVL46-1
 1358 01de 36000000 		.4byte	.LVL52
 1359 01e2 0100     		.2byte	0x1
 1360 01e4 55       		.byte	0x55
 1361 01e5 36000000 		.4byte	.LVL52
 1362 01e9 3C000000 		.4byte	.LFE69
 1363 01ed 0400     		.2byte	0x4
 1364 01ef F3       		.byte	0xf3
 1365 01f0 01       		.uleb128 0x1
 1366 01f1 50       		.byte	0x50
 1367 01f2 9F       		.byte	0x9f
 1368 01f3 00000000 		.4byte	0
 1369 01f7 00000000 		.4byte	0
ARM GAS  C:\Users\chascha\AppData\Local\Temp\ccYfqd3z.s 			page 27


 1370              	.LLST12:
 1371 01fb 04000000 		.4byte	.LVL45
 1372 01ff 0C000000 		.4byte	.LVL47
 1373 0203 0200     		.2byte	0x2
 1374 0205 30       		.byte	0x30
 1375 0206 9F       		.byte	0x9f
 1376 0207 0C000000 		.4byte	.LVL47
 1377 020b 18000000 		.4byte	.LVL49
 1378 020f 0100     		.2byte	0x1
 1379 0211 54       		.byte	0x54
 1380 0212 22000000 		.4byte	.LVL50
 1381 0216 36000000 		.4byte	.LVL52
 1382 021a 0100     		.2byte	0x1
 1383 021c 54       		.byte	0x54
 1384 021d 00000000 		.4byte	0
 1385 0221 00000000 		.4byte	0
 1386              		.section	.debug_aranges,"",%progbits
 1387 0000 44000000 		.4byte	0x44
 1388 0004 0200     		.2byte	0x2
 1389 0006 00000000 		.4byte	.Ldebug_info0
 1390 000a 04       		.byte	0x4
 1391 000b 00       		.byte	0
 1392 000c 0000     		.2byte	0
 1393 000e 0000     		.2byte	0
 1394 0010 00000000 		.4byte	.LFB64
 1395 0014 26000000 		.4byte	.LFE64-.LFB64
 1396 0018 00000000 		.4byte	.LFB65
 1397 001c 26000000 		.4byte	.LFE65-.LFB65
 1398 0020 00000000 		.4byte	.LFB66
 1399 0024 08000000 		.4byte	.LFE66-.LFB66
 1400 0028 00000000 		.4byte	.LFB67
 1401 002c 5C000000 		.4byte	.LFE67-.LFB67
 1402 0030 00000000 		.4byte	.LFB68
 1403 0034 54000000 		.4byte	.LFE68-.LFB68
 1404 0038 00000000 		.4byte	.LFB69
 1405 003c 3C000000 		.4byte	.LFE69-.LFB69
 1406 0040 00000000 		.4byte	0
 1407 0044 00000000 		.4byte	0
 1408              		.section	.debug_ranges,"",%progbits
 1409              	.Ldebug_ranges0:
 1410 0000 00000000 		.4byte	.LFB64
 1411 0004 26000000 		.4byte	.LFE64
 1412 0008 00000000 		.4byte	.LFB65
 1413 000c 26000000 		.4byte	.LFE65
 1414 0010 00000000 		.4byte	.LFB66
 1415 0014 08000000 		.4byte	.LFE66
 1416 0018 00000000 		.4byte	.LFB67
 1417 001c 5C000000 		.4byte	.LFE67
 1418 0020 00000000 		.4byte	.LFB68
 1419 0024 54000000 		.4byte	.LFE68
 1420 0028 00000000 		.4byte	.LFB69
 1421 002c 3C000000 		.4byte	.LFE69
 1422 0030 00000000 		.4byte	0
 1423 0034 00000000 		.4byte	0
 1424              		.section	.debug_line,"",%progbits
 1425              	.Ldebug_line0:
 1426 0000 9F020000 		.section	.debug_str,"MS",%progbits,1
ARM GAS  C:\Users\chascha\AppData\Local\Temp\ccYfqd3z.s 			page 28


 1426      0200C901 
 1426      00000201 
 1426      FB0E0D00 
 1426      01010101 
 1427              	.LASF24:
 1428 0000 6765745F 		.ascii	"get_line\000"
 1428      6C696E65 
 1428      00
 1429              	.LASF16:
 1430 0009 46756E63 		.ascii	"FuncPtr\000"
 1430      50747200 
 1431              	.LASF29:
 1432 0011 55415254 		.ascii	"UART_GetRxBufferSize\000"
 1432      5F476574 
 1432      52784275 
 1432      66666572 
 1432      53697A65 
 1433              	.LASF9:
 1434 0026 5F5F696E 		.ascii	"__int32_t\000"
 1434      7433325F 
 1434      7400
 1435              	.LASF25:
 1436 0030 6765745F 		.ascii	"get_func\000"
 1436      66756E63 
 1436      00
 1437              	.LASF27:
 1438 0039 636D645F 		.ascii	"cmd_list\000"
 1438      6C697374 
 1438      00
 1439              	.LASF10:
 1440 0042 696E7433 		.ascii	"int32_t\000"
 1440      325F7400 
 1441              	.LASF11:
 1442 004a 666C6F61 		.ascii	"float\000"
 1442      7400
 1443              	.LASF18:
 1444 0050 64657363 		.ascii	"description\000"
 1444      72697074 
 1444      696F6E00 
 1445              	.LASF1:
 1446 005c 756E7369 		.ascii	"unsigned char\000"
 1446      676E6564 
 1446      20636861 
 1446      7200
 1447              	.LASF33:
 1448 006a 474E5520 		.ascii	"GNU C11 5.4.1 20160609 (release) [ARM/embedded-5-br"
 1448      43313120 
 1448      352E342E 
 1448      31203230 
 1448      31363036 
 1449 009d 616E6368 		.ascii	"anch revision 237715] -mcpu=cortex-m3 -mthumb -g -O"
 1449      20726576 
 1449      6973696F 
 1449      6E203233 
 1449      37373135 
 1450 00d0 67202D66 		.ascii	"g -ffunction-sections -ffat-lto-objects\000"
 1450      66756E63 
ARM GAS  C:\Users\chascha\AppData\Local\Temp\ccYfqd3z.s 			page 29


 1450      74696F6E 
 1450      2D736563 
 1450      74696F6E 
 1451              	.LASF5:
 1452 00f8 6C6F6E67 		.ascii	"long unsigned int\000"
 1452      20756E73 
 1452      69676E65 
 1452      6420696E 
 1452      7400
 1453              	.LASF3:
 1454 010a 73686F72 		.ascii	"short unsigned int\000"
 1454      7420756E 
 1454      7369676E 
 1454      65642069 
 1454      6E7400
 1455              	.LASF37:
 1456 011d 7072696E 		.ascii	"print\000"
 1456      7400
 1457              	.LASF26:
 1458 0123 49544D5F 		.ascii	"ITM_RxBuffer\000"
 1458      52784275 
 1458      66666572 
 1458      00
 1459              	.LASF12:
 1460 0130 646F7562 		.ascii	"double\000"
 1460      6C6500
 1461              	.LASF17:
 1462 0137 66756E63 		.ascii	"func\000"
 1462      00
 1463              	.LASF35:
 1464 013c 453A5C53 		.ascii	"E:\\SP21\\ECE405\\BioLock\\BioLock.cydsn\000"
 1464      5032315C 
 1464      45434534 
 1464      30355C42 
 1464      696F4C6F 
 1465              	.LASF34:
 1466 0161 7574696C 		.ascii	"utils.c\000"
 1466      732E6300 
 1467              	.LASF8:
 1468 0169 756E7369 		.ascii	"unsigned int\000"
 1468      676E6564 
 1468      20696E74 
 1468      00
 1469              	.LASF7:
 1470 0176 6C6F6E67 		.ascii	"long long unsigned int\000"
 1470      206C6F6E 
 1470      6720756E 
 1470      7369676E 
 1470      65642069 
 1471              	.LASF21:
 1472 018d 73747232 		.ascii	"str2upper\000"
 1472      75707065 
 1472      7200
 1473              	.LASF20:
 1474 0197 73747232 		.ascii	"str2lower\000"
 1474      6C6F7765 
 1474      7200
ARM GAS  C:\Users\chascha\AppData\Local\Temp\ccYfqd3z.s 			page 30


 1475              	.LASF32:
 1476 01a1 73747263 		.ascii	"strcmp\000"
 1476      6D7000
 1477              	.LASF31:
 1478 01a8 55415254 		.ascii	"UART_PutChar\000"
 1478      5F507574 
 1478      43686172 
 1478      00
 1479              	.LASF36:
 1480 01b5 5F636D64 		.ascii	"_cmd_func_st\000"
 1480      5F66756E 
 1480      635F7374 
 1480      00
 1481              	.LASF15:
 1482 01c2 73697A65 		.ascii	"sizetype\000"
 1482      74797065 
 1482      00
 1483              	.LASF6:
 1484 01cb 6C6F6E67 		.ascii	"long long int\000"
 1484      206C6F6E 
 1484      6720696E 
 1484      7400
 1485              	.LASF13:
 1486 01d9 63686172 		.ascii	"char\000"
 1486      00
 1487              	.LASF23:
 1488 01de 696E6465 		.ascii	"index\000"
 1488      7800
 1489              	.LASF30:
 1490 01e4 55415254 		.ascii	"UART_GetChar\000"
 1490      5F476574 
 1490      43686172 
 1490      00
 1491              	.LASF2:
 1492 01f1 73686F72 		.ascii	"short int\000"
 1492      7420696E 
 1492      7400
 1493              	.LASF22:
 1494 01fb 6765745F 		.ascii	"get_string\000"
 1494      73747269 
 1494      6E6700
 1495              	.LASF4:
 1496 0206 6C6F6E67 		.ascii	"long int\000"
 1496      20696E74 
 1496      00
 1497              	.LASF14:
 1498 020f 6C6F6E67 		.ascii	"long double\000"
 1498      20646F75 
 1498      626C6500 
 1499              	.LASF0:
 1500 021b 7369676E 		.ascii	"signed char\000"
 1500      65642063 
 1500      68617200 
 1501              	.LASF28:
 1502 0227 55415254 		.ascii	"UART_PutString\000"
 1502      5F507574 
 1502      53747269 
ARM GAS  C:\Users\chascha\AppData\Local\Temp\ccYfqd3z.s 			page 31


 1502      6E6700
 1503              	.LASF19:
 1504 0236 636D645F 		.ascii	"cmd_func_type\000"
 1504      66756E63 
 1504      5F747970 
 1504      6500
 1505              		.ident	"GCC: (GNU Tools for ARM Embedded Processors) 5.4.1 20160609 (release) [ARM/embedded-5-bran
